2019-04-18 01:02:36,424 INFO [twinkle_GNWJsPa]                 Book.java:473  | 1 sheet in media\sheets\twinkle_GNWJsPa.pdf
2019-04-18 01:02:37,078 INFO []                 Book.java:1660 | Stored /book.xml
2019-04-18 01:02:37,079 INFO []                 Book.java:1613 | Book stored as media\mxl\twinkle_GNWJsPa\twinkle_GNWJsPa.omr
2019-04-18 01:02:37,100 INFO []                 Book.java:1327 | Book reaching PAGE on sheets:[#1]
2019-04-18 01:02:37,109 INFO [twinkle_GNWJsPa]       StepMonitoring.java:93   | LOAD
2019-04-18 01:02:38,244 INFO [twinkle_GNWJsPa]                 Book.java:1226 | Loaded image 1 2549x3299 from media\sheets\twinkle_GNWJsPa.pdf
2019-04-18 01:02:38,294 INFO [twinkle_GNWJsPa]       StepMonitoring.java:93   | BINARY
2019-04-18 01:02:40,010 INFO [twinkle_GNWJsPa]       StepMonitoring.java:93   | SCALE
2019-04-18 01:02:40,051 INFO [twinkle_GNWJsPa]         ScaleBuilder.java:557  | Second combo peak too different (182,182,182), ignored
2019-04-18 01:02:40,063 INFO [twinkle_GNWJsPa]         ScaleBuilder.java:492  | Beam minHeight:5 maxHeight:17 quorum:689
2019-04-18 01:02:40,065 INFO [twinkle_GNWJsPa]         ScaleBuilder.java:235  | No beam key found, guessed value: 11
2019-04-18 01:02:40,067 INFO [twinkle_GNWJsPa]            ScaleStep.java:84   | Scale{line(1,1,2) interline(17,18,18) beam(11 extra)}
2019-04-18 01:02:40,070 INFO [twinkle_GNWJsPa]       StepMonitoring.java:93   | GRID
2019-04-18 01:02:40,603 INFO [twinkle_GNWJsPa]       LinesRetriever.java:447  | Global slope: 0.00000
2019-04-18 01:02:40,665 INFO [twinkle_GNWJsPa]    ClustersRetriever.java:235  | Retrieved line clusters: 3 of size: 5 with interline: interline(17,18,18)
2019-04-18 01:02:40,887 INFO [twinkle_GNWJsPa]            PeakGraph.java:177  | Systems: #1[1] #2[2] #3[3]
2019-04-18 01:02:41,409 INFO [twinkle_GNWJsPa]        SystemManager.java:731  | 1 part along 3 systems
2019-04-18 01:02:41,416 INFO [twinkle_GNWJsPa]       StepMonitoring.java:93   | HEADERS
2019-04-18 01:02:41,968 INFO [twinkle_GNWJsPa]      BasicClassifier.java:362  | Classifier loaded XML norms.
2019-04-18 01:02:41,981 INFO [twinkle_GNWJsPa]   AbstractClassifier.java:348  | Classifier data loaded from default uri file:///C:/Users/Ally/My%20Documents/Capstone/CapstoneDB/res/basic-classifier.zip
2019-04-18 01:02:43,804 INFO [twinkle_GNWJsPa]       StepMonitoring.java:93   | STEM_SEEDS
2019-04-18 01:02:43,924 INFO [twinkle_GNWJsPa]        StemSeedsStep.java:93   | stem(1 max:4)
2019-04-18 01:02:44,005 INFO [twinkle_GNWJsPa]       StepMonitoring.java:93   | BEAMS
2019-04-18 01:02:52,508 INFO [twinkle_GNWJsPa]       BlackHeadSizer.java:95   | Spots black-head retrieval diameter: 16.2
2019-04-18 01:02:52,590 INFO [twinkle_GNWJsPa]       BlackHeadSizer.java:243  | Core black head count: 16 blackHead(width:21.0~0.0 height:17.8~1.0)
2019-04-18 01:02:52,594 INFO [twinkle_GNWJsPa]       BlackHeadSizer.java:248  | MusicFont{name:MusicalSymbols pointSize:70}
2019-04-18 01:02:52,694 INFO [twinkle_GNWJsPa]       StepMonitoring.java:93   | LEDGERS
2019-04-18 01:02:52,924 INFO [twinkle_GNWJsPa]       StepMonitoring.java:93   | HEADS
2019-04-18 01:02:55,163 INFO [twinkle_GNWJsPa]       StepMonitoring.java:93   | STEMS
2019-04-18 01:02:55,355 INFO [twinkle_GNWJsPa]       StepMonitoring.java:93   | REDUCTION
2019-04-18 01:02:55,446 INFO [twinkle_GNWJsPa]       StepMonitoring.java:93   | CUE_BEAMS
2019-04-18 01:02:55,484 INFO [twinkle_GNWJsPa]       StepMonitoring.java:93   | TEXTS
2019-04-18 01:03:00,596 INFO [twinkle_GNWJsPa]       StepMonitoring.java:93   | MEASURES
2019-04-18 01:03:00,624 INFO [twinkle_GNWJsPa]                 Page.java:251  | 12 raw measures: [4 in system#1, 4 in system#2, 4 in system#3]
2019-04-18 01:03:00,624 INFO [twinkle_GNWJsPa]       StepMonitoring.java:93   | CHORDS
2019-04-18 01:03:00,669 INFO [twinkle_GNWJsPa]       StepMonitoring.java:93   | CURVES
2019-04-18 01:03:01,920 INFO [twinkle_GNWJsPa]         SlursBuilder.java:156  | Slurs: 0
2019-04-18 01:03:01,951 INFO [twinkle_GNWJsPa]      SegmentsBuilder.java:110  | Segments: 20
2019-04-18 01:03:01,971 INFO [twinkle_GNWJsPa]       StepMonitoring.java:93   | SYMBOLS
2019-04-18 01:03:02,333 INFO [twinkle_GNWJsPa]       StepMonitoring.java:93   | LINKS
2019-04-18 01:03:02,361 INFO [twinkle_GNWJsPa]       StepMonitoring.java:93   | RHYTHMS
2019-04-18 01:03:02,483 INFO [twinkle_GNWJsPa]       StepMonitoring.java:93   | PAGE
2019-04-18 01:03:02,501 INFO [twinkle_GNWJsPa]            SheetStub.java:974  | Stub#1 storing
2019-04-18 01:03:02,520 INFO [twinkle_GNWJsPa]                 Book.java:1660 | Stored /book.xml
2019-04-18 01:03:02,804 INFO [twinkle_GNWJsPa]              Picture.java:784  | Stored /sheet#1/BINARY.xml
2019-04-18 01:03:03,635 INFO [twinkle_GNWJsPa]                Sheet.java:1246 | Stored /sheet#1/sheet#1.xml
2019-04-18 01:03:03,660 INFO [twinkle_GNWJsPa]            SheetStub.java:979  | Sheet{twinkle_GNWJsPa} disposed
2019-04-18 01:03:04,404 INFO [twinkle_GNWJsPa]            SheetStub.java:632  | Loaded /sheet#1/sheet#1.xml
2019-04-18 01:03:04,410 INFO [twinkle_GNWJsPa]                 Book.java:1451 | Scores built: 1
2019-04-18 01:03:08,036 INFO [twinkle_GNWJsPa]        ScoreExporter.java:88   | Score twinkle_GNWJsPa exported to media\mxl\twinkle_GNWJsPa\twinkle_GNWJsPa.mxl
2019-04-18 01:03:08,216 INFO [twinkle_GNWJsPa]                 Book.java:1660 | Stored /book.xml
2019-04-18 01:03:08,217 INFO [twinkle_GNWJsPa]                 Book.java:1613 | Book stored as media\mxl\twinkle_GNWJsPa\twinkle_GNWJsPa.omr
