2019-04-18 00:52:29,526 INFO [twinkle_yIPH16f]                 Book.java:473  | 1 sheet in media\sheets\twinkle_yIPH16f.pdf
2019-04-18 00:52:30,039 INFO []                 Book.java:1660 | Stored /book.xml
2019-04-18 00:52:30,039 INFO []                 Book.java:1613 | Book stored as media\mxl\twinkle_yIPH16f\twinkle_yIPH16f.omr
2019-04-18 00:52:30,077 INFO []                 Book.java:1327 | Book reaching PAGE on sheets:[#1]
2019-04-18 00:52:30,084 INFO [twinkle_yIPH16f]       StepMonitoring.java:93   | LOAD
2019-04-18 00:52:31,206 INFO [twinkle_yIPH16f]                 Book.java:1226 | Loaded image 1 2549x3299 from media\sheets\twinkle_yIPH16f.pdf
2019-04-18 00:52:31,274 INFO [twinkle_yIPH16f]       StepMonitoring.java:93   | BINARY
2019-04-18 00:52:32,837 INFO [twinkle_yIPH16f]       StepMonitoring.java:93   | SCALE
2019-04-18 00:52:32,882 INFO [twinkle_yIPH16f]         ScaleBuilder.java:557  | Second combo peak too different (182,182,182), ignored
2019-04-18 00:52:32,893 INFO [twinkle_yIPH16f]         ScaleBuilder.java:492  | Beam minHeight:5 maxHeight:17 quorum:689
2019-04-18 00:52:32,895 INFO [twinkle_yIPH16f]         ScaleBuilder.java:235  | No beam key found, guessed value: 11
2019-04-18 00:52:32,896 INFO [twinkle_yIPH16f]            ScaleStep.java:84   | Scale{line(1,1,2) interline(17,18,18) beam(11 extra)}
2019-04-18 00:52:32,897 INFO [twinkle_yIPH16f]       StepMonitoring.java:93   | GRID
2019-04-18 00:52:33,420 INFO [twinkle_yIPH16f]       LinesRetriever.java:447  | Global slope: 0.00000
2019-04-18 00:52:33,477 INFO [twinkle_yIPH16f]    ClustersRetriever.java:235  | Retrieved line clusters: 3 of size: 5 with interline: interline(17,18,18)
2019-04-18 00:52:33,638 INFO [twinkle_yIPH16f]            PeakGraph.java:177  | Systems: #1[1] #2[2] #3[3]
2019-04-18 00:52:34,101 INFO [twinkle_yIPH16f]        SystemManager.java:731  | 1 part along 3 systems
2019-04-18 00:52:34,105 INFO [twinkle_yIPH16f]       StepMonitoring.java:93   | HEADERS
2019-04-18 00:52:34,674 INFO [twinkle_yIPH16f]      BasicClassifier.java:362  | Classifier loaded XML norms.
2019-04-18 00:52:34,690 INFO [twinkle_yIPH16f]   AbstractClassifier.java:348  | Classifier data loaded from default uri file:///C:/Users/Ally/My%20Documents/Capstone/CapstoneDB/res/basic-classifier.zip
2019-04-18 00:52:36,271 INFO [twinkle_yIPH16f]       StepMonitoring.java:93   | STEM_SEEDS
2019-04-18 00:52:36,379 INFO [twinkle_yIPH16f]        StemSeedsStep.java:93   | stem(1 max:4)
2019-04-18 00:52:36,450 INFO [twinkle_yIPH16f]       StepMonitoring.java:93   | BEAMS
2019-04-18 00:52:44,301 INFO [twinkle_yIPH16f]       BlackHeadSizer.java:95   | Spots black-head retrieval diameter: 16.2
2019-04-18 00:52:44,374 INFO [twinkle_yIPH16f]       BlackHeadSizer.java:243  | Core black head count: 16 blackHead(width:21.0~0.0 height:17.8~1.0)
2019-04-18 00:52:44,379 INFO [twinkle_yIPH16f]       BlackHeadSizer.java:248  | MusicFont{name:MusicalSymbols pointSize:70}
2019-04-18 00:52:44,469 INFO [twinkle_yIPH16f]       StepMonitoring.java:93   | LEDGERS
2019-04-18 00:52:44,687 INFO [twinkle_yIPH16f]       StepMonitoring.java:93   | HEADS
2019-04-18 00:52:47,239 INFO [twinkle_yIPH16f]       StepMonitoring.java:93   | STEMS
2019-04-18 00:52:47,484 INFO [twinkle_yIPH16f]       StepMonitoring.java:93   | REDUCTION
2019-04-18 00:52:47,554 INFO [twinkle_yIPH16f]       StepMonitoring.java:93   | CUE_BEAMS
2019-04-18 00:52:47,556 INFO [twinkle_yIPH16f]       StepMonitoring.java:93   | TEXTS
2019-04-18 00:52:52,165 INFO [twinkle_yIPH16f]       StepMonitoring.java:93   | MEASURES
2019-04-18 00:52:52,188 INFO [twinkle_yIPH16f]                 Page.java:251  | 12 raw measures: [4 in system#1, 4 in system#2, 4 in system#3]
2019-04-18 00:52:52,189 INFO [twinkle_yIPH16f]       StepMonitoring.java:93   | CHORDS
2019-04-18 00:52:52,234 INFO [twinkle_yIPH16f]       StepMonitoring.java:93   | CURVES
2019-04-18 00:52:53,419 INFO [twinkle_yIPH16f]         SlursBuilder.java:156  | Slurs: 0
2019-04-18 00:52:53,452 INFO [twinkle_yIPH16f]      SegmentsBuilder.java:110  | Segments: 20
2019-04-18 00:52:53,474 INFO [twinkle_yIPH16f]       StepMonitoring.java:93   | SYMBOLS
2019-04-18 00:52:53,786 INFO [twinkle_yIPH16f]       StepMonitoring.java:93   | LINKS
2019-04-18 00:52:53,814 INFO [twinkle_yIPH16f]       StepMonitoring.java:93   | RHYTHMS
2019-04-18 00:52:53,907 INFO [twinkle_yIPH16f]       StepMonitoring.java:93   | PAGE
2019-04-18 00:52:53,922 INFO [twinkle_yIPH16f]            SheetStub.java:974  | Stub#1 storing
2019-04-18 00:52:53,935 INFO [twinkle_yIPH16f]                 Book.java:1660 | Stored /book.xml
2019-04-18 00:52:54,111 INFO [twinkle_yIPH16f]              Picture.java:784  | Stored /sheet#1/BINARY.xml
2019-04-18 00:52:54,703 INFO [twinkle_yIPH16f]                Sheet.java:1246 | Stored /sheet#1/sheet#1.xml
2019-04-18 00:52:54,756 INFO [twinkle_yIPH16f]            SheetStub.java:979  | Sheet{twinkle_yIPH16f} disposed
2019-04-18 00:52:55,431 INFO [twinkle_yIPH16f]            SheetStub.java:632  | Loaded /sheet#1/sheet#1.xml
2019-04-18 00:52:55,435 INFO [twinkle_yIPH16f]                 Book.java:1451 | Scores built: 1
2019-04-18 00:52:58,600 INFO [twinkle_yIPH16f]        ScoreExporter.java:88   | Score twinkle_yIPH16f exported to media\mxl\twinkle_yIPH16f\twinkle_yIPH16f.mxl
2019-04-18 00:52:58,794 INFO [twinkle_yIPH16f]                 Book.java:1660 | Stored /book.xml
2019-04-18 00:52:58,796 INFO [twinkle_yIPH16f]                 Book.java:1613 | Book stored as media\mxl\twinkle_yIPH16f\twinkle_yIPH16f.omr
