2019-04-18 00:01:21,433 INFO [twinkle_nRInOUw]                 Book.java:473  | 1 sheet in media\sheets\twinkle_nRInOUw.pdf
2019-04-18 00:01:21,846 INFO []                 Book.java:1660 | Stored /book.xml
2019-04-18 00:01:21,846 INFO []                 Book.java:1613 | Book stored as media\mxl\twinkle_nRInOUw\twinkle_nRInOUw.omr
2019-04-18 00:01:21,887 INFO []                 Book.java:1327 | Book reaching PAGE on sheets:[#1]
2019-04-18 00:01:21,890 INFO [twinkle_nRInOUw]       StepMonitoring.java:93   | LOAD
2019-04-18 00:01:22,741 INFO [twinkle_nRInOUw]                 Book.java:1226 | Loaded image 1 2549x3299 from media\sheets\twinkle_nRInOUw.pdf
2019-04-18 00:01:22,783 INFO [twinkle_nRInOUw]       StepMonitoring.java:93   | BINARY
2019-04-18 00:01:23,641 INFO [twinkle_nRInOUw]       StepMonitoring.java:93   | SCALE
2019-04-18 00:01:23,677 INFO [twinkle_nRInOUw]         ScaleBuilder.java:557  | Second combo peak too different (182,182,182), ignored
2019-04-18 00:01:23,686 INFO [twinkle_nRInOUw]         ScaleBuilder.java:492  | Beam minHeight:5 maxHeight:17 quorum:689
2019-04-18 00:01:23,688 INFO [twinkle_nRInOUw]         ScaleBuilder.java:235  | No beam key found, guessed value: 11
2019-04-18 00:01:23,690 INFO [twinkle_nRInOUw]            ScaleStep.java:84   | Scale{line(1,1,2) interline(17,18,18) beam(11 extra)}
2019-04-18 00:01:23,690 INFO [twinkle_nRInOUw]       StepMonitoring.java:93   | GRID
2019-04-18 00:01:24,163 INFO [twinkle_nRInOUw]       LinesRetriever.java:447  | Global slope: 0.00000
2019-04-18 00:01:24,217 INFO [twinkle_nRInOUw]    ClustersRetriever.java:235  | Retrieved line clusters: 3 of size: 5 with interline: interline(17,18,18)
2019-04-18 00:01:24,348 INFO [twinkle_nRInOUw]            PeakGraph.java:177  | Systems: #1[1] #2[2] #3[3]
2019-04-18 00:01:24,646 INFO [twinkle_nRInOUw]        SystemManager.java:731  | 1 part along 3 systems
2019-04-18 00:01:24,653 INFO [twinkle_nRInOUw]       StepMonitoring.java:93   | HEADERS
2019-04-18 00:01:25,004 INFO [twinkle_nRInOUw]      BasicClassifier.java:362  | Classifier loaded XML norms.
2019-04-18 00:01:25,011 INFO [twinkle_nRInOUw]   AbstractClassifier.java:348  | Classifier data loaded from default uri file:///C:/Users/Ally/My%20Documents/Capstone/CapstoneDB/res/basic-classifier.zip
2019-04-18 00:01:26,032 INFO [twinkle_nRInOUw]       StepMonitoring.java:93   | STEM_SEEDS
2019-04-18 00:01:26,103 INFO [twinkle_nRInOUw]        StemSeedsStep.java:93   | stem(1 max:4)
2019-04-18 00:01:26,143 INFO [twinkle_nRInOUw]       StepMonitoring.java:93   | BEAMS
2019-04-18 00:01:30,569 INFO [twinkle_nRInOUw]       BlackHeadSizer.java:95   | Spots black-head retrieval diameter: 16.2
2019-04-18 00:01:30,613 INFO [twinkle_nRInOUw]       BlackHeadSizer.java:243  | Core black head count: 16 blackHead(width:21.0~0.0 height:17.8~1.0)
2019-04-18 00:01:30,616 INFO [twinkle_nRInOUw]       BlackHeadSizer.java:248  | MusicFont{name:MusicalSymbols pointSize:70}
2019-04-18 00:01:30,669 INFO [twinkle_nRInOUw]       StepMonitoring.java:93   | LEDGERS
2019-04-18 00:01:30,805 INFO [twinkle_nRInOUw]       StepMonitoring.java:93   | HEADS
2019-04-18 00:01:32,352 INFO [twinkle_nRInOUw]       StepMonitoring.java:93   | STEMS
2019-04-18 00:01:32,520 INFO [twinkle_nRInOUw]       StepMonitoring.java:93   | REDUCTION
2019-04-18 00:01:32,582 INFO [twinkle_nRInOUw]       StepMonitoring.java:93   | CUE_BEAMS
2019-04-18 00:01:32,584 INFO [twinkle_nRInOUw]       StepMonitoring.java:93   | TEXTS
2019-04-18 00:01:35,449 INFO [twinkle_nRInOUw]       StepMonitoring.java:93   | MEASURES
2019-04-18 00:01:35,467 INFO [twinkle_nRInOUw]                 Page.java:251  | 12 raw measures: [4 in system#1, 4 in system#2, 4 in system#3]
2019-04-18 00:01:35,468 INFO [twinkle_nRInOUw]       StepMonitoring.java:93   | CHORDS
2019-04-18 00:01:35,490 INFO [twinkle_nRInOUw]       StepMonitoring.java:93   | CURVES
2019-04-18 00:01:36,300 INFO [twinkle_nRInOUw]         SlursBuilder.java:156  | Slurs: 0
2019-04-18 00:01:36,319 INFO [twinkle_nRInOUw]      SegmentsBuilder.java:110  | Segments: 20
2019-04-18 00:01:36,334 INFO [twinkle_nRInOUw]       StepMonitoring.java:93   | SYMBOLS
2019-04-18 00:01:36,560 INFO [twinkle_nRInOUw]       StepMonitoring.java:93   | LINKS
2019-04-18 00:01:36,583 INFO [twinkle_nRInOUw]       StepMonitoring.java:93   | RHYTHMS
2019-04-18 00:01:36,652 INFO [twinkle_nRInOUw]       StepMonitoring.java:93   | PAGE
2019-04-18 00:01:36,665 INFO [twinkle_nRInOUw]            SheetStub.java:974  | Stub#1 storing
2019-04-18 00:01:36,682 INFO [twinkle_nRInOUw]                 Book.java:1660 | Stored /book.xml
2019-04-18 00:01:36,847 INFO [twinkle_nRInOUw]              Picture.java:784  | Stored /sheet#1/BINARY.xml
2019-04-18 00:01:37,327 INFO [twinkle_nRInOUw]                Sheet.java:1246 | Stored /sheet#1/sheet#1.xml
2019-04-18 00:01:37,361 INFO [twinkle_nRInOUw]            SheetStub.java:979  | Sheet{twinkle_nRInOUw} disposed
2019-04-18 00:01:37,809 INFO [twinkle_nRInOUw]            SheetStub.java:632  | Loaded /sheet#1/sheet#1.xml
2019-04-18 00:01:37,809 INFO [twinkle_nRInOUw]                 Book.java:1451 | Scores built: 1
2019-04-18 00:01:40,118 INFO [twinkle_nRInOUw]        ScoreExporter.java:88   | Score twinkle_nRInOUw exported to media\mxl\twinkle_nRInOUw\twinkle_nRInOUw.mxl
2019-04-18 00:01:40,375 INFO [twinkle_nRInOUw]                 Book.java:1660 | Stored /book.xml
2019-04-18 00:01:40,376 INFO [twinkle_nRInOUw]                 Book.java:1613 | Book stored as media\mxl\twinkle_nRInOUw\twinkle_nRInOUw.omr
