2019-04-17 22:43:35,674 INFO [twinkle_lHBZF4x]                 Book.java:473  | 1 sheet in media\sheets\twinkle_lHBZF4x.pdf
2019-04-17 22:43:35,950 INFO []                 Book.java:1660 | Stored /book.xml
2019-04-17 22:43:35,950 INFO []                 Book.java:1613 | Book stored as media\mxl\twinkle_lHBZF4x\twinkle_lHBZF4x.omr
2019-04-17 22:43:35,979 INFO []                 Book.java:1327 | Book reaching PAGE on sheets:[#1]
2019-04-17 22:43:35,982 INFO [twinkle_lHBZF4x]       StepMonitoring.java:93   | LOAD
2019-04-17 22:43:36,521 INFO [twinkle_lHBZF4x]                 Book.java:1226 | Loaded image 1 2549x3299 from media\sheets\twinkle_lHBZF4x.pdf
2019-04-17 22:43:36,524 INFO [twinkle_lHBZF4x]       StepMonitoring.java:93   | BINARY
2019-04-17 22:43:37,304 INFO [twinkle_lHBZF4x]       StepMonitoring.java:93   | SCALE
2019-04-17 22:43:37,338 INFO [twinkle_lHBZF4x]         ScaleBuilder.java:557  | Second combo peak too different (182,182,182), ignored
2019-04-17 22:43:37,346 INFO [twinkle_lHBZF4x]         ScaleBuilder.java:492  | Beam minHeight:5 maxHeight:17 quorum:689
2019-04-17 22:43:37,348 INFO [twinkle_lHBZF4x]         ScaleBuilder.java:235  | No beam key found, guessed value: 11
2019-04-17 22:43:37,349 INFO [twinkle_lHBZF4x]            ScaleStep.java:84   | Scale{line(1,1,2) interline(17,18,18) beam(11 extra)}
2019-04-17 22:43:37,350 INFO [twinkle_lHBZF4x]       StepMonitoring.java:93   | GRID
2019-04-17 22:43:37,601 INFO [twinkle_lHBZF4x]       LinesRetriever.java:447  | Global slope: 0.00000
2019-04-17 22:43:37,638 INFO [twinkle_lHBZF4x]    ClustersRetriever.java:235  | Retrieved line clusters: 3 of size: 5 with interline: interline(17,18,18)
2019-04-17 22:43:37,741 INFO [twinkle_lHBZF4x]            PeakGraph.java:177  | Systems: #1[1] #2[2] #3[3]
2019-04-17 22:43:37,985 INFO [twinkle_lHBZF4x]        SystemManager.java:731  | 1 part along 3 systems
2019-04-17 22:43:37,989 INFO [twinkle_lHBZF4x]       StepMonitoring.java:93   | HEADERS
2019-04-17 22:43:38,321 INFO [twinkle_lHBZF4x]      BasicClassifier.java:362  | Classifier loaded XML norms.
2019-04-17 22:43:38,329 INFO [twinkle_lHBZF4x]   AbstractClassifier.java:348  | Classifier data loaded from default uri file:///C:/Users/Ally/My%20Documents/Capstone/CapstoneDB/res/basic-classifier.zip
2019-04-17 22:43:39,143 INFO [twinkle_lHBZF4x]       StepMonitoring.java:93   | STEM_SEEDS
2019-04-17 22:43:39,217 INFO [twinkle_lHBZF4x]        StemSeedsStep.java:93   | stem(1 max:4)
2019-04-17 22:43:39,255 INFO [twinkle_lHBZF4x]       StepMonitoring.java:93   | BEAMS
2019-04-17 22:43:43,243 INFO [twinkle_lHBZF4x]       BlackHeadSizer.java:95   | Spots black-head retrieval diameter: 16.2
2019-04-17 22:43:43,283 INFO [twinkle_lHBZF4x]       BlackHeadSizer.java:243  | Core black head count: 16 blackHead(width:21.0~0.0 height:17.8~1.0)
2019-04-17 22:43:43,285 INFO [twinkle_lHBZF4x]       BlackHeadSizer.java:248  | MusicFont{name:MusicalSymbols pointSize:70}
2019-04-17 22:43:43,335 INFO [twinkle_lHBZF4x]       StepMonitoring.java:93   | LEDGERS
2019-04-17 22:43:43,452 INFO [twinkle_lHBZF4x]       StepMonitoring.java:93   | HEADS
2019-04-17 22:43:44,613 INFO [twinkle_lHBZF4x]       StepMonitoring.java:93   | STEMS
2019-04-17 22:43:44,732 INFO [twinkle_lHBZF4x]       StepMonitoring.java:93   | REDUCTION
2019-04-17 22:43:44,773 INFO [twinkle_lHBZF4x]       StepMonitoring.java:93   | CUE_BEAMS
2019-04-17 22:43:44,777 INFO [twinkle_lHBZF4x]       StepMonitoring.java:93   | TEXTS
2019-04-17 22:43:47,183 INFO [twinkle_lHBZF4x]       StepMonitoring.java:93   | MEASURES
2019-04-17 22:43:47,195 INFO [twinkle_lHBZF4x]                 Page.java:251  | 12 raw measures: [4 in system#1, 4 in system#2, 4 in system#3]
2019-04-17 22:43:47,195 INFO [twinkle_lHBZF4x]       StepMonitoring.java:93   | CHORDS
2019-04-17 22:43:47,213 INFO [twinkle_lHBZF4x]       StepMonitoring.java:93   | CURVES
2019-04-17 22:43:47,765 INFO [twinkle_lHBZF4x]         SlursBuilder.java:156  | Slurs: 0
2019-04-17 22:43:47,779 INFO [twinkle_lHBZF4x]      SegmentsBuilder.java:110  | Segments: 20
2019-04-17 22:43:47,787 INFO [twinkle_lHBZF4x]       StepMonitoring.java:93   | SYMBOLS
2019-04-17 22:43:47,970 INFO [twinkle_lHBZF4x]       StepMonitoring.java:93   | LINKS
2019-04-17 22:43:47,985 INFO [twinkle_lHBZF4x]       StepMonitoring.java:93   | RHYTHMS
2019-04-17 22:43:48,050 INFO [twinkle_lHBZF4x]       StepMonitoring.java:93   | PAGE
2019-04-17 22:43:48,062 INFO [twinkle_lHBZF4x]            SheetStub.java:974  | Stub#1 storing
2019-04-17 22:43:48,070 INFO [twinkle_lHBZF4x]                 Book.java:1660 | Stored /book.xml
2019-04-17 22:43:48,177 INFO [twinkle_lHBZF4x]              Picture.java:784  | Stored /sheet#1/BINARY.xml
2019-04-17 22:43:48,464 INFO [twinkle_lHBZF4x]                Sheet.java:1246 | Stored /sheet#1/sheet#1.xml
2019-04-17 22:43:48,479 INFO [twinkle_lHBZF4x]            SheetStub.java:979  | Sheet{twinkle_lHBZF4x} disposed
2019-04-17 22:43:48,803 INFO [twinkle_lHBZF4x]            SheetStub.java:632  | Loaded /sheet#1/sheet#1.xml
2019-04-17 22:43:48,804 INFO [twinkle_lHBZF4x]                 Book.java:1451 | Scores built: 1
2019-04-17 22:43:50,324 INFO [twinkle_lHBZF4x]        ScoreExporter.java:88   | Score twinkle_lHBZF4x exported to media\mxl\twinkle_lHBZF4x\twinkle_lHBZF4x.mxl
2019-04-17 22:43:50,435 INFO [twinkle_lHBZF4x]                 Book.java:1660 | Stored /book.xml
2019-04-17 22:43:50,435 INFO [twinkle_lHBZF4x]                 Book.java:1613 | Book stored as media\mxl\twinkle_lHBZF4x\twinkle_lHBZF4x.omr
