2019-04-18 00:33:38,694 INFO [twinkle_eEFIHVf]                 Book.java:473  | 1 sheet in media\sheets\twinkle_eEFIHVf.pdf
2019-04-18 00:33:39,253 INFO []                 Book.java:1660 | Stored /book.xml
2019-04-18 00:33:39,254 INFO []                 Book.java:1613 | Book stored as media\mxl\twinkle_eEFIHVf\twinkle_eEFIHVf.omr
2019-04-18 00:33:39,284 INFO []                 Book.java:1327 | Book reaching PAGE on sheets:[#1]
2019-04-18 00:33:39,290 INFO [twinkle_eEFIHVf]       StepMonitoring.java:93   | LOAD
2019-04-18 00:33:40,615 INFO [twinkle_eEFIHVf]                 Book.java:1226 | Loaded image 1 2549x3299 from media\sheets\twinkle_eEFIHVf.pdf
2019-04-18 00:33:40,630 INFO [twinkle_eEFIHVf]       StepMonitoring.java:93   | BINARY
2019-04-18 00:33:42,221 INFO [twinkle_eEFIHVf]       StepMonitoring.java:93   | SCALE
2019-04-18 00:33:42,256 INFO [twinkle_eEFIHVf]         ScaleBuilder.java:557  | Second combo peak too different (182,182,182), ignored
2019-04-18 00:33:42,265 INFO [twinkle_eEFIHVf]         ScaleBuilder.java:492  | Beam minHeight:5 maxHeight:17 quorum:689
2019-04-18 00:33:42,266 INFO [twinkle_eEFIHVf]         ScaleBuilder.java:235  | No beam key found, guessed value: 11
2019-04-18 00:33:42,269 INFO [twinkle_eEFIHVf]            ScaleStep.java:84   | Scale{line(1,1,2) interline(17,18,18) beam(11 extra)}
2019-04-18 00:33:42,270 INFO [twinkle_eEFIHVf]       StepMonitoring.java:93   | GRID
2019-04-18 00:33:42,804 INFO [twinkle_eEFIHVf]       LinesRetriever.java:447  | Global slope: 0.00000
2019-04-18 00:33:42,901 INFO [twinkle_eEFIHVf]    ClustersRetriever.java:235  | Retrieved line clusters: 3 of size: 5 with interline: interline(17,18,18)
2019-04-18 00:33:43,071 INFO [twinkle_eEFIHVf]            PeakGraph.java:177  | Systems: #1[1] #2[2] #3[3]
2019-04-18 00:33:43,527 INFO [twinkle_eEFIHVf]        SystemManager.java:731  | 1 part along 3 systems
2019-04-18 00:33:43,532 INFO [twinkle_eEFIHVf]       StepMonitoring.java:93   | HEADERS
2019-04-18 00:33:44,247 INFO [twinkle_eEFIHVf]      BasicClassifier.java:362  | Classifier loaded XML norms.
2019-04-18 00:33:44,263 INFO [twinkle_eEFIHVf]   AbstractClassifier.java:348  | Classifier data loaded from default uri file:///C:/Users/Ally/My%20Documents/Capstone/CapstoneDB/res/basic-classifier.zip
2019-04-18 00:33:45,999 INFO [twinkle_eEFIHVf]       StepMonitoring.java:93   | STEM_SEEDS
2019-04-18 00:33:46,132 INFO [twinkle_eEFIHVf]        StemSeedsStep.java:93   | stem(1 max:4)
2019-04-18 00:33:46,205 INFO [twinkle_eEFIHVf]       StepMonitoring.java:93   | BEAMS
2019-04-18 00:33:54,391 INFO [twinkle_eEFIHVf]       BlackHeadSizer.java:95   | Spots black-head retrieval diameter: 16.2
2019-04-18 00:33:54,478 INFO [twinkle_eEFIHVf]       BlackHeadSizer.java:243  | Core black head count: 16 blackHead(width:21.0~0.0 height:17.8~1.0)
2019-04-18 00:33:54,483 INFO [twinkle_eEFIHVf]       BlackHeadSizer.java:248  | MusicFont{name:MusicalSymbols pointSize:70}
2019-04-18 00:33:54,573 INFO [twinkle_eEFIHVf]       StepMonitoring.java:93   | LEDGERS
2019-04-18 00:33:54,818 INFO [twinkle_eEFIHVf]       StepMonitoring.java:93   | HEADS
2019-04-18 00:33:57,032 INFO [twinkle_eEFIHVf]       StepMonitoring.java:93   | STEMS
2019-04-18 00:33:57,280 INFO [twinkle_eEFIHVf]       StepMonitoring.java:93   | REDUCTION
2019-04-18 00:33:57,360 INFO [twinkle_eEFIHVf]       StepMonitoring.java:93   | CUE_BEAMS
2019-04-18 00:33:57,362 INFO [twinkle_eEFIHVf]       StepMonitoring.java:93   | TEXTS
2019-04-18 00:34:02,226 INFO [twinkle_eEFIHVf]       StepMonitoring.java:93   | MEASURES
2019-04-18 00:34:02,273 INFO [twinkle_eEFIHVf]                 Page.java:251  | 12 raw measures: [4 in system#1, 4 in system#2, 4 in system#3]
2019-04-18 00:34:02,273 INFO [twinkle_eEFIHVf]       StepMonitoring.java:93   | CHORDS
2019-04-18 00:34:02,314 INFO [twinkle_eEFIHVf]       StepMonitoring.java:93   | CURVES
2019-04-18 00:34:03,647 INFO [twinkle_eEFIHVf]         SlursBuilder.java:156  | Slurs: 0
2019-04-18 00:34:03,677 INFO [twinkle_eEFIHVf]      SegmentsBuilder.java:110  | Segments: 20
2019-04-18 00:34:03,691 INFO [twinkle_eEFIHVf]       StepMonitoring.java:93   | SYMBOLS
2019-04-18 00:34:04,018 INFO [twinkle_eEFIHVf]       StepMonitoring.java:93   | LINKS
2019-04-18 00:34:04,043 INFO [twinkle_eEFIHVf]       StepMonitoring.java:93   | RHYTHMS
2019-04-18 00:34:04,136 INFO [twinkle_eEFIHVf]       StepMonitoring.java:93   | PAGE
2019-04-18 00:34:04,149 INFO [twinkle_eEFIHVf]            SheetStub.java:974  | Stub#1 storing
2019-04-18 00:34:04,170 INFO [twinkle_eEFIHVf]                 Book.java:1660 | Stored /book.xml
2019-04-18 00:34:04,359 INFO [twinkle_eEFIHVf]              Picture.java:784  | Stored /sheet#1/BINARY.xml
2019-04-18 00:34:05,226 INFO [twinkle_eEFIHVf]                Sheet.java:1246 | Stored /sheet#1/sheet#1.xml
2019-04-18 00:34:05,270 INFO [twinkle_eEFIHVf]            SheetStub.java:979  | Sheet{twinkle_eEFIHVf} disposed
2019-04-18 00:34:06,257 INFO [twinkle_eEFIHVf]            SheetStub.java:632  | Loaded /sheet#1/sheet#1.xml
2019-04-18 00:34:06,257 INFO [twinkle_eEFIHVf]                 Book.java:1451 | Scores built: 1
2019-04-18 00:34:09,530 INFO [twinkle_eEFIHVf]        ScoreExporter.java:88   | Score twinkle_eEFIHVf exported to media\mxl\twinkle_eEFIHVf\twinkle_eEFIHVf.mxl
2019-04-18 00:34:09,858 INFO [twinkle_eEFIHVf]                 Book.java:1660 | Stored /book.xml
2019-04-18 00:34:09,859 INFO [twinkle_eEFIHVf]                 Book.java:1613 | Book stored as media\mxl\twinkle_eEFIHVf\twinkle_eEFIHVf.omr
