2019-04-17 23:51:14,692 INFO [twinkle_cBrm57q]                 Book.java:473  | 1 sheet in media\sheets\twinkle_cBrm57q.pdf
2019-04-17 23:51:15,142 INFO []                 Book.java:1660 | Stored /book.xml
2019-04-17 23:51:15,143 INFO []                 Book.java:1613 | Book stored as media\mxl\twinkle_cBrm57q\twinkle_cBrm57q.omr
2019-04-17 23:51:15,180 INFO []                 Book.java:1327 | Book reaching PAGE on sheets:[#1]
2019-04-17 23:51:15,185 INFO [twinkle_cBrm57q]       StepMonitoring.java:93   | LOAD
2019-04-17 23:51:16,132 INFO [twinkle_cBrm57q]                 Book.java:1226 | Loaded image 1 2549x3299 from media\sheets\twinkle_cBrm57q.pdf
2019-04-17 23:51:16,142 INFO [twinkle_cBrm57q]       StepMonitoring.java:93   | BINARY
2019-04-17 23:51:17,467 INFO [twinkle_cBrm57q]       StepMonitoring.java:93   | SCALE
2019-04-17 23:51:17,501 INFO [twinkle_cBrm57q]         ScaleBuilder.java:557  | Second combo peak too different (182,182,182), ignored
2019-04-17 23:51:17,507 INFO [twinkle_cBrm57q]         ScaleBuilder.java:492  | Beam minHeight:5 maxHeight:17 quorum:689
2019-04-17 23:51:17,511 INFO [twinkle_cBrm57q]         ScaleBuilder.java:235  | No beam key found, guessed value: 11
2019-04-17 23:51:17,514 INFO [twinkle_cBrm57q]            ScaleStep.java:84   | Scale{line(1,1,2) interline(17,18,18) beam(11 extra)}
2019-04-17 23:51:17,515 INFO [twinkle_cBrm57q]       StepMonitoring.java:93   | GRID
2019-04-17 23:51:17,974 INFO [twinkle_cBrm57q]       LinesRetriever.java:447  | Global slope: 0.00000
2019-04-17 23:51:18,037 INFO [twinkle_cBrm57q]    ClustersRetriever.java:235  | Retrieved line clusters: 3 of size: 5 with interline: interline(17,18,18)
2019-04-17 23:51:18,209 INFO [twinkle_cBrm57q]            PeakGraph.java:177  | Systems: #1[1] #2[2] #3[3]
2019-04-17 23:51:18,598 INFO [twinkle_cBrm57q]        SystemManager.java:731  | 1 part along 3 systems
2019-04-17 23:51:18,602 INFO [twinkle_cBrm57q]       StepMonitoring.java:93   | HEADERS
2019-04-17 23:51:19,077 INFO [twinkle_cBrm57q]      BasicClassifier.java:362  | Classifier loaded XML norms.
2019-04-17 23:51:19,088 INFO [twinkle_cBrm57q]   AbstractClassifier.java:348  | Classifier data loaded from default uri file:///C:/Users/Ally/My%20Documents/Capstone/CapstoneDB/res/basic-classifier.zip
2019-04-17 23:51:20,506 INFO [twinkle_cBrm57q]       StepMonitoring.java:93   | STEM_SEEDS
2019-04-17 23:51:20,602 INFO [twinkle_cBrm57q]        StemSeedsStep.java:93   | stem(1 max:4)
2019-04-17 23:51:20,659 INFO [twinkle_cBrm57q]       StepMonitoring.java:93   | BEAMS
2019-04-17 23:51:27,981 INFO [twinkle_cBrm57q]       BlackHeadSizer.java:95   | Spots black-head retrieval diameter: 16.2
2019-04-17 23:51:28,047 INFO [twinkle_cBrm57q]       BlackHeadSizer.java:243  | Core black head count: 16 blackHead(width:21.0~0.0 height:17.8~1.0)
2019-04-17 23:51:28,051 INFO [twinkle_cBrm57q]       BlackHeadSizer.java:248  | MusicFont{name:MusicalSymbols pointSize:70}
2019-04-17 23:51:28,124 INFO [twinkle_cBrm57q]       StepMonitoring.java:93   | LEDGERS
2019-04-17 23:51:28,512 INFO [twinkle_cBrm57q]       StepMonitoring.java:93   | HEADS
2019-04-17 23:51:30,558 INFO [twinkle_cBrm57q]       StepMonitoring.java:93   | STEMS
2019-04-17 23:51:30,742 INFO [twinkle_cBrm57q]       StepMonitoring.java:93   | REDUCTION
2019-04-17 23:51:30,828 INFO [twinkle_cBrm57q]       StepMonitoring.java:93   | CUE_BEAMS
2019-04-17 23:51:30,831 INFO [twinkle_cBrm57q]       StepMonitoring.java:93   | TEXTS
2019-04-17 23:51:35,059 INFO [twinkle_cBrm57q]       StepMonitoring.java:93   | MEASURES
2019-04-17 23:51:35,076 INFO [twinkle_cBrm57q]                 Page.java:251  | 12 raw measures: [4 in system#1, 4 in system#2, 4 in system#3]
2019-04-17 23:51:35,077 INFO [twinkle_cBrm57q]       StepMonitoring.java:93   | CHORDS
2019-04-17 23:51:35,112 INFO [twinkle_cBrm57q]       StepMonitoring.java:93   | CURVES
2019-04-17 23:51:36,216 INFO [twinkle_cBrm57q]         SlursBuilder.java:156  | Slurs: 0
2019-04-17 23:51:36,238 INFO [twinkle_cBrm57q]      SegmentsBuilder.java:110  | Segments: 20
2019-04-17 23:51:36,249 INFO [twinkle_cBrm57q]       StepMonitoring.java:93   | SYMBOLS
2019-04-17 23:51:36,533 INFO [twinkle_cBrm57q]       StepMonitoring.java:93   | LINKS
2019-04-17 23:51:36,561 INFO [twinkle_cBrm57q]       StepMonitoring.java:93   | RHYTHMS
2019-04-17 23:51:36,656 INFO [twinkle_cBrm57q]       StepMonitoring.java:93   | PAGE
2019-04-17 23:51:36,673 INFO [twinkle_cBrm57q]            SheetStub.java:974  | Stub#1 storing
2019-04-17 23:51:36,687 INFO [twinkle_cBrm57q]                 Book.java:1660 | Stored /book.xml
2019-04-17 23:51:36,904 INFO [twinkle_cBrm57q]              Picture.java:784  | Stored /sheet#1/BINARY.xml
2019-04-17 23:51:37,548 INFO [twinkle_cBrm57q]                Sheet.java:1246 | Stored /sheet#1/sheet#1.xml
2019-04-17 23:51:37,573 INFO [twinkle_cBrm57q]            SheetStub.java:979  | Sheet{twinkle_cBrm57q} disposed
2019-04-17 23:51:38,196 INFO [twinkle_cBrm57q]            SheetStub.java:632  | Loaded /sheet#1/sheet#1.xml
2019-04-17 23:51:38,200 INFO [twinkle_cBrm57q]                 Book.java:1451 | Scores built: 1
2019-04-17 23:51:41,244 INFO [twinkle_cBrm57q]        ScoreExporter.java:88   | Score twinkle_cBrm57q exported to media\mxl\twinkle_cBrm57q\twinkle_cBrm57q.mxl
2019-04-17 23:51:41,559 INFO [twinkle_cBrm57q]                 Book.java:1660 | Stored /book.xml
2019-04-17 23:51:41,559 INFO [twinkle_cBrm57q]                 Book.java:1613 | Book stored as media\mxl\twinkle_cBrm57q\twinkle_cBrm57q.omr
