2019-04-17 23:13:18,733 INFO [twinkle_J0CMR0l]                 Book.java:473  | 1 sheet in media\sheets\twinkle_J0CMR0l.pdf
2019-04-17 23:13:19,285 INFO []                 Book.java:1660 | Stored /book.xml
2019-04-17 23:13:19,285 INFO []                 Book.java:1613 | Book stored as media\mxl\twinkle_J0CMR0l\twinkle_J0CMR0l.omr
2019-04-17 23:13:19,325 INFO []                 Book.java:1327 | Book reaching PAGE on sheets:[#1]
2019-04-17 23:13:19,328 INFO [twinkle_J0CMR0l]       StepMonitoring.java:93   | LOAD
2019-04-17 23:13:20,466 INFO [twinkle_J0CMR0l]                 Book.java:1226 | Loaded image 1 2549x3299 from media\sheets\twinkle_J0CMR0l.pdf
2019-04-17 23:13:20,476 INFO [twinkle_J0CMR0l]       StepMonitoring.java:93   | BINARY
2019-04-17 23:13:21,890 INFO [twinkle_J0CMR0l]       StepMonitoring.java:93   | SCALE
2019-04-17 23:13:21,929 INFO [twinkle_J0CMR0l]         ScaleBuilder.java:557  | Second combo peak too different (182,182,182), ignored
2019-04-17 23:13:21,937 INFO [twinkle_J0CMR0l]         ScaleBuilder.java:492  | Beam minHeight:5 maxHeight:17 quorum:689
2019-04-17 23:13:21,939 INFO [twinkle_J0CMR0l]         ScaleBuilder.java:235  | No beam key found, guessed value: 11
2019-04-17 23:13:21,941 INFO [twinkle_J0CMR0l]            ScaleStep.java:84   | Scale{line(1,1,2) interline(17,18,18) beam(11 extra)}
2019-04-17 23:13:21,943 INFO [twinkle_J0CMR0l]       StepMonitoring.java:93   | GRID
2019-04-17 23:13:22,435 INFO [twinkle_J0CMR0l]       LinesRetriever.java:447  | Global slope: 0.00000
2019-04-17 23:13:22,492 INFO [twinkle_J0CMR0l]    ClustersRetriever.java:235  | Retrieved line clusters: 3 of size: 5 with interline: interline(17,18,18)
2019-04-17 23:13:22,636 INFO [twinkle_J0CMR0l]            PeakGraph.java:177  | Systems: #1[1] #2[2] #3[3]
2019-04-17 23:13:23,069 INFO [twinkle_J0CMR0l]        SystemManager.java:731  | 1 part along 3 systems
2019-04-17 23:13:23,074 INFO [twinkle_J0CMR0l]       StepMonitoring.java:93   | HEADERS
2019-04-17 23:13:23,565 INFO [twinkle_J0CMR0l]      BasicClassifier.java:362  | Classifier loaded XML norms.
2019-04-17 23:13:23,577 INFO [twinkle_J0CMR0l]   AbstractClassifier.java:348  | Classifier data loaded from default uri file:///C:/Users/Ally/My%20Documents/Capstone/CapstoneDB/res/basic-classifier.zip
2019-04-17 23:13:25,128 INFO [twinkle_J0CMR0l]       StepMonitoring.java:93   | STEM_SEEDS
2019-04-17 23:13:25,237 INFO [twinkle_J0CMR0l]        StemSeedsStep.java:93   | stem(1 max:4)
2019-04-17 23:13:25,298 INFO [twinkle_J0CMR0l]       StepMonitoring.java:93   | BEAMS
2019-04-17 23:13:32,805 INFO [twinkle_J0CMR0l]       BlackHeadSizer.java:95   | Spots black-head retrieval diameter: 16.2
2019-04-17 23:13:32,895 INFO [twinkle_J0CMR0l]       BlackHeadSizer.java:243  | Core black head count: 16 blackHead(width:21.0~0.0 height:17.8~1.0)
2019-04-17 23:13:32,898 INFO [twinkle_J0CMR0l]       BlackHeadSizer.java:248  | MusicFont{name:MusicalSymbols pointSize:70}
2019-04-17 23:13:32,990 INFO [twinkle_J0CMR0l]       StepMonitoring.java:93   | LEDGERS
2019-04-17 23:13:33,185 INFO [twinkle_J0CMR0l]       StepMonitoring.java:93   | HEADS
2019-04-17 23:13:35,456 INFO [twinkle_J0CMR0l]       StepMonitoring.java:93   | STEMS
2019-04-17 23:13:35,636 INFO [twinkle_J0CMR0l]       StepMonitoring.java:93   | REDUCTION
2019-04-17 23:13:35,705 INFO [twinkle_J0CMR0l]       StepMonitoring.java:93   | CUE_BEAMS
2019-04-17 23:13:35,710 INFO [twinkle_J0CMR0l]       StepMonitoring.java:93   | TEXTS
2019-04-17 23:13:40,256 INFO [twinkle_J0CMR0l]       StepMonitoring.java:93   | MEASURES
2019-04-17 23:13:40,282 INFO [twinkle_J0CMR0l]                 Page.java:251  | 12 raw measures: [4 in system#1, 4 in system#2, 4 in system#3]
2019-04-17 23:13:40,282 INFO [twinkle_J0CMR0l]       StepMonitoring.java:93   | CHORDS
2019-04-17 23:13:40,317 INFO [twinkle_J0CMR0l]       StepMonitoring.java:93   | CURVES
2019-04-17 23:13:41,539 INFO [twinkle_J0CMR0l]         SlursBuilder.java:156  | Slurs: 0
2019-04-17 23:13:41,563 INFO [twinkle_J0CMR0l]      SegmentsBuilder.java:110  | Segments: 20
2019-04-17 23:13:41,579 INFO [twinkle_J0CMR0l]       StepMonitoring.java:93   | SYMBOLS
2019-04-17 23:13:41,887 INFO [twinkle_J0CMR0l]       StepMonitoring.java:93   | LINKS
2019-04-17 23:13:41,918 INFO [twinkle_J0CMR0l]       StepMonitoring.java:93   | RHYTHMS
2019-04-17 23:13:42,019 INFO [twinkle_J0CMR0l]       StepMonitoring.java:93   | PAGE
2019-04-17 23:13:42,035 INFO [twinkle_J0CMR0l]            SheetStub.java:974  | Stub#1 storing
2019-04-17 23:13:42,050 INFO [twinkle_J0CMR0l]                 Book.java:1660 | Stored /book.xml
2019-04-17 23:13:42,278 INFO [twinkle_J0CMR0l]              Picture.java:784  | Stored /sheet#1/BINARY.xml
2019-04-17 23:13:42,952 INFO [twinkle_J0CMR0l]                Sheet.java:1246 | Stored /sheet#1/sheet#1.xml
2019-04-17 23:13:42,980 INFO [twinkle_J0CMR0l]            SheetStub.java:979  | Sheet{twinkle_J0CMR0l} disposed
2019-04-17 23:13:43,648 INFO [twinkle_J0CMR0l]            SheetStub.java:632  | Loaded /sheet#1/sheet#1.xml
2019-04-17 23:13:43,648 INFO [twinkle_J0CMR0l]                 Book.java:1451 | Scores built: 1
2019-04-17 23:13:47,063 INFO [twinkle_J0CMR0l]        ScoreExporter.java:88   | Score twinkle_J0CMR0l exported to media\mxl\twinkle_J0CMR0l\twinkle_J0CMR0l.mxl
2019-04-17 23:13:47,417 INFO [twinkle_J0CMR0l]                 Book.java:1660 | Stored /book.xml
2019-04-17 23:13:47,418 INFO [twinkle_J0CMR0l]                 Book.java:1613 | Book stored as media\mxl\twinkle_J0CMR0l\twinkle_J0CMR0l.omr
