2019-04-18 01:33:48,787 INFO [twinkle_zPUH67m]                 Book.java:473  | 1 sheet in media\sheets\twinkle_zPUH67m.pdf
2019-04-18 01:33:49,335 INFO []                 Book.java:1660 | Stored /book.xml
2019-04-18 01:33:49,336 INFO []                 Book.java:1613 | Book stored as media\mxl\twinkle_zPUH67m\twinkle_zPUH67m.omr
2019-04-18 01:33:49,391 INFO []                 Book.java:1327 | Book reaching PAGE on sheets:[#1]
2019-04-18 01:33:49,400 INFO [twinkle_zPUH67m]       StepMonitoring.java:93   | LOAD
2019-04-18 01:33:50,596 INFO [twinkle_zPUH67m]                 Book.java:1226 | Loaded image 1 2549x3299 from media\sheets\twinkle_zPUH67m.pdf
2019-04-18 01:33:50,609 INFO [twinkle_zPUH67m]       StepMonitoring.java:93   | BINARY
2019-04-18 01:33:52,283 INFO [twinkle_zPUH67m]       StepMonitoring.java:93   | SCALE
2019-04-18 01:33:52,322 INFO [twinkle_zPUH67m]         ScaleBuilder.java:557  | Second combo peak too different (182,182,182), ignored
2019-04-18 01:33:52,335 INFO [twinkle_zPUH67m]         ScaleBuilder.java:492  | Beam minHeight:5 maxHeight:17 quorum:689
2019-04-18 01:33:52,336 INFO [twinkle_zPUH67m]         ScaleBuilder.java:235  | No beam key found, guessed value: 11
2019-04-18 01:33:52,336 INFO [twinkle_zPUH67m]            ScaleStep.java:84   | Scale{line(1,1,2) interline(17,18,18) beam(11 extra)}
2019-04-18 01:33:52,336 INFO [twinkle_zPUH67m]       StepMonitoring.java:93   | GRID
2019-04-18 01:33:52,960 INFO [twinkle_zPUH67m]       LinesRetriever.java:447  | Global slope: 0.00000
2019-04-18 01:33:53,021 INFO [twinkle_zPUH67m]    ClustersRetriever.java:235  | Retrieved line clusters: 3 of size: 5 with interline: interline(17,18,18)
2019-04-18 01:33:53,202 INFO [twinkle_zPUH67m]            PeakGraph.java:177  | Systems: #1[1] #2[2] #3[3]
2019-04-18 01:33:53,668 INFO [twinkle_zPUH67m]        SystemManager.java:731  | 1 part along 3 systems
2019-04-18 01:33:53,674 INFO [twinkle_zPUH67m]       StepMonitoring.java:93   | HEADERS
2019-04-18 01:33:54,250 INFO [twinkle_zPUH67m]      BasicClassifier.java:362  | Classifier loaded XML norms.
2019-04-18 01:33:54,257 INFO [twinkle_zPUH67m]   AbstractClassifier.java:348  | Classifier data loaded from default uri file:///C:/Users/Ally/My%20Documents/Capstone/CapstoneDB/res/basic-classifier.zip
2019-04-18 01:33:55,952 INFO [twinkle_zPUH67m]       StepMonitoring.java:93   | STEM_SEEDS
2019-04-18 01:33:56,081 INFO [twinkle_zPUH67m]        StemSeedsStep.java:93   | stem(1 max:4)
2019-04-18 01:33:56,154 INFO [twinkle_zPUH67m]       StepMonitoring.java:93   | BEAMS
2019-04-18 01:34:04,451 INFO [twinkle_zPUH67m]       BlackHeadSizer.java:95   | Spots black-head retrieval diameter: 16.2
2019-04-18 01:34:04,539 INFO [twinkle_zPUH67m]       BlackHeadSizer.java:243  | Core black head count: 16 blackHead(width:21.0~0.0 height:17.8~1.0)
2019-04-18 01:34:04,547 INFO [twinkle_zPUH67m]       BlackHeadSizer.java:248  | MusicFont{name:MusicalSymbols pointSize:70}
2019-04-18 01:34:04,632 INFO [twinkle_zPUH67m]       StepMonitoring.java:93   | LEDGERS
2019-04-18 01:34:04,815 INFO [twinkle_zPUH67m]       StepMonitoring.java:93   | HEADS
2019-04-18 01:34:07,180 INFO [twinkle_zPUH67m]       StepMonitoring.java:93   | STEMS
2019-04-18 01:34:07,353 INFO [twinkle_zPUH67m]       StepMonitoring.java:93   | REDUCTION
2019-04-18 01:34:07,444 INFO [twinkle_zPUH67m]       StepMonitoring.java:93   | CUE_BEAMS
2019-04-18 01:34:07,470 INFO [twinkle_zPUH67m]       StepMonitoring.java:93   | TEXTS
2019-04-18 01:34:12,911 INFO [twinkle_zPUH67m]       StepMonitoring.java:93   | MEASURES
2019-04-18 01:34:12,962 INFO [twinkle_zPUH67m]                 Page.java:251  | 12 raw measures: [4 in system#1, 4 in system#2, 4 in system#3]
2019-04-18 01:34:12,964 INFO [twinkle_zPUH67m]       StepMonitoring.java:93   | CHORDS
2019-04-18 01:34:13,049 INFO [twinkle_zPUH67m]       StepMonitoring.java:93   | CURVES
2019-04-18 01:34:14,752 INFO [twinkle_zPUH67m]         SlursBuilder.java:156  | Slurs: 0
2019-04-18 01:34:14,800 INFO [twinkle_zPUH67m]      SegmentsBuilder.java:110  | Segments: 20
2019-04-18 01:34:14,818 INFO [twinkle_zPUH67m]       StepMonitoring.java:93   | SYMBOLS
2019-04-18 01:34:15,436 INFO [twinkle_zPUH67m]       StepMonitoring.java:93   | LINKS
2019-04-18 01:34:15,506 INFO [twinkle_zPUH67m]       StepMonitoring.java:93   | RHYTHMS
2019-04-18 01:34:15,674 INFO [twinkle_zPUH67m]       StepMonitoring.java:93   | PAGE
2019-04-18 01:34:15,707 INFO [twinkle_zPUH67m]            SheetStub.java:974  | Stub#1 storing
2019-04-18 01:34:15,728 INFO [twinkle_zPUH67m]                 Book.java:1660 | Stored /book.xml
2019-04-18 01:34:16,111 INFO [twinkle_zPUH67m]              Picture.java:784  | Stored /sheet#1/BINARY.xml
2019-04-18 01:34:17,121 INFO [twinkle_zPUH67m]                Sheet.java:1246 | Stored /sheet#1/sheet#1.xml
2019-04-18 01:34:17,150 INFO [twinkle_zPUH67m]            SheetStub.java:979  | Sheet{twinkle_zPUH67m} disposed
2019-04-18 01:34:18,062 INFO [twinkle_zPUH67m]            SheetStub.java:632  | Loaded /sheet#1/sheet#1.xml
2019-04-18 01:34:18,065 INFO [twinkle_zPUH67m]                 Book.java:1451 | Scores built: 1
2019-04-18 01:34:21,932 INFO [twinkle_zPUH67m]        ScoreExporter.java:88   | Score twinkle_zPUH67m exported to media\mxl\twinkle_zPUH67m\twinkle_zPUH67m.mxl
2019-04-18 01:34:22,173 INFO [twinkle_zPUH67m]                 Book.java:1660 | Stored /book.xml
2019-04-18 01:34:22,173 INFO [twinkle_zPUH67m]                 Book.java:1613 | Book stored as media\mxl\twinkle_zPUH67m\twinkle_zPUH67m.omr
