2019-04-18 00:12:05,186 INFO [twinkle_V1A2xBC]                 Book.java:473  | 1 sheet in media\sheets\twinkle_V1A2xBC.pdf
2019-04-18 00:12:05,753 INFO []                 Book.java:1660 | Stored /book.xml
2019-04-18 00:12:05,754 INFO []                 Book.java:1613 | Book stored as media\mxl\twinkle_V1A2xBC\twinkle_V1A2xBC.omr
2019-04-18 00:12:05,777 INFO []                 Book.java:1327 | Book reaching PAGE on sheets:[#1]
2019-04-18 00:12:05,782 INFO [twinkle_V1A2xBC]       StepMonitoring.java:93   | LOAD
2019-04-18 00:12:07,318 INFO [twinkle_V1A2xBC]                 Book.java:1226 | Loaded image 1 2549x3299 from media\sheets\twinkle_V1A2xBC.pdf
2019-04-18 00:12:07,339 INFO [twinkle_V1A2xBC]       StepMonitoring.java:93   | BINARY
2019-04-18 00:12:09,031 INFO [twinkle_V1A2xBC]       StepMonitoring.java:93   | SCALE
2019-04-18 00:12:09,070 INFO [twinkle_V1A2xBC]         ScaleBuilder.java:557  | Second combo peak too different (182,182,182), ignored
2019-04-18 00:12:09,079 INFO [twinkle_V1A2xBC]         ScaleBuilder.java:492  | Beam minHeight:5 maxHeight:17 quorum:689
2019-04-18 00:12:09,079 INFO [twinkle_V1A2xBC]         ScaleBuilder.java:235  | No beam key found, guessed value: 11
2019-04-18 00:12:09,081 INFO [twinkle_V1A2xBC]            ScaleStep.java:84   | Scale{line(1,1,2) interline(17,18,18) beam(11 extra)}
2019-04-18 00:12:09,082 INFO [twinkle_V1A2xBC]       StepMonitoring.java:93   | GRID
2019-04-18 00:12:09,570 INFO [twinkle_V1A2xBC]       LinesRetriever.java:447  | Global slope: 0.00000
2019-04-18 00:12:09,629 INFO [twinkle_V1A2xBC]    ClustersRetriever.java:235  | Retrieved line clusters: 3 of size: 5 with interline: interline(17,18,18)
2019-04-18 00:12:09,805 INFO [twinkle_V1A2xBC]            PeakGraph.java:177  | Systems: #1[1] #2[2] #3[3]
2019-04-18 00:12:10,202 INFO [twinkle_V1A2xBC]        SystemManager.java:731  | 1 part along 3 systems
2019-04-18 00:12:10,209 INFO [twinkle_V1A2xBC]       StepMonitoring.java:93   | HEADERS
2019-04-18 00:12:10,678 INFO [twinkle_V1A2xBC]      BasicClassifier.java:362  | Classifier loaded XML norms.
2019-04-18 00:12:10,690 INFO [twinkle_V1A2xBC]   AbstractClassifier.java:348  | Classifier data loaded from default uri file:///C:/Users/Ally/My%20Documents/Capstone/CapstoneDB/res/basic-classifier.zip
2019-04-18 00:12:12,145 INFO [twinkle_V1A2xBC]       StepMonitoring.java:93   | STEM_SEEDS
2019-04-18 00:12:12,239 INFO [twinkle_V1A2xBC]        StemSeedsStep.java:93   | stem(1 max:4)
2019-04-18 00:12:12,294 INFO [twinkle_V1A2xBC]       StepMonitoring.java:93   | BEAMS
2019-04-18 00:12:19,280 INFO [twinkle_V1A2xBC]       BlackHeadSizer.java:95   | Spots black-head retrieval diameter: 16.2
2019-04-18 00:12:19,345 INFO [twinkle_V1A2xBC]       BlackHeadSizer.java:243  | Core black head count: 16 blackHead(width:21.0~0.0 height:17.8~1.0)
2019-04-18 00:12:19,349 INFO [twinkle_V1A2xBC]       BlackHeadSizer.java:248  | MusicFont{name:MusicalSymbols pointSize:70}
2019-04-18 00:12:19,419 INFO [twinkle_V1A2xBC]       StepMonitoring.java:93   | LEDGERS
2019-04-18 00:12:19,578 INFO [twinkle_V1A2xBC]       StepMonitoring.java:93   | HEADS
2019-04-18 00:12:22,274 INFO [twinkle_V1A2xBC]       StepMonitoring.java:93   | STEMS
2019-04-18 00:12:22,533 INFO [twinkle_V1A2xBC]       StepMonitoring.java:93   | REDUCTION
2019-04-18 00:12:22,639 INFO [twinkle_V1A2xBC]       StepMonitoring.java:93   | CUE_BEAMS
2019-04-18 00:12:22,676 INFO [twinkle_V1A2xBC]       StepMonitoring.java:93   | TEXTS
2019-04-18 00:12:28,122 INFO [twinkle_V1A2xBC]       StepMonitoring.java:93   | MEASURES
2019-04-18 00:12:28,161 INFO [twinkle_V1A2xBC]                 Page.java:251  | 12 raw measures: [4 in system#1, 4 in system#2, 4 in system#3]
2019-04-18 00:12:28,164 INFO [twinkle_V1A2xBC]       StepMonitoring.java:93   | CHORDS
2019-04-18 00:12:28,206 INFO [twinkle_V1A2xBC]       StepMonitoring.java:93   | CURVES
2019-04-18 00:12:29,596 INFO [twinkle_V1A2xBC]         SlursBuilder.java:156  | Slurs: 0
2019-04-18 00:12:29,631 INFO [twinkle_V1A2xBC]      SegmentsBuilder.java:110  | Segments: 20
2019-04-18 00:12:29,654 INFO [twinkle_V1A2xBC]       StepMonitoring.java:93   | SYMBOLS
2019-04-18 00:12:30,086 INFO [twinkle_V1A2xBC]       StepMonitoring.java:93   | LINKS
2019-04-18 00:12:30,113 INFO [twinkle_V1A2xBC]       StepMonitoring.java:93   | RHYTHMS
2019-04-18 00:12:30,274 INFO [twinkle_V1A2xBC]       StepMonitoring.java:93   | PAGE
2019-04-18 00:12:30,295 INFO [twinkle_V1A2xBC]            SheetStub.java:974  | Stub#1 storing
2019-04-18 00:12:30,313 INFO [twinkle_V1A2xBC]                 Book.java:1660 | Stored /book.xml
2019-04-18 00:12:30,722 INFO [twinkle_V1A2xBC]              Picture.java:784  | Stored /sheet#1/BINARY.xml
2019-04-18 00:12:31,459 INFO [twinkle_V1A2xBC]                Sheet.java:1246 | Stored /sheet#1/sheet#1.xml
2019-04-18 00:12:31,530 INFO [twinkle_V1A2xBC]            SheetStub.java:979  | Sheet{twinkle_V1A2xBC} disposed
2019-04-18 00:12:32,253 INFO [twinkle_V1A2xBC]            SheetStub.java:632  | Loaded /sheet#1/sheet#1.xml
2019-04-18 00:12:32,258 INFO [twinkle_V1A2xBC]                 Book.java:1451 | Scores built: 1
2019-04-18 00:12:35,736 INFO [twinkle_V1A2xBC]        ScoreExporter.java:88   | Score twinkle_V1A2xBC exported to media\mxl\twinkle_V1A2xBC\twinkle_V1A2xBC.mxl
2019-04-18 00:12:35,931 INFO [twinkle_V1A2xBC]                 Book.java:1660 | Stored /book.xml
2019-04-18 00:12:35,932 INFO [twinkle_V1A2xBC]                 Book.java:1613 | Book stored as media\mxl\twinkle_V1A2xBC\twinkle_V1A2xBC.omr
