2019-04-17 21:50:28,738 INFO [twinkle_GRg4dAn]                 Book.java:473  | 1 sheet in media\sheets\twinkle_GRg4dAn.pdf
2019-04-17 21:50:29,054 INFO []                 Book.java:1660 | Stored /book.xml
2019-04-17 21:50:29,055 INFO []                 Book.java:1613 | Book stored as media\mxl\twinkle_GRg4dAn\twinkle_GRg4dAn.omr
2019-04-17 21:50:29,073 INFO []                 Book.java:1327 | Book reaching PAGE on sheets:[#1]
2019-04-17 21:50:29,073 INFO [twinkle_GRg4dAn]       StepMonitoring.java:93   | LOAD
2019-04-17 21:50:29,770 INFO [twinkle_GRg4dAn]                 Book.java:1226 | Loaded image 1 2549x3299 from media\sheets\twinkle_GRg4dAn.pdf
2019-04-17 21:50:29,777 INFO [twinkle_GRg4dAn]       StepMonitoring.java:93   | BINARY
2019-04-17 21:50:30,457 INFO [twinkle_GRg4dAn]       StepMonitoring.java:93   | SCALE
2019-04-17 21:50:30,482 INFO [twinkle_GRg4dAn]         ScaleBuilder.java:557  | Second combo peak too different (182,182,182), ignored
2019-04-17 21:50:30,487 INFO [twinkle_GRg4dAn]         ScaleBuilder.java:492  | Beam minHeight:5 maxHeight:17 quorum:689
2019-04-17 21:50:30,488 INFO [twinkle_GRg4dAn]         ScaleBuilder.java:235  | No beam key found, guessed value: 11
2019-04-17 21:50:30,490 INFO [twinkle_GRg4dAn]            ScaleStep.java:84   | Scale{line(1,1,2) interline(17,18,18) beam(11 extra)}
2019-04-17 21:50:30,491 INFO [twinkle_GRg4dAn]       StepMonitoring.java:93   | GRID
2019-04-17 21:50:30,825 INFO [twinkle_GRg4dAn]       LinesRetriever.java:447  | Global slope: 0.00000
2019-04-17 21:50:30,861 INFO [twinkle_GRg4dAn]    ClustersRetriever.java:235  | Retrieved line clusters: 3 of size: 5 with interline: interline(17,18,18)
2019-04-17 21:50:30,965 INFO [twinkle_GRg4dAn]            PeakGraph.java:177  | Systems: #1[1] #2[2] #3[3]
2019-04-17 21:50:31,234 INFO [twinkle_GRg4dAn]        SystemManager.java:731  | 1 part along 3 systems
2019-04-17 21:50:31,237 INFO [twinkle_GRg4dAn]       StepMonitoring.java:93   | HEADERS
2019-04-17 21:50:31,600 INFO [twinkle_GRg4dAn]      BasicClassifier.java:362  | Classifier loaded XML norms.
2019-04-17 21:50:31,606 INFO [twinkle_GRg4dAn]   AbstractClassifier.java:348  | Classifier data loaded from default uri file:///C:/Users/Ally/My%20Documents/Capstone/CapstoneDB/res/basic-classifier.zip
2019-04-17 21:50:32,548 INFO [twinkle_GRg4dAn]       StepMonitoring.java:93   | STEM_SEEDS
2019-04-17 21:50:32,609 INFO [twinkle_GRg4dAn]        StemSeedsStep.java:93   | stem(1 max:4)
2019-04-17 21:50:32,653 INFO [twinkle_GRg4dAn]       StepMonitoring.java:93   | BEAMS
2019-04-17 21:50:37,029 INFO [twinkle_GRg4dAn]       BlackHeadSizer.java:95   | Spots black-head retrieval diameter: 16.2
2019-04-17 21:50:37,067 INFO [twinkle_GRg4dAn]       BlackHeadSizer.java:243  | Core black head count: 16 blackHead(width:21.0~0.0 height:17.8~1.0)
2019-04-17 21:50:37,071 INFO [twinkle_GRg4dAn]       BlackHeadSizer.java:248  | MusicFont{name:MusicalSymbols pointSize:70}
2019-04-17 21:50:37,119 INFO [twinkle_GRg4dAn]       StepMonitoring.java:93   | LEDGERS
2019-04-17 21:50:37,245 INFO [twinkle_GRg4dAn]       StepMonitoring.java:93   | HEADS
2019-04-17 21:50:38,560 INFO [twinkle_GRg4dAn]       StepMonitoring.java:93   | STEMS
2019-04-17 21:50:38,697 INFO [twinkle_GRg4dAn]       StepMonitoring.java:93   | REDUCTION
2019-04-17 21:50:38,775 INFO [twinkle_GRg4dAn]       StepMonitoring.java:93   | CUE_BEAMS
2019-04-17 21:50:38,796 INFO [twinkle_GRg4dAn]       StepMonitoring.java:93   | TEXTS
2019-04-17 21:50:41,250 INFO [twinkle_GRg4dAn]       StepMonitoring.java:93   | MEASURES
2019-04-17 21:50:41,268 INFO [twinkle_GRg4dAn]                 Page.java:251  | 12 raw measures: [4 in system#1, 4 in system#2, 4 in system#3]
2019-04-17 21:50:41,269 INFO [twinkle_GRg4dAn]       StepMonitoring.java:93   | CHORDS
2019-04-17 21:50:41,296 INFO [twinkle_GRg4dAn]       StepMonitoring.java:93   | CURVES
2019-04-17 21:50:42,163 INFO [twinkle_GRg4dAn]         SlursBuilder.java:156  | Slurs: 0
2019-04-17 21:50:42,180 INFO [twinkle_GRg4dAn]      SegmentsBuilder.java:110  | Segments: 20
2019-04-17 21:50:42,192 INFO [twinkle_GRg4dAn]       StepMonitoring.java:93   | SYMBOLS
2019-04-17 21:50:42,388 INFO [twinkle_GRg4dAn]       StepMonitoring.java:93   | LINKS
2019-04-17 21:50:42,411 INFO [twinkle_GRg4dAn]       StepMonitoring.java:93   | RHYTHMS
2019-04-17 21:50:42,480 INFO [twinkle_GRg4dAn]       StepMonitoring.java:93   | PAGE
2019-04-17 21:50:42,492 INFO [twinkle_GRg4dAn]            SheetStub.java:974  | Stub#1 storing
2019-04-17 21:50:42,510 INFO [twinkle_GRg4dAn]                 Book.java:1660 | Stored /book.xml
2019-04-17 21:50:42,654 INFO [twinkle_GRg4dAn]              Picture.java:784  | Stored /sheet#1/BINARY.xml
2019-04-17 21:50:43,086 INFO [twinkle_GRg4dAn]                Sheet.java:1246 | Stored /sheet#1/sheet#1.xml
2019-04-17 21:50:43,107 INFO [twinkle_GRg4dAn]            SheetStub.java:979  | Sheet{twinkle_GRg4dAn} disposed
2019-04-17 21:50:43,597 INFO [twinkle_GRg4dAn]            SheetStub.java:632  | Loaded /sheet#1/sheet#1.xml
2019-04-17 21:50:43,599 INFO [twinkle_GRg4dAn]                 Book.java:1451 | Scores built: 1
2019-04-17 21:50:45,657 INFO [twinkle_GRg4dAn]        ScoreExporter.java:88   | Score twinkle_GRg4dAn exported to media\mxl\twinkle_GRg4dAn\twinkle_GRg4dAn.mxl
2019-04-17 21:50:45,782 INFO [twinkle_GRg4dAn]                 Book.java:1660 | Stored /book.xml
2019-04-17 21:50:45,782 INFO [twinkle_GRg4dAn]                 Book.java:1613 | Book stored as media\mxl\twinkle_GRg4dAn\twinkle_GRg4dAn.omr
