2019-04-18 00:40:05,230 INFO [twinkle_4e8jzn7]                 Book.java:473  | 1 sheet in media\sheets\twinkle_4e8jzn7.pdf
2019-04-18 00:40:05,787 INFO []                 Book.java:1660 | Stored /book.xml
2019-04-18 00:40:05,788 INFO []                 Book.java:1613 | Book stored as media\mxl\twinkle_4e8jzn7\twinkle_4e8jzn7.omr
2019-04-18 00:40:05,854 INFO []                 Book.java:1327 | Book reaching PAGE on sheets:[#1]
2019-04-18 00:40:05,858 INFO [twinkle_4e8jzn7]       StepMonitoring.java:93   | LOAD
2019-04-18 00:40:07,030 INFO [twinkle_4e8jzn7]                 Book.java:1226 | Loaded image 1 2549x3299 from media\sheets\twinkle_4e8jzn7.pdf
2019-04-18 00:40:07,036 INFO [twinkle_4e8jzn7]       StepMonitoring.java:93   | BINARY
2019-04-18 00:40:08,604 INFO [twinkle_4e8jzn7]       StepMonitoring.java:93   | SCALE
2019-04-18 00:40:08,650 INFO [twinkle_4e8jzn7]         ScaleBuilder.java:557  | Second combo peak too different (182,182,182), ignored
2019-04-18 00:40:08,659 INFO [twinkle_4e8jzn7]         ScaleBuilder.java:492  | Beam minHeight:5 maxHeight:17 quorum:689
2019-04-18 00:40:08,661 INFO [twinkle_4e8jzn7]         ScaleBuilder.java:235  | No beam key found, guessed value: 11
2019-04-18 00:40:08,665 INFO [twinkle_4e8jzn7]            ScaleStep.java:84   | Scale{line(1,1,2) interline(17,18,18) beam(11 extra)}
2019-04-18 00:40:08,667 INFO [twinkle_4e8jzn7]       StepMonitoring.java:93   | GRID
2019-04-18 00:40:09,198 INFO [twinkle_4e8jzn7]       LinesRetriever.java:447  | Global slope: 0.00000
2019-04-18 00:40:09,258 INFO [twinkle_4e8jzn7]    ClustersRetriever.java:235  | Retrieved line clusters: 3 of size: 5 with interline: interline(17,18,18)
2019-04-18 00:40:09,454 INFO [twinkle_4e8jzn7]            PeakGraph.java:177  | Systems: #1[1] #2[2] #3[3]
2019-04-18 00:40:09,855 INFO [twinkle_4e8jzn7]        SystemManager.java:731  | 1 part along 3 systems
2019-04-18 00:40:09,864 INFO [twinkle_4e8jzn7]       StepMonitoring.java:93   | HEADERS
2019-04-18 00:40:10,383 INFO [twinkle_4e8jzn7]      BasicClassifier.java:362  | Classifier loaded XML norms.
2019-04-18 00:40:10,393 INFO [twinkle_4e8jzn7]   AbstractClassifier.java:348  | Classifier data loaded from default uri file:///C:/Users/Ally/My%20Documents/Capstone/CapstoneDB/res/basic-classifier.zip
2019-04-18 00:40:12,055 INFO [twinkle_4e8jzn7]       StepMonitoring.java:93   | STEM_SEEDS
2019-04-18 00:40:12,169 INFO [twinkle_4e8jzn7]        StemSeedsStep.java:93   | stem(1 max:4)
2019-04-18 00:40:12,255 INFO [twinkle_4e8jzn7]       StepMonitoring.java:93   | BEAMS
2019-04-18 00:40:20,204 INFO [twinkle_4e8jzn7]       BlackHeadSizer.java:95   | Spots black-head retrieval diameter: 16.2
2019-04-18 00:40:20,275 INFO [twinkle_4e8jzn7]       BlackHeadSizer.java:243  | Core black head count: 16 blackHead(width:21.0~0.0 height:17.8~1.0)
2019-04-18 00:40:20,284 INFO [twinkle_4e8jzn7]       BlackHeadSizer.java:248  | MusicFont{name:MusicalSymbols pointSize:70}
2019-04-18 00:40:20,356 INFO [twinkle_4e8jzn7]       StepMonitoring.java:93   | LEDGERS
2019-04-18 00:40:20,605 INFO [twinkle_4e8jzn7]       StepMonitoring.java:93   | HEADS
2019-04-18 00:40:23,250 INFO [twinkle_4e8jzn7]       StepMonitoring.java:93   | STEMS
2019-04-18 00:40:23,439 INFO [twinkle_4e8jzn7]       StepMonitoring.java:93   | REDUCTION
2019-04-18 00:40:23,526 INFO [twinkle_4e8jzn7]       StepMonitoring.java:93   | CUE_BEAMS
2019-04-18 00:40:23,559 INFO [twinkle_4e8jzn7]       StepMonitoring.java:93   | TEXTS
2019-04-18 00:40:28,547 INFO [twinkle_4e8jzn7]       StepMonitoring.java:93   | MEASURES
2019-04-18 00:40:28,570 INFO [twinkle_4e8jzn7]                 Page.java:251  | 12 raw measures: [4 in system#1, 4 in system#2, 4 in system#3]
2019-04-18 00:40:28,570 INFO [twinkle_4e8jzn7]       StepMonitoring.java:93   | CHORDS
2019-04-18 00:40:28,599 INFO [twinkle_4e8jzn7]       StepMonitoring.java:93   | CURVES
2019-04-18 00:40:29,732 INFO [twinkle_4e8jzn7]         SlursBuilder.java:156  | Slurs: 0
2019-04-18 00:40:29,752 INFO [twinkle_4e8jzn7]      SegmentsBuilder.java:110  | Segments: 20
2019-04-18 00:40:29,765 INFO [twinkle_4e8jzn7]       StepMonitoring.java:93   | SYMBOLS
2019-04-18 00:40:30,028 INFO [twinkle_4e8jzn7]       StepMonitoring.java:93   | LINKS
2019-04-18 00:40:30,051 INFO [twinkle_4e8jzn7]       StepMonitoring.java:93   | RHYTHMS
2019-04-18 00:40:30,127 INFO [twinkle_4e8jzn7]       StepMonitoring.java:93   | PAGE
2019-04-18 00:40:30,140 INFO [twinkle_4e8jzn7]            SheetStub.java:974  | Stub#1 storing
2019-04-18 00:40:30,154 INFO [twinkle_4e8jzn7]                 Book.java:1660 | Stored /book.xml
2019-04-18 00:40:30,296 INFO [twinkle_4e8jzn7]              Picture.java:784  | Stored /sheet#1/BINARY.xml
2019-04-18 00:40:30,803 INFO [twinkle_4e8jzn7]                Sheet.java:1246 | Stored /sheet#1/sheet#1.xml
2019-04-18 00:40:30,840 INFO [twinkle_4e8jzn7]            SheetStub.java:979  | Sheet{twinkle_4e8jzn7} disposed
2019-04-18 00:40:31,335 INFO [twinkle_4e8jzn7]            SheetStub.java:632  | Loaded /sheet#1/sheet#1.xml
2019-04-18 00:40:31,339 INFO [twinkle_4e8jzn7]                 Book.java:1451 | Scores built: 1
2019-04-18 00:40:33,853 INFO [twinkle_4e8jzn7]        ScoreExporter.java:88   | Score twinkle_4e8jzn7 exported to media\mxl\twinkle_4e8jzn7\twinkle_4e8jzn7.mxl
2019-04-18 00:40:34,014 INFO [twinkle_4e8jzn7]                 Book.java:1660 | Stored /book.xml
2019-04-18 00:40:34,014 INFO [twinkle_4e8jzn7]                 Book.java:1613 | Book stored as media\mxl\twinkle_4e8jzn7\twinkle_4e8jzn7.omr
