2019-04-18 00:31:49,963 INFO [twinkle_8yDEqq8]                 Book.java:473  | 1 sheet in media\sheets\twinkle_8yDEqq8.pdf
2019-04-18 00:31:50,366 INFO []                 Book.java:1660 | Stored /book.xml
2019-04-18 00:31:50,366 INFO []                 Book.java:1613 | Book stored as media\mxl\twinkle_8yDEqq8\twinkle_8yDEqq8.omr
2019-04-18 00:31:50,383 INFO []                 Book.java:1327 | Book reaching PAGE on sheets:[#1]
2019-04-18 00:31:50,387 INFO [twinkle_8yDEqq8]       StepMonitoring.java:93   | LOAD
2019-04-18 00:31:51,824 INFO [twinkle_8yDEqq8]                 Book.java:1226 | Loaded image 1 2549x3299 from media\sheets\twinkle_8yDEqq8.pdf
2019-04-18 00:31:51,831 INFO [twinkle_8yDEqq8]       StepMonitoring.java:93   | BINARY
2019-04-18 00:31:53,332 INFO [twinkle_8yDEqq8]       StepMonitoring.java:93   | SCALE
2019-04-18 00:31:53,370 INFO [twinkle_8yDEqq8]         ScaleBuilder.java:557  | Second combo peak too different (182,182,182), ignored
2019-04-18 00:31:53,376 INFO [twinkle_8yDEqq8]         ScaleBuilder.java:492  | Beam minHeight:5 maxHeight:17 quorum:689
2019-04-18 00:31:53,380 INFO [twinkle_8yDEqq8]         ScaleBuilder.java:235  | No beam key found, guessed value: 11
2019-04-18 00:31:53,382 INFO [twinkle_8yDEqq8]            ScaleStep.java:84   | Scale{line(1,1,2) interline(17,18,18) beam(11 extra)}
2019-04-18 00:31:53,383 INFO [twinkle_8yDEqq8]       StepMonitoring.java:93   | GRID
2019-04-18 00:31:53,939 INFO [twinkle_8yDEqq8]       LinesRetriever.java:447  | Global slope: 0.00000
2019-04-18 00:31:54,011 INFO [twinkle_8yDEqq8]    ClustersRetriever.java:235  | Retrieved line clusters: 3 of size: 5 with interline: interline(17,18,18)
2019-04-18 00:31:54,192 INFO [twinkle_8yDEqq8]            PeakGraph.java:177  | Systems: #1[1] #2[2] #3[3]
2019-04-18 00:31:54,582 INFO [twinkle_8yDEqq8]        SystemManager.java:731  | 1 part along 3 systems
2019-04-18 00:31:54,590 INFO [twinkle_8yDEqq8]       StepMonitoring.java:93   | HEADERS
2019-04-18 00:31:55,139 INFO [twinkle_8yDEqq8]      BasicClassifier.java:362  | Classifier loaded XML norms.
2019-04-18 00:31:55,150 INFO [twinkle_8yDEqq8]   AbstractClassifier.java:348  | Classifier data loaded from default uri file:///C:/Users/Ally/My%20Documents/Capstone/CapstoneDB/res/basic-classifier.zip
2019-04-18 00:31:56,661 INFO [twinkle_8yDEqq8]       StepMonitoring.java:93   | STEM_SEEDS
2019-04-18 00:31:56,771 INFO [twinkle_8yDEqq8]        StemSeedsStep.java:93   | stem(1 max:4)
2019-04-18 00:31:56,837 INFO [twinkle_8yDEqq8]       StepMonitoring.java:93   | BEAMS
2019-04-18 00:32:04,268 INFO [twinkle_8yDEqq8]       BlackHeadSizer.java:95   | Spots black-head retrieval diameter: 16.2
2019-04-18 00:32:04,382 INFO [twinkle_8yDEqq8]       BlackHeadSizer.java:243  | Core black head count: 16 blackHead(width:21.0~0.0 height:17.8~1.0)
2019-04-18 00:32:04,388 INFO [twinkle_8yDEqq8]       BlackHeadSizer.java:248  | MusicFont{name:MusicalSymbols pointSize:70}
2019-04-18 00:32:04,473 INFO [twinkle_8yDEqq8]       StepMonitoring.java:93   | LEDGERS
2019-04-18 00:32:04,678 INFO [twinkle_8yDEqq8]       StepMonitoring.java:93   | HEADS
2019-04-18 00:32:06,954 INFO [twinkle_8yDEqq8]       StepMonitoring.java:93   | STEMS
2019-04-18 00:32:07,147 INFO [twinkle_8yDEqq8]       StepMonitoring.java:93   | REDUCTION
2019-04-18 00:32:07,222 INFO [twinkle_8yDEqq8]       StepMonitoring.java:93   | CUE_BEAMS
2019-04-18 00:32:07,253 INFO [twinkle_8yDEqq8]       StepMonitoring.java:93   | TEXTS
2019-04-18 00:32:11,753 INFO [twinkle_8yDEqq8]       StepMonitoring.java:93   | MEASURES
2019-04-18 00:32:11,772 INFO [twinkle_8yDEqq8]                 Page.java:251  | 12 raw measures: [4 in system#1, 4 in system#2, 4 in system#3]
2019-04-18 00:32:11,776 INFO [twinkle_8yDEqq8]       StepMonitoring.java:93   | CHORDS
2019-04-18 00:32:11,801 INFO [twinkle_8yDEqq8]       StepMonitoring.java:93   | CURVES
2019-04-18 00:32:13,175 INFO [twinkle_8yDEqq8]         SlursBuilder.java:156  | Slurs: 0
2019-04-18 00:32:13,201 INFO [twinkle_8yDEqq8]      SegmentsBuilder.java:110  | Segments: 20
2019-04-18 00:32:13,219 INFO [twinkle_8yDEqq8]       StepMonitoring.java:93   | SYMBOLS
2019-04-18 00:32:13,545 INFO [twinkle_8yDEqq8]       StepMonitoring.java:93   | LINKS
2019-04-18 00:32:13,572 INFO [twinkle_8yDEqq8]       StepMonitoring.java:93   | RHYTHMS
2019-04-18 00:32:13,651 INFO [twinkle_8yDEqq8]       StepMonitoring.java:93   | PAGE
2019-04-18 00:32:13,661 INFO [twinkle_8yDEqq8]            SheetStub.java:974  | Stub#1 storing
2019-04-18 00:32:13,677 INFO [twinkle_8yDEqq8]                 Book.java:1660 | Stored /book.xml
2019-04-18 00:32:13,827 INFO [twinkle_8yDEqq8]              Picture.java:784  | Stored /sheet#1/BINARY.xml
2019-04-18 00:32:14,371 INFO [twinkle_8yDEqq8]                Sheet.java:1246 | Stored /sheet#1/sheet#1.xml
2019-04-18 00:32:14,391 INFO [twinkle_8yDEqq8]            SheetStub.java:979  | Sheet{twinkle_8yDEqq8} disposed
2019-04-18 00:32:15,164 INFO [twinkle_8yDEqq8]            SheetStub.java:632  | Loaded /sheet#1/sheet#1.xml
2019-04-18 00:32:15,169 INFO [twinkle_8yDEqq8]                 Book.java:1451 | Scores built: 1
2019-04-18 00:32:18,296 INFO [twinkle_8yDEqq8]        ScoreExporter.java:88   | Score twinkle_8yDEqq8 exported to media\mxl\twinkle_8yDEqq8\twinkle_8yDEqq8.mxl
2019-04-18 00:32:18,502 INFO [twinkle_8yDEqq8]                 Book.java:1660 | Stored /book.xml
2019-04-18 00:32:18,502 INFO [twinkle_8yDEqq8]                 Book.java:1613 | Book stored as media\mxl\twinkle_8yDEqq8\twinkle_8yDEqq8.omr
