2019-04-17 23:53:55,488 INFO [twinkle_8QL7ySq]                 Book.java:473  | 1 sheet in media\sheets\twinkle_8QL7ySq.pdf
2019-04-17 23:53:55,964 INFO []                 Book.java:1660 | Stored /book.xml
2019-04-17 23:53:55,965 INFO []                 Book.java:1613 | Book stored as media\mxl\twinkle_8QL7ySq\twinkle_8QL7ySq.omr
2019-04-17 23:53:56,001 INFO []                 Book.java:1327 | Book reaching PAGE on sheets:[#1]
2019-04-17 23:53:56,006 INFO [twinkle_8QL7ySq]       StepMonitoring.java:93   | LOAD
2019-04-17 23:53:57,176 INFO [twinkle_8QL7ySq]                 Book.java:1226 | Loaded image 1 2549x3299 from media\sheets\twinkle_8QL7ySq.pdf
2019-04-17 23:53:57,188 INFO [twinkle_8QL7ySq]       StepMonitoring.java:93   | BINARY
2019-04-17 23:53:58,489 INFO [twinkle_8QL7ySq]       StepMonitoring.java:93   | SCALE
2019-04-17 23:53:58,527 INFO [twinkle_8QL7ySq]         ScaleBuilder.java:557  | Second combo peak too different (182,182,182), ignored
2019-04-17 23:53:58,535 INFO [twinkle_8QL7ySq]         ScaleBuilder.java:492  | Beam minHeight:5 maxHeight:17 quorum:689
2019-04-17 23:53:58,536 INFO [twinkle_8QL7ySq]         ScaleBuilder.java:235  | No beam key found, guessed value: 11
2019-04-17 23:53:58,538 INFO [twinkle_8QL7ySq]            ScaleStep.java:84   | Scale{line(1,1,2) interline(17,18,18) beam(11 extra)}
2019-04-17 23:53:58,538 INFO [twinkle_8QL7ySq]       StepMonitoring.java:93   | GRID
2019-04-17 23:53:59,004 INFO [twinkle_8QL7ySq]       LinesRetriever.java:447  | Global slope: 0.00000
2019-04-17 23:53:59,062 INFO [twinkle_8QL7ySq]    ClustersRetriever.java:235  | Retrieved line clusters: 3 of size: 5 with interline: interline(17,18,18)
2019-04-17 23:53:59,225 INFO [twinkle_8QL7ySq]            PeakGraph.java:177  | Systems: #1[1] #2[2] #3[3]
2019-04-17 23:53:59,663 INFO [twinkle_8QL7ySq]        SystemManager.java:731  | 1 part along 3 systems
2019-04-17 23:53:59,668 INFO [twinkle_8QL7ySq]       StepMonitoring.java:93   | HEADERS
2019-04-17 23:54:00,239 INFO []      BasicClassifier.java:362  | Classifier loaded XML norms.
2019-04-17 23:54:00,253 INFO []   AbstractClassifier.java:348  | Classifier data loaded from default uri file:///C:/Users/Ally/My%20Documents/Capstone/CapstoneDB/res/basic-classifier.zip
2019-04-17 23:54:01,796 INFO [twinkle_8QL7ySq]       StepMonitoring.java:93   | STEM_SEEDS
2019-04-17 23:54:01,903 INFO [twinkle_8QL7ySq]        StemSeedsStep.java:93   | stem(1 max:4)
2019-04-17 23:54:01,968 INFO [twinkle_8QL7ySq]       StepMonitoring.java:93   | BEAMS
2019-04-17 23:54:09,648 INFO [twinkle_8QL7ySq]       BlackHeadSizer.java:95   | Spots black-head retrieval diameter: 16.2
2019-04-17 23:54:09,724 INFO [twinkle_8QL7ySq]       BlackHeadSizer.java:243  | Core black head count: 16 blackHead(width:21.0~0.0 height:17.8~1.0)
2019-04-17 23:54:09,729 INFO [twinkle_8QL7ySq]       BlackHeadSizer.java:248  | MusicFont{name:MusicalSymbols pointSize:70}
2019-04-17 23:54:09,804 INFO [twinkle_8QL7ySq]       StepMonitoring.java:93   | LEDGERS
2019-04-17 23:54:09,958 INFO [twinkle_8QL7ySq]       StepMonitoring.java:93   | HEADS
2019-04-17 23:54:12,091 INFO [twinkle_8QL7ySq]       StepMonitoring.java:93   | STEMS
2019-04-17 23:54:12,270 INFO [twinkle_8QL7ySq]       StepMonitoring.java:93   | REDUCTION
2019-04-17 23:54:12,338 INFO [twinkle_8QL7ySq]       StepMonitoring.java:93   | CUE_BEAMS
2019-04-17 23:54:12,343 INFO [twinkle_8QL7ySq]       StepMonitoring.java:93   | TEXTS
2019-04-17 23:54:16,609 INFO [twinkle_8QL7ySq]       StepMonitoring.java:93   | MEASURES
2019-04-17 23:54:16,630 INFO [twinkle_8QL7ySq]                 Page.java:251  | 12 raw measures: [4 in system#1, 4 in system#2, 4 in system#3]
2019-04-17 23:54:16,630 INFO [twinkle_8QL7ySq]       StepMonitoring.java:93   | CHORDS
2019-04-17 23:54:16,670 INFO [twinkle_8QL7ySq]       StepMonitoring.java:93   | CURVES
2019-04-17 23:54:17,935 INFO [twinkle_8QL7ySq]         SlursBuilder.java:156  | Slurs: 0
2019-04-17 23:54:17,952 INFO [twinkle_8QL7ySq]      SegmentsBuilder.java:110  | Segments: 20
2019-04-17 23:54:17,970 INFO [twinkle_8QL7ySq]       StepMonitoring.java:93   | SYMBOLS
2019-04-17 23:54:18,261 INFO [twinkle_8QL7ySq]       StepMonitoring.java:93   | LINKS
2019-04-17 23:54:18,285 INFO [twinkle_8QL7ySq]       StepMonitoring.java:93   | RHYTHMS
2019-04-17 23:54:18,360 INFO [twinkle_8QL7ySq]       StepMonitoring.java:93   | PAGE
2019-04-17 23:54:18,374 INFO [twinkle_8QL7ySq]            SheetStub.java:974  | Stub#1 storing
2019-04-17 23:54:18,389 INFO [twinkle_8QL7ySq]                 Book.java:1660 | Stored /book.xml
2019-04-17 23:54:18,549 INFO [twinkle_8QL7ySq]              Picture.java:784  | Stored /sheet#1/BINARY.xml
2019-04-17 23:54:19,229 INFO [twinkle_8QL7ySq]                Sheet.java:1246 | Stored /sheet#1/sheet#1.xml
2019-04-17 23:54:19,593 INFO [twinkle_8QL7ySq]            SheetStub.java:979  | Sheet{twinkle_8QL7ySq} disposed
2019-04-17 23:54:20,307 INFO [twinkle_8QL7ySq]            SheetStub.java:632  | Loaded /sheet#1/sheet#1.xml
2019-04-17 23:54:20,309 INFO [twinkle_8QL7ySq]                 Book.java:1451 | Scores built: 1
2019-04-17 23:54:23,546 INFO [twinkle_8QL7ySq]        ScoreExporter.java:88   | Score twinkle_8QL7ySq exported to media\mxl\twinkle_8QL7ySq\twinkle_8QL7ySq.mxl
2019-04-17 23:54:23,892 INFO [twinkle_8QL7ySq]                 Book.java:1660 | Stored /book.xml
2019-04-17 23:54:23,892 INFO [twinkle_8QL7ySq]                 Book.java:1613 | Book stored as media\mxl\twinkle_8QL7ySq\twinkle_8QL7ySq.omr
