2019-04-17 22:41:53,609 INFO [twinkle_VOrRkU0]                 Book.java:473  | 1 sheet in media\sheets\twinkle_VOrRkU0.pdf
2019-04-17 22:41:53,849 INFO []                 Book.java:1660 | Stored /book.xml
2019-04-17 22:41:53,850 INFO []                 Book.java:1613 | Book stored as media\mxl\twinkle_VOrRkU0\twinkle_VOrRkU0.omr
2019-04-17 22:41:53,902 INFO []                 Book.java:1327 | Book reaching PAGE on sheets:[#1]
2019-04-17 22:41:53,908 INFO [twinkle_VOrRkU0]       StepMonitoring.java:93   | LOAD
2019-04-17 22:41:54,403 INFO [twinkle_VOrRkU0]                 Book.java:1226 | Loaded image 1 2549x3299 from media\sheets\twinkle_VOrRkU0.pdf
2019-04-17 22:41:54,411 INFO [twinkle_VOrRkU0]       StepMonitoring.java:93   | BINARY
2019-04-17 22:41:55,147 INFO [twinkle_VOrRkU0]       StepMonitoring.java:93   | SCALE
2019-04-17 22:41:55,179 INFO [twinkle_VOrRkU0]         ScaleBuilder.java:557  | Second combo peak too different (182,182,182), ignored
2019-04-17 22:41:55,183 INFO [twinkle_VOrRkU0]         ScaleBuilder.java:492  | Beam minHeight:5 maxHeight:17 quorum:689
2019-04-17 22:41:55,184 INFO [twinkle_VOrRkU0]         ScaleBuilder.java:235  | No beam key found, guessed value: 11
2019-04-17 22:41:55,186 INFO [twinkle_VOrRkU0]            ScaleStep.java:84   | Scale{line(1,1,2) interline(17,18,18) beam(11 extra)}
2019-04-17 22:41:55,190 INFO [twinkle_VOrRkU0]       StepMonitoring.java:93   | GRID
2019-04-17 22:41:55,581 INFO [twinkle_VOrRkU0]       LinesRetriever.java:447  | Global slope: 0.00000
2019-04-17 22:41:55,611 INFO [twinkle_VOrRkU0]    ClustersRetriever.java:235  | Retrieved line clusters: 3 of size: 5 with interline: interline(17,18,18)
2019-04-17 22:41:55,692 INFO [twinkle_VOrRkU0]            PeakGraph.java:177  | Systems: #1[1] #2[2] #3[3]
2019-04-17 22:41:55,880 INFO [twinkle_VOrRkU0]        SystemManager.java:731  | 1 part along 3 systems
2019-04-17 22:41:55,883 INFO [twinkle_VOrRkU0]       StepMonitoring.java:93   | HEADERS
2019-04-17 22:41:56,122 INFO [twinkle_VOrRkU0]      BasicClassifier.java:362  | Classifier loaded XML norms.
2019-04-17 22:41:56,129 INFO [twinkle_VOrRkU0]   AbstractClassifier.java:348  | Classifier data loaded from default uri file:///C:/Users/Ally/My%20Documents/Capstone/CapstoneDB/res/basic-classifier.zip
2019-04-17 22:41:58,584 INFO [twinkle_VOrRkU0]       StepMonitoring.java:93   | STEM_SEEDS
2019-04-17 22:41:59,918 INFO [twinkle_VOrRkU0]        StemSeedsStep.java:93   | stem(1 max:4)
2019-04-17 22:42:00,149 INFO [twinkle_VOrRkU0]       StepMonitoring.java:93   | BEAMS
2019-04-17 22:42:08,749 INFO [twinkle_VOrRkU0]       BlackHeadSizer.java:95   | Spots black-head retrieval diameter: 16.2
2019-04-17 22:42:08,811 INFO [twinkle_VOrRkU0]       BlackHeadSizer.java:243  | Core black head count: 16 blackHead(width:21.0~0.0 height:17.8~1.0)
2019-04-17 22:42:08,816 INFO [twinkle_VOrRkU0]       BlackHeadSizer.java:248  | MusicFont{name:MusicalSymbols pointSize:70}
2019-04-17 22:42:08,921 INFO [twinkle_VOrRkU0]       StepMonitoring.java:93   | LEDGERS
2019-04-17 22:42:09,101 INFO [twinkle_VOrRkU0]       StepMonitoring.java:93   | HEADS
2019-04-17 22:42:10,873 INFO [twinkle_VOrRkU0]       StepMonitoring.java:93   | STEMS
2019-04-17 22:42:11,004 INFO [twinkle_VOrRkU0]       StepMonitoring.java:93   | REDUCTION
2019-04-17 22:42:11,077 INFO [twinkle_VOrRkU0]       StepMonitoring.java:93   | CUE_BEAMS
2019-04-17 22:42:11,098 INFO [twinkle_VOrRkU0]       StepMonitoring.java:93   | TEXTS
2019-04-17 22:42:14,278 INFO [twinkle_VOrRkU0]       StepMonitoring.java:93   | MEASURES
2019-04-17 22:42:14,299 INFO [twinkle_VOrRkU0]                 Page.java:251  | 12 raw measures: [4 in system#1, 4 in system#2, 4 in system#3]
2019-04-17 22:42:14,300 INFO [twinkle_VOrRkU0]       StepMonitoring.java:93   | CHORDS
2019-04-17 22:42:14,325 INFO [twinkle_VOrRkU0]       StepMonitoring.java:93   | CURVES
2019-04-17 22:42:15,207 INFO [twinkle_VOrRkU0]         SlursBuilder.java:156  | Slurs: 0
2019-04-17 22:42:15,224 INFO [twinkle_VOrRkU0]      SegmentsBuilder.java:110  | Segments: 20
2019-04-17 22:42:15,240 INFO [twinkle_VOrRkU0]       StepMonitoring.java:93   | SYMBOLS
2019-04-17 22:42:15,454 INFO [twinkle_VOrRkU0]       StepMonitoring.java:93   | LINKS
2019-04-17 22:42:15,472 INFO [twinkle_VOrRkU0]       StepMonitoring.java:93   | RHYTHMS
2019-04-17 22:42:15,552 INFO [twinkle_VOrRkU0]       StepMonitoring.java:93   | PAGE
2019-04-17 22:42:15,564 INFO [twinkle_VOrRkU0]            SheetStub.java:974  | Stub#1 storing
2019-04-17 22:42:15,575 INFO [twinkle_VOrRkU0]                 Book.java:1660 | Stored /book.xml
2019-04-17 22:42:15,751 INFO [twinkle_VOrRkU0]              Picture.java:784  | Stored /sheet#1/BINARY.xml
2019-04-17 22:42:16,388 INFO [twinkle_VOrRkU0]                Sheet.java:1246 | Stored /sheet#1/sheet#1.xml
2019-04-17 22:42:16,441 INFO [twinkle_VOrRkU0]            SheetStub.java:979  | Sheet{twinkle_VOrRkU0} disposed
2019-04-17 22:42:16,940 INFO [twinkle_VOrRkU0]            SheetStub.java:632  | Loaded /sheet#1/sheet#1.xml
2019-04-17 22:42:16,942 INFO [twinkle_VOrRkU0]                 Book.java:1451 | Scores built: 1
2019-04-17 22:42:19,144 INFO [twinkle_VOrRkU0]        ScoreExporter.java:88   | Score twinkle_VOrRkU0 exported to media\mxl\twinkle_VOrRkU0\twinkle_VOrRkU0.mxl
2019-04-17 22:42:19,313 INFO [twinkle_VOrRkU0]                 Book.java:1660 | Stored /book.xml
2019-04-17 22:42:19,314 INFO [twinkle_VOrRkU0]                 Book.java:1613 | Book stored as media\mxl\twinkle_VOrRkU0\twinkle_VOrRkU0.omr
