2019-04-18 01:14:09,145 INFO [twinkle_cwVup3W]                 Book.java:473  | 1 sheet in media\sheets\twinkle_cwVup3W.pdf
2019-04-18 01:14:09,675 INFO []                 Book.java:1660 | Stored /book.xml
2019-04-18 01:14:09,675 INFO []                 Book.java:1613 | Book stored as media\mxl\twinkle_cwVup3W\twinkle_cwVup3W.omr
2019-04-18 01:14:09,707 INFO []                 Book.java:1327 | Book reaching PAGE on sheets:[#1]
2019-04-18 01:14:09,713 INFO [twinkle_cwVup3W]       StepMonitoring.java:93   | LOAD
2019-04-18 01:14:10,746 INFO [twinkle_cwVup3W]                 Book.java:1226 | Loaded image 1 2549x3299 from media\sheets\twinkle_cwVup3W.pdf
2019-04-18 01:14:10,755 INFO [twinkle_cwVup3W]       StepMonitoring.java:93   | BINARY
2019-04-18 01:14:12,306 INFO [twinkle_cwVup3W]       StepMonitoring.java:93   | SCALE
2019-04-18 01:14:12,339 INFO [twinkle_cwVup3W]         ScaleBuilder.java:557  | Second combo peak too different (182,182,182), ignored
2019-04-18 01:14:12,353 INFO [twinkle_cwVup3W]         ScaleBuilder.java:492  | Beam minHeight:5 maxHeight:17 quorum:689
2019-04-18 01:14:12,355 INFO [twinkle_cwVup3W]         ScaleBuilder.java:235  | No beam key found, guessed value: 11
2019-04-18 01:14:12,356 INFO [twinkle_cwVup3W]            ScaleStep.java:84   | Scale{line(1,1,2) interline(17,18,18) beam(11 extra)}
2019-04-18 01:14:12,356 INFO [twinkle_cwVup3W]       StepMonitoring.java:93   | GRID
2019-04-18 01:14:12,877 INFO [twinkle_cwVup3W]       LinesRetriever.java:447  | Global slope: 0.00000
2019-04-18 01:14:12,939 INFO [twinkle_cwVup3W]    ClustersRetriever.java:235  | Retrieved line clusters: 3 of size: 5 with interline: interline(17,18,18)
2019-04-18 01:14:13,105 INFO [twinkle_cwVup3W]            PeakGraph.java:177  | Systems: #1[1] #2[2] #3[3]
2019-04-18 01:14:13,571 INFO [twinkle_cwVup3W]        SystemManager.java:731  | 1 part along 3 systems
2019-04-18 01:14:13,576 INFO [twinkle_cwVup3W]       StepMonitoring.java:93   | HEADERS
2019-04-18 01:14:14,139 INFO [twinkle_cwVup3W]      BasicClassifier.java:362  | Classifier loaded XML norms.
2019-04-18 01:14:14,155 INFO [twinkle_cwVup3W]   AbstractClassifier.java:348  | Classifier data loaded from default uri file:///C:/Users/Ally/My%20Documents/Capstone/CapstoneDB/res/basic-classifier.zip
2019-04-18 01:14:15,867 INFO [twinkle_cwVup3W]       StepMonitoring.java:93   | STEM_SEEDS
2019-04-18 01:14:15,995 INFO [twinkle_cwVup3W]        StemSeedsStep.java:93   | stem(1 max:4)
2019-04-18 01:14:16,071 INFO [twinkle_cwVup3W]       StepMonitoring.java:93   | BEAMS
2019-04-18 01:14:23,805 INFO [twinkle_cwVup3W]       BlackHeadSizer.java:95   | Spots black-head retrieval diameter: 16.2
2019-04-18 01:14:23,887 INFO [twinkle_cwVup3W]       BlackHeadSizer.java:243  | Core black head count: 16 blackHead(width:21.0~0.0 height:17.8~1.0)
2019-04-18 01:14:23,889 INFO [twinkle_cwVup3W]       BlackHeadSizer.java:248  | MusicFont{name:MusicalSymbols pointSize:70}
2019-04-18 01:14:23,967 INFO [twinkle_cwVup3W]       StepMonitoring.java:93   | LEDGERS
2019-04-18 01:14:24,177 INFO [twinkle_cwVup3W]       StepMonitoring.java:93   | HEADS
2019-04-18 01:14:27,446 INFO [twinkle_cwVup3W]       StepMonitoring.java:93   | STEMS
2019-04-18 01:14:27,654 INFO [twinkle_cwVup3W]       StepMonitoring.java:93   | REDUCTION
2019-04-18 01:14:27,741 INFO [twinkle_cwVup3W]       StepMonitoring.java:93   | CUE_BEAMS
2019-04-18 01:14:27,768 INFO [twinkle_cwVup3W]       StepMonitoring.java:93   | TEXTS
2019-04-18 01:14:32,990 INFO [twinkle_cwVup3W]       StepMonitoring.java:93   | MEASURES
2019-04-18 01:14:33,018 INFO [twinkle_cwVup3W]                 Page.java:251  | 12 raw measures: [4 in system#1, 4 in system#2, 4 in system#3]
2019-04-18 01:14:33,019 INFO [twinkle_cwVup3W]       StepMonitoring.java:93   | CHORDS
2019-04-18 01:14:33,055 INFO [twinkle_cwVup3W]       StepMonitoring.java:93   | CURVES
2019-04-18 01:14:34,436 INFO [twinkle_cwVup3W]         SlursBuilder.java:156  | Slurs: 0
2019-04-18 01:14:34,463 INFO [twinkle_cwVup3W]      SegmentsBuilder.java:110  | Segments: 20
2019-04-18 01:14:34,479 INFO [twinkle_cwVup3W]       StepMonitoring.java:93   | SYMBOLS
2019-04-18 01:14:34,779 INFO [twinkle_cwVup3W]       StepMonitoring.java:93   | LINKS
2019-04-18 01:14:34,810 INFO [twinkle_cwVup3W]       StepMonitoring.java:93   | RHYTHMS
2019-04-18 01:14:34,913 INFO [twinkle_cwVup3W]       StepMonitoring.java:93   | PAGE
2019-04-18 01:14:34,933 INFO [twinkle_cwVup3W]            SheetStub.java:974  | Stub#1 storing
2019-04-18 01:14:34,949 INFO [twinkle_cwVup3W]                 Book.java:1660 | Stored /book.xml
2019-04-18 01:14:35,144 INFO [twinkle_cwVup3W]              Picture.java:784  | Stored /sheet#1/BINARY.xml
2019-04-18 01:14:35,938 INFO [twinkle_cwVup3W]                Sheet.java:1246 | Stored /sheet#1/sheet#1.xml
2019-04-18 01:14:35,987 INFO [twinkle_cwVup3W]            SheetStub.java:979  | Sheet{twinkle_cwVup3W} disposed
2019-04-18 01:14:36,815 INFO [twinkle_cwVup3W]            SheetStub.java:632  | Loaded /sheet#1/sheet#1.xml
2019-04-18 01:14:36,818 INFO [twinkle_cwVup3W]                 Book.java:1451 | Scores built: 1
2019-04-18 01:14:41,319 INFO [twinkle_cwVup3W]        ScoreExporter.java:88   | Score twinkle_cwVup3W exported to media\mxl\twinkle_cwVup3W\twinkle_cwVup3W.mxl
2019-04-18 01:14:41,532 INFO [twinkle_cwVup3W]                 Book.java:1660 | Stored /book.xml
2019-04-18 01:14:41,533 INFO [twinkle_cwVup3W]                 Book.java:1613 | Book stored as media\mxl\twinkle_cwVup3W\twinkle_cwVup3W.omr
