2019-04-24 09:43:04,077 INFO [twinkle_h7v6iR7]                 Book.java:473  | 1 sheet in media\sheets\twinkle_h7v6iR7.pdf
2019-04-24 09:43:04,273 INFO []                 Book.java:1660 | Stored /book.xml
2019-04-24 09:43:04,274 INFO []                 Book.java:1613 | Book stored as media\mxl\twinkle_h7v6iR7\twinkle_h7v6iR7.omr
2019-04-24 09:43:04,286 INFO []                 Book.java:1327 | Book reaching PAGE on sheets:[#1]
2019-04-24 09:43:04,289 INFO [twinkle_h7v6iR7]       StepMonitoring.java:93   | LOAD
2019-04-24 09:43:04,705 INFO [twinkle_h7v6iR7]                 Book.java:1226 | Loaded image 1 2549x3299 from media\sheets\twinkle_h7v6iR7.pdf
2019-04-24 09:43:04,712 INFO [twinkle_h7v6iR7]       StepMonitoring.java:93   | BINARY
2019-04-24 09:43:05,252 INFO [twinkle_h7v6iR7]       StepMonitoring.java:93   | SCALE
2019-04-24 09:43:05,267 INFO [twinkle_h7v6iR7]         ScaleBuilder.java:557  | Second combo peak too different (182,182,182), ignored
2019-04-24 09:43:05,270 INFO [twinkle_h7v6iR7]         ScaleBuilder.java:492  | Beam minHeight:5 maxHeight:17 quorum:689
2019-04-24 09:43:05,271 INFO [twinkle_h7v6iR7]         ScaleBuilder.java:235  | No beam key found, guessed value: 11
2019-04-24 09:43:05,272 INFO [twinkle_h7v6iR7]            ScaleStep.java:84   | Scale{line(1,1,2) interline(17,18,18) beam(11 extra)}
2019-04-24 09:43:05,273 INFO [twinkle_h7v6iR7]       StepMonitoring.java:93   | GRID
2019-04-24 09:43:05,463 INFO [twinkle_h7v6iR7]       LinesRetriever.java:447  | Global slope: 0.00000
2019-04-24 09:43:05,489 INFO [twinkle_h7v6iR7]    ClustersRetriever.java:235  | Retrieved line clusters: 3 of size: 5 with interline: interline(17,18,18)
2019-04-24 09:43:05,558 INFO [twinkle_h7v6iR7]            PeakGraph.java:177  | Systems: #1[1] #2[2] #3[3]
2019-04-24 09:43:05,724 INFO [twinkle_h7v6iR7]        SystemManager.java:731  | 1 part along 3 systems
2019-04-24 09:43:05,726 INFO [twinkle_h7v6iR7]       StepMonitoring.java:93   | HEADERS
2019-04-24 09:43:05,986 INFO [twinkle_h7v6iR7]      BasicClassifier.java:362  | Classifier loaded XML norms.
2019-04-24 09:43:05,990 INFO [twinkle_h7v6iR7]   AbstractClassifier.java:348  | Classifier data loaded from default uri file:///C:/Users/Ally/My%20Documents/Capstone/CapstoneDB/res/basic-classifier.zip
2019-04-24 09:43:06,608 INFO [twinkle_h7v6iR7]       StepMonitoring.java:93   | STEM_SEEDS
2019-04-24 09:43:06,653 INFO [twinkle_h7v6iR7]        StemSeedsStep.java:93   | stem(1 max:4)
2019-04-24 09:43:06,679 INFO [twinkle_h7v6iR7]       StepMonitoring.java:93   | BEAMS
2019-04-24 09:43:09,691 INFO [twinkle_h7v6iR7]       BlackHeadSizer.java:95   | Spots black-head retrieval diameter: 16.2
2019-04-24 09:43:09,725 INFO [twinkle_h7v6iR7]       BlackHeadSizer.java:243  | Core black head count: 16 blackHead(width:21.0~0.0 height:17.8~1.0)
2019-04-24 09:43:09,727 INFO [twinkle_h7v6iR7]       BlackHeadSizer.java:248  | MusicFont{name:MusicalSymbols pointSize:70}
2019-04-24 09:43:09,762 INFO [twinkle_h7v6iR7]       StepMonitoring.java:93   | LEDGERS
2019-04-24 09:43:09,835 INFO [twinkle_h7v6iR7]       StepMonitoring.java:93   | HEADS
2019-04-24 09:43:10,772 INFO [twinkle_h7v6iR7]       StepMonitoring.java:93   | STEMS
2019-04-24 09:43:10,880 INFO [twinkle_h7v6iR7]       StepMonitoring.java:93   | REDUCTION
2019-04-24 09:43:10,933 INFO [twinkle_h7v6iR7]       StepMonitoring.java:93   | CUE_BEAMS
2019-04-24 09:43:10,947 INFO [twinkle_h7v6iR7]       StepMonitoring.java:93   | TEXTS
2019-04-24 09:43:12,911 INFO [twinkle_h7v6iR7]       StepMonitoring.java:93   | MEASURES
2019-04-24 09:43:12,924 INFO [twinkle_h7v6iR7]                 Page.java:251  | 12 raw measures: [4 in system#1, 4 in system#2, 4 in system#3]
2019-04-24 09:43:12,924 INFO [twinkle_h7v6iR7]       StepMonitoring.java:93   | CHORDS
2019-04-24 09:43:12,937 INFO [twinkle_h7v6iR7]       StepMonitoring.java:93   | CURVES
2019-04-24 09:43:13,623 INFO [twinkle_h7v6iR7]         SlursBuilder.java:156  | Slurs: 0
2019-04-24 09:43:13,633 INFO [twinkle_h7v6iR7]      SegmentsBuilder.java:110  | Segments: 20
2019-04-24 09:43:13,641 INFO [twinkle_h7v6iR7]       StepMonitoring.java:93   | SYMBOLS
2019-04-24 09:43:13,782 INFO [twinkle_h7v6iR7]       StepMonitoring.java:93   | LINKS
2019-04-24 09:43:13,792 INFO [twinkle_h7v6iR7]       StepMonitoring.java:93   | RHYTHMS
2019-04-24 09:43:13,831 INFO [twinkle_h7v6iR7]       StepMonitoring.java:93   | PAGE
2019-04-24 09:43:13,837 INFO [twinkle_h7v6iR7]            SheetStub.java:974  | Stub#1 storing
2019-04-24 09:43:13,843 INFO [twinkle_h7v6iR7]                 Book.java:1660 | Stored /book.xml
2019-04-24 09:43:13,913 INFO [twinkle_h7v6iR7]              Picture.java:784  | Stored /sheet#1/BINARY.xml
2019-04-24 09:43:14,293 INFO [twinkle_h7v6iR7]                Sheet.java:1246 | Stored /sheet#1/sheet#1.xml
2019-04-24 09:43:14,321 INFO [twinkle_h7v6iR7]            SheetStub.java:979  | Sheet{twinkle_h7v6iR7} disposed
2019-04-24 09:43:14,643 INFO [twinkle_h7v6iR7]            SheetStub.java:632  | Loaded /sheet#1/sheet#1.xml
2019-04-24 09:43:14,644 INFO [twinkle_h7v6iR7]                 Book.java:1451 | Scores built: 1
2019-04-24 09:43:15,988 INFO [twinkle_h7v6iR7]        ScoreExporter.java:88   | Score twinkle_h7v6iR7 exported to media\mxl\twinkle_h7v6iR7\twinkle_h7v6iR7.mxl
2019-04-24 09:43:16,094 INFO [twinkle_h7v6iR7]                 Book.java:1660 | Stored /book.xml
2019-04-24 09:43:16,095 INFO [twinkle_h7v6iR7]                 Book.java:1613 | Book stored as media\mxl\twinkle_h7v6iR7\twinkle_h7v6iR7.omr
