2019-05-01 01:16:04,818 INFO [twinkle_kEdwIPn]                 Book.java:473  | 1 sheet in media\sheets\twinkle_kEdwIPn.pdf
2019-05-01 01:16:05,206 INFO []                 Book.java:1660 | Stored /book.xml
2019-05-01 01:16:05,208 INFO []                 Book.java:1613 | Book stored as media\mxl\twinkle_kEdwIPn\twinkle_kEdwIPn.omr
2019-05-01 01:16:05,230 INFO []                 Book.java:1327 | Book reaching PAGE on sheets:[#1]
2019-05-01 01:16:05,234 INFO [twinkle_kEdwIPn]       StepMonitoring.java:93   | LOAD
2019-05-01 01:16:05,943 INFO [twinkle_kEdwIPn]                 Book.java:1226 | Loaded image 1 2549x3299 from media\sheets\twinkle_kEdwIPn.pdf
2019-05-01 01:16:05,951 INFO [twinkle_kEdwIPn]       StepMonitoring.java:93   | BINARY
2019-05-01 01:16:06,828 INFO [twinkle_kEdwIPn]       StepMonitoring.java:93   | SCALE
2019-05-01 01:16:06,860 INFO [twinkle_kEdwIPn]         ScaleBuilder.java:557  | Second combo peak too different (182,182,182), ignored
2019-05-01 01:16:06,867 INFO [twinkle_kEdwIPn]         ScaleBuilder.java:492  | Beam minHeight:5 maxHeight:17 quorum:689
2019-05-01 01:16:06,868 INFO [twinkle_kEdwIPn]         ScaleBuilder.java:235  | No beam key found, guessed value: 11
2019-05-01 01:16:06,869 INFO [twinkle_kEdwIPn]            ScaleStep.java:84   | Scale{line(1,1,2) interline(17,18,18) beam(11 extra)}
2019-05-01 01:16:06,871 INFO [twinkle_kEdwIPn]       StepMonitoring.java:93   | GRID
2019-05-01 01:16:07,190 INFO [twinkle_kEdwIPn]       LinesRetriever.java:447  | Global slope: 0.00000
2019-05-01 01:16:07,235 INFO [twinkle_kEdwIPn]    ClustersRetriever.java:235  | Retrieved line clusters: 3 of size: 5 with interline: interline(17,18,18)
2019-05-01 01:16:07,357 INFO [twinkle_kEdwIPn]            PeakGraph.java:177  | Systems: #1[1] #2[2] #3[3]
2019-05-01 01:16:07,684 INFO [twinkle_kEdwIPn]        SystemManager.java:731  | 1 part along 3 systems
2019-05-01 01:16:07,689 INFO [twinkle_kEdwIPn]       StepMonitoring.java:93   | HEADERS
2019-05-01 01:16:08,083 INFO [twinkle_kEdwIPn]      BasicClassifier.java:362  | Classifier loaded XML norms.
2019-05-01 01:16:08,091 INFO [twinkle_kEdwIPn]   AbstractClassifier.java:348  | Classifier data loaded from default uri file:///C:/Users/Ally/My%20Documents/Capstone/CapstoneDB/res/basic-classifier.zip
2019-05-01 01:16:09,101 INFO [twinkle_kEdwIPn]       StepMonitoring.java:93   | STEM_SEEDS
2019-05-01 01:16:09,177 INFO [twinkle_kEdwIPn]        StemSeedsStep.java:93   | stem(1 max:4)
2019-05-01 01:16:09,230 INFO [twinkle_kEdwIPn]       StepMonitoring.java:93   | BEAMS
2019-05-01 01:16:13,530 INFO [twinkle_kEdwIPn]       BlackHeadSizer.java:95   | Spots black-head retrieval diameter: 16.2
2019-05-01 01:16:13,571 INFO [twinkle_kEdwIPn]       BlackHeadSizer.java:243  | Core black head count: 16 blackHead(width:21.0~0.0 height:17.8~1.0)
2019-05-01 01:16:13,575 INFO [twinkle_kEdwIPn]       BlackHeadSizer.java:248  | MusicFont{name:MusicalSymbols pointSize:70}
2019-05-01 01:16:13,620 INFO [twinkle_kEdwIPn]       StepMonitoring.java:93   | LEDGERS
2019-05-01 01:16:13,744 INFO [twinkle_kEdwIPn]       StepMonitoring.java:93   | HEADS
2019-05-01 01:16:15,147 INFO [twinkle_kEdwIPn]       StepMonitoring.java:93   | STEMS
2019-05-01 01:16:15,269 INFO [twinkle_kEdwIPn]       StepMonitoring.java:93   | REDUCTION
2019-05-01 01:16:15,312 INFO [twinkle_kEdwIPn]       StepMonitoring.java:93   | CUE_BEAMS
2019-05-01 01:16:15,320 INFO [twinkle_kEdwIPn]       StepMonitoring.java:93   | TEXTS
2019-05-01 01:16:18,123 INFO [twinkle_kEdwIPn]       StepMonitoring.java:93   | MEASURES
2019-05-01 01:16:18,139 INFO [twinkle_kEdwIPn]                 Page.java:251  | 12 raw measures: [4 in system#1, 4 in system#2, 4 in system#3]
2019-05-01 01:16:18,140 INFO [twinkle_kEdwIPn]       StepMonitoring.java:93   | CHORDS
2019-05-01 01:16:18,163 INFO [twinkle_kEdwIPn]       StepMonitoring.java:93   | CURVES
2019-05-01 01:16:18,940 INFO [twinkle_kEdwIPn]         SlursBuilder.java:156  | Slurs: 0
2019-05-01 01:16:18,963 INFO [twinkle_kEdwIPn]      SegmentsBuilder.java:110  | Segments: 20
2019-05-01 01:16:18,974 INFO [twinkle_kEdwIPn]       StepMonitoring.java:93   | SYMBOLS
2019-05-01 01:16:19,174 INFO [twinkle_kEdwIPn]       StepMonitoring.java:93   | LINKS
2019-05-01 01:16:19,191 INFO [twinkle_kEdwIPn]       StepMonitoring.java:93   | RHYTHMS
2019-05-01 01:16:19,247 INFO [twinkle_kEdwIPn]       StepMonitoring.java:93   | PAGE
2019-05-01 01:16:19,258 INFO [twinkle_kEdwIPn]            SheetStub.java:974  | Stub#1 storing
2019-05-01 01:16:19,268 INFO [twinkle_kEdwIPn]                 Book.java:1660 | Stored /book.xml
2019-05-01 01:16:19,393 INFO [twinkle_kEdwIPn]              Picture.java:784  | Stored /sheet#1/BINARY.xml
2019-05-01 01:16:19,899 INFO [twinkle_kEdwIPn]                Sheet.java:1246 | Stored /sheet#1/sheet#1.xml
2019-05-01 01:16:19,917 INFO [twinkle_kEdwIPn]            SheetStub.java:979  | Sheet{twinkle_kEdwIPn} disposed
2019-05-01 01:16:20,465 INFO [twinkle_kEdwIPn]            SheetStub.java:632  | Loaded /sheet#1/sheet#1.xml
2019-05-01 01:16:20,465 INFO [twinkle_kEdwIPn]                 Book.java:1451 | Scores built: 1
2019-05-01 01:16:22,659 INFO [twinkle_kEdwIPn]        ScoreExporter.java:88   | Score twinkle_kEdwIPn exported to media\mxl\twinkle_kEdwIPn\twinkle_kEdwIPn.mxl
2019-05-01 01:16:22,824 INFO [twinkle_kEdwIPn]                 Book.java:1660 | Stored /book.xml
2019-05-01 01:16:22,825 INFO [twinkle_kEdwIPn]                 Book.java:1613 | Book stored as media\mxl\twinkle_kEdwIPn\twinkle_kEdwIPn.omr
