2019-04-18 00:28:46,513 INFO [twinkle_leCLzfI]                 Book.java:473  | 1 sheet in media\sheets\twinkle_leCLzfI.pdf
2019-04-18 00:28:47,013 INFO []                 Book.java:1660 | Stored /book.xml
2019-04-18 00:28:47,015 INFO []                 Book.java:1613 | Book stored as media\mxl\twinkle_leCLzfI\twinkle_leCLzfI.omr
2019-04-18 00:28:47,041 INFO []                 Book.java:1327 | Book reaching PAGE on sheets:[#1]
2019-04-18 00:28:47,047 INFO [twinkle_leCLzfI]       StepMonitoring.java:93   | LOAD
2019-04-18 00:28:48,134 INFO [twinkle_leCLzfI]                 Book.java:1226 | Loaded image 1 2549x3299 from media\sheets\twinkle_leCLzfI.pdf
2019-04-18 00:28:48,151 INFO [twinkle_leCLzfI]       StepMonitoring.java:93   | BINARY
2019-04-18 00:28:49,494 INFO [twinkle_leCLzfI]       StepMonitoring.java:93   | SCALE
2019-04-18 00:28:49,528 INFO [twinkle_leCLzfI]         ScaleBuilder.java:557  | Second combo peak too different (182,182,182), ignored
2019-04-18 00:28:49,535 INFO [twinkle_leCLzfI]         ScaleBuilder.java:492  | Beam minHeight:5 maxHeight:17 quorum:689
2019-04-18 00:28:49,537 INFO [twinkle_leCLzfI]         ScaleBuilder.java:235  | No beam key found, guessed value: 11
2019-04-18 00:28:49,539 INFO [twinkle_leCLzfI]            ScaleStep.java:84   | Scale{line(1,1,2) interline(17,18,18) beam(11 extra)}
2019-04-18 00:28:49,540 INFO [twinkle_leCLzfI]       StepMonitoring.java:93   | GRID
2019-04-18 00:28:49,987 INFO [twinkle_leCLzfI]       LinesRetriever.java:447  | Global slope: 0.00000
2019-04-18 00:28:50,041 INFO [twinkle_leCLzfI]    ClustersRetriever.java:235  | Retrieved line clusters: 3 of size: 5 with interline: interline(17,18,18)
2019-04-18 00:28:50,198 INFO [twinkle_leCLzfI]            PeakGraph.java:177  | Systems: #1[1] #2[2] #3[3]
2019-04-18 00:28:50,632 INFO [twinkle_leCLzfI]        SystemManager.java:731  | 1 part along 3 systems
2019-04-18 00:28:50,638 INFO [twinkle_leCLzfI]       StepMonitoring.java:93   | HEADERS
2019-04-18 00:28:51,098 INFO [twinkle_leCLzfI]      BasicClassifier.java:362  | Classifier loaded XML norms.
2019-04-18 00:28:51,109 INFO [twinkle_leCLzfI]   AbstractClassifier.java:348  | Classifier data loaded from default uri file:///C:/Users/Ally/My%20Documents/Capstone/CapstoneDB/res/basic-classifier.zip
2019-04-18 00:28:52,787 INFO [twinkle_leCLzfI]       StepMonitoring.java:93   | STEM_SEEDS
2019-04-18 00:28:52,914 INFO [twinkle_leCLzfI]        StemSeedsStep.java:93   | stem(1 max:4)
2019-04-18 00:28:52,980 INFO [twinkle_leCLzfI]       StepMonitoring.java:93   | BEAMS
2019-04-18 00:29:01,217 INFO [twinkle_leCLzfI]       BlackHeadSizer.java:95   | Spots black-head retrieval diameter: 16.2
2019-04-18 00:29:01,281 INFO [twinkle_leCLzfI]       BlackHeadSizer.java:243  | Core black head count: 16 blackHead(width:21.0~0.0 height:17.8~1.0)
2019-04-18 00:29:01,286 INFO [twinkle_leCLzfI]       BlackHeadSizer.java:248  | MusicFont{name:MusicalSymbols pointSize:70}
2019-04-18 00:29:01,358 INFO [twinkle_leCLzfI]       StepMonitoring.java:93   | LEDGERS
2019-04-18 00:29:01,551 INFO [twinkle_leCLzfI]       StepMonitoring.java:93   | HEADS
2019-04-18 00:29:03,840 INFO [twinkle_leCLzfI]       StepMonitoring.java:93   | STEMS
2019-04-18 00:29:04,025 INFO [twinkle_leCLzfI]       StepMonitoring.java:93   | REDUCTION
2019-04-18 00:29:04,092 INFO [twinkle_leCLzfI]       StepMonitoring.java:93   | CUE_BEAMS
2019-04-18 00:29:04,094 INFO [twinkle_leCLzfI]       StepMonitoring.java:93   | TEXTS
2019-04-18 00:29:08,420 INFO [twinkle_leCLzfI]       StepMonitoring.java:93   | MEASURES
2019-04-18 00:29:08,442 INFO [twinkle_leCLzfI]                 Page.java:251  | 12 raw measures: [4 in system#1, 4 in system#2, 4 in system#3]
2019-04-18 00:29:08,443 INFO [twinkle_leCLzfI]       StepMonitoring.java:93   | CHORDS
2019-04-18 00:29:08,476 INFO [twinkle_leCLzfI]       StepMonitoring.java:93   | CURVES
2019-04-18 00:29:09,561 INFO [twinkle_leCLzfI]         SlursBuilder.java:156  | Slurs: 0
2019-04-18 00:29:09,604 INFO [twinkle_leCLzfI]      SegmentsBuilder.java:110  | Segments: 20
2019-04-18 00:29:09,626 INFO [twinkle_leCLzfI]       StepMonitoring.java:93   | SYMBOLS
2019-04-18 00:29:09,997 INFO [twinkle_leCLzfI]       StepMonitoring.java:93   | LINKS
2019-04-18 00:29:10,026 INFO [twinkle_leCLzfI]       StepMonitoring.java:93   | RHYTHMS
2019-04-18 00:29:10,111 INFO [twinkle_leCLzfI]       StepMonitoring.java:93   | PAGE
2019-04-18 00:29:10,136 INFO [twinkle_leCLzfI]            SheetStub.java:974  | Stub#1 storing
2019-04-18 00:29:10,160 INFO [twinkle_leCLzfI]                 Book.java:1660 | Stored /book.xml
2019-04-18 00:29:10,371 INFO [twinkle_leCLzfI]              Picture.java:784  | Stored /sheet#1/BINARY.xml
2019-04-18 00:29:11,058 INFO [twinkle_leCLzfI]                Sheet.java:1246 | Stored /sheet#1/sheet#1.xml
2019-04-18 00:29:11,080 INFO [twinkle_leCLzfI]            SheetStub.java:979  | Sheet{twinkle_leCLzfI} disposed
2019-04-18 00:29:11,813 INFO [twinkle_leCLzfI]            SheetStub.java:632  | Loaded /sheet#1/sheet#1.xml
2019-04-18 00:29:11,814 INFO [twinkle_leCLzfI]                 Book.java:1451 | Scores built: 1
2019-04-18 00:29:15,045 INFO [twinkle_leCLzfI]        ScoreExporter.java:88   | Score twinkle_leCLzfI exported to media\mxl\twinkle_leCLzfI\twinkle_leCLzfI.mxl
2019-04-18 00:29:15,370 INFO [twinkle_leCLzfI]                 Book.java:1660 | Stored /book.xml
2019-04-18 00:29:15,371 INFO [twinkle_leCLzfI]                 Book.java:1613 | Book stored as media\mxl\twinkle_leCLzfI\twinkle_leCLzfI.omr
