2019-04-18 00:38:04,006 INFO [twinkle_2sv2aaG]                 Book.java:473  | 1 sheet in media\sheets\twinkle_2sv2aaG.pdf
2019-04-18 00:38:04,437 INFO []                 Book.java:1660 | Stored /book.xml
2019-04-18 00:38:04,437 INFO []                 Book.java:1613 | Book stored as media\mxl\twinkle_2sv2aaG\twinkle_2sv2aaG.omr
2019-04-18 00:38:04,461 INFO []                 Book.java:1327 | Book reaching PAGE on sheets:[#1]
2019-04-18 00:38:04,466 INFO [twinkle_2sv2aaG]       StepMonitoring.java:93   | LOAD
2019-04-18 00:38:05,368 INFO [twinkle_2sv2aaG]                 Book.java:1226 | Loaded image 1 2549x3299 from media\sheets\twinkle_2sv2aaG.pdf
2019-04-18 00:38:05,381 INFO [twinkle_2sv2aaG]       StepMonitoring.java:93   | BINARY
2019-04-18 00:38:06,713 INFO [twinkle_2sv2aaG]       StepMonitoring.java:93   | SCALE
2019-04-18 00:38:06,762 INFO [twinkle_2sv2aaG]         ScaleBuilder.java:557  | Second combo peak too different (182,182,182), ignored
2019-04-18 00:38:06,770 INFO [twinkle_2sv2aaG]         ScaleBuilder.java:492  | Beam minHeight:5 maxHeight:17 quorum:689
2019-04-18 00:38:06,773 INFO [twinkle_2sv2aaG]         ScaleBuilder.java:235  | No beam key found, guessed value: 11
2019-04-18 00:38:06,776 INFO [twinkle_2sv2aaG]            ScaleStep.java:84   | Scale{line(1,1,2) interline(17,18,18) beam(11 extra)}
2019-04-18 00:38:06,778 INFO [twinkle_2sv2aaG]       StepMonitoring.java:93   | GRID
2019-04-18 00:38:07,303 INFO [twinkle_2sv2aaG]       LinesRetriever.java:447  | Global slope: 0.00000
2019-04-18 00:38:07,365 INFO [twinkle_2sv2aaG]    ClustersRetriever.java:235  | Retrieved line clusters: 3 of size: 5 with interline: interline(17,18,18)
2019-04-18 00:38:07,507 INFO [twinkle_2sv2aaG]            PeakGraph.java:177  | Systems: #1[1] #2[2] #3[3]
2019-04-18 00:38:07,952 INFO [twinkle_2sv2aaG]        SystemManager.java:731  | 1 part along 3 systems
2019-04-18 00:38:07,957 INFO [twinkle_2sv2aaG]       StepMonitoring.java:93   | HEADERS
2019-04-18 00:38:08,501 INFO [twinkle_2sv2aaG]      BasicClassifier.java:362  | Classifier loaded XML norms.
2019-04-18 00:38:08,512 INFO [twinkle_2sv2aaG]   AbstractClassifier.java:348  | Classifier data loaded from default uri file:///C:/Users/Ally/My%20Documents/Capstone/CapstoneDB/res/basic-classifier.zip
2019-04-18 00:38:10,065 INFO [twinkle_2sv2aaG]       StepMonitoring.java:93   | STEM_SEEDS
2019-04-18 00:38:10,231 INFO [twinkle_2sv2aaG]        StemSeedsStep.java:93   | stem(1 max:4)
2019-04-18 00:38:10,334 INFO [twinkle_2sv2aaG]       StepMonitoring.java:93   | BEAMS
2019-04-18 00:38:18,010 INFO [twinkle_2sv2aaG]       BlackHeadSizer.java:95   | Spots black-head retrieval diameter: 16.2
2019-04-18 00:38:18,069 INFO [twinkle_2sv2aaG]       BlackHeadSizer.java:243  | Core black head count: 16 blackHead(width:21.0~0.0 height:17.8~1.0)
2019-04-18 00:38:18,076 INFO [twinkle_2sv2aaG]       BlackHeadSizer.java:248  | MusicFont{name:MusicalSymbols pointSize:70}
2019-04-18 00:38:18,162 INFO [twinkle_2sv2aaG]       StepMonitoring.java:93   | LEDGERS
2019-04-18 00:38:18,368 INFO [twinkle_2sv2aaG]       StepMonitoring.java:93   | HEADS
2019-04-18 00:38:20,442 INFO [twinkle_2sv2aaG]       StepMonitoring.java:93   | STEMS
2019-04-18 00:38:20,616 INFO [twinkle_2sv2aaG]       StepMonitoring.java:93   | REDUCTION
2019-04-18 00:38:20,685 INFO [twinkle_2sv2aaG]       StepMonitoring.java:93   | CUE_BEAMS
2019-04-18 00:38:20,687 INFO [twinkle_2sv2aaG]       StepMonitoring.java:93   | TEXTS
2019-04-18 00:38:25,382 INFO [twinkle_2sv2aaG]       StepMonitoring.java:93   | MEASURES
2019-04-18 00:38:25,406 INFO [twinkle_2sv2aaG]                 Page.java:251  | 12 raw measures: [4 in system#1, 4 in system#2, 4 in system#3]
2019-04-18 00:38:25,407 INFO [twinkle_2sv2aaG]       StepMonitoring.java:93   | CHORDS
2019-04-18 00:38:25,437 INFO [twinkle_2sv2aaG]       StepMonitoring.java:93   | CURVES
2019-04-18 00:38:26,625 INFO [twinkle_2sv2aaG]         SlursBuilder.java:156  | Slurs: 0
2019-04-18 00:38:26,664 INFO [twinkle_2sv2aaG]      SegmentsBuilder.java:110  | Segments: 20
2019-04-18 00:38:26,695 INFO [twinkle_2sv2aaG]       StepMonitoring.java:93   | SYMBOLS
2019-04-18 00:38:27,046 INFO [twinkle_2sv2aaG]       StepMonitoring.java:93   | LINKS
2019-04-18 00:38:27,069 INFO [twinkle_2sv2aaG]       StepMonitoring.java:93   | RHYTHMS
2019-04-18 00:38:27,151 INFO [twinkle_2sv2aaG]       StepMonitoring.java:93   | PAGE
2019-04-18 00:38:27,164 INFO [twinkle_2sv2aaG]            SheetStub.java:974  | Stub#1 storing
2019-04-18 00:38:27,180 INFO [twinkle_2sv2aaG]                 Book.java:1660 | Stored /book.xml
2019-04-18 00:38:27,363 INFO [twinkle_2sv2aaG]              Picture.java:784  | Stored /sheet#1/BINARY.xml
2019-04-18 00:38:28,016 INFO [twinkle_2sv2aaG]                Sheet.java:1246 | Stored /sheet#1/sheet#1.xml
2019-04-18 00:38:28,100 INFO [twinkle_2sv2aaG]            SheetStub.java:979  | Sheet{twinkle_2sv2aaG} disposed
2019-04-18 00:38:28,779 INFO [twinkle_2sv2aaG]            SheetStub.java:632  | Loaded /sheet#1/sheet#1.xml
2019-04-18 00:38:28,781 INFO [twinkle_2sv2aaG]                 Book.java:1451 | Scores built: 1
2019-04-18 00:38:32,068 INFO [twinkle_2sv2aaG]        ScoreExporter.java:88   | Score twinkle_2sv2aaG exported to media\mxl\twinkle_2sv2aaG\twinkle_2sv2aaG.mxl
2019-04-18 00:38:32,432 INFO [twinkle_2sv2aaG]                 Book.java:1660 | Stored /book.xml
2019-04-18 00:38:32,433 INFO [twinkle_2sv2aaG]                 Book.java:1613 | Book stored as media\mxl\twinkle_2sv2aaG\twinkle_2sv2aaG.omr
