2019-04-18 01:16:51,698 INFO [twinkle_nUgLYP1]                 Book.java:473  | 1 sheet in media\sheets\twinkle_nUgLYP1.pdf
2019-04-18 01:16:52,233 INFO []                 Book.java:1660 | Stored /book.xml
2019-04-18 01:16:52,234 INFO []                 Book.java:1613 | Book stored as media\mxl\twinkle_nUgLYP1\twinkle_nUgLYP1.omr
2019-04-18 01:16:52,310 INFO []                 Book.java:1327 | Book reaching PAGE on sheets:[#1]
2019-04-18 01:16:52,315 INFO [twinkle_nUgLYP1]       StepMonitoring.java:93   | LOAD
2019-04-18 01:16:53,470 INFO [twinkle_nUgLYP1]                 Book.java:1226 | Loaded image 1 2549x3299 from media\sheets\twinkle_nUgLYP1.pdf
2019-04-18 01:16:53,477 INFO [twinkle_nUgLYP1]       StepMonitoring.java:93   | BINARY
2019-04-18 01:16:55,115 INFO [twinkle_nUgLYP1]       StepMonitoring.java:93   | SCALE
2019-04-18 01:16:55,155 INFO [twinkle_nUgLYP1]         ScaleBuilder.java:557  | Second combo peak too different (182,182,182), ignored
2019-04-18 01:16:55,165 INFO [twinkle_nUgLYP1]         ScaleBuilder.java:492  | Beam minHeight:5 maxHeight:17 quorum:689
2019-04-18 01:16:55,165 INFO [twinkle_nUgLYP1]         ScaleBuilder.java:235  | No beam key found, guessed value: 11
2019-04-18 01:16:55,165 INFO [twinkle_nUgLYP1]            ScaleStep.java:84   | Scale{line(1,1,2) interline(17,18,18) beam(11 extra)}
2019-04-18 01:16:55,169 INFO [twinkle_nUgLYP1]       StepMonitoring.java:93   | GRID
2019-04-18 01:16:55,729 INFO [twinkle_nUgLYP1]       LinesRetriever.java:447  | Global slope: 0.00000
2019-04-18 01:16:55,802 INFO [twinkle_nUgLYP1]    ClustersRetriever.java:235  | Retrieved line clusters: 3 of size: 5 with interline: interline(17,18,18)
2019-04-18 01:16:56,016 INFO [twinkle_nUgLYP1]            PeakGraph.java:177  | Systems: #1[1] #2[2] #3[3]
2019-04-18 01:16:56,455 INFO [twinkle_nUgLYP1]        SystemManager.java:731  | 1 part along 3 systems
2019-04-18 01:16:56,466 INFO [twinkle_nUgLYP1]       StepMonitoring.java:93   | HEADERS
2019-04-18 01:16:57,004 INFO [twinkle_nUgLYP1]      BasicClassifier.java:362  | Classifier loaded XML norms.
2019-04-18 01:16:57,016 INFO [twinkle_nUgLYP1]   AbstractClassifier.java:348  | Classifier data loaded from default uri file:///C:/Users/Ally/My%20Documents/Capstone/CapstoneDB/res/basic-classifier.zip
2019-04-18 01:16:58,625 INFO [twinkle_nUgLYP1]       StepMonitoring.java:93   | STEM_SEEDS
2019-04-18 01:16:58,736 INFO [twinkle_nUgLYP1]        StemSeedsStep.java:93   | stem(1 max:4)
2019-04-18 01:16:58,818 INFO [twinkle_nUgLYP1]       StepMonitoring.java:93   | BEAMS
2019-04-18 01:17:06,541 INFO [twinkle_nUgLYP1]       BlackHeadSizer.java:95   | Spots black-head retrieval diameter: 16.2
2019-04-18 01:17:06,614 INFO [twinkle_nUgLYP1]       BlackHeadSizer.java:243  | Core black head count: 16 blackHead(width:21.0~0.0 height:17.8~1.0)
2019-04-18 01:17:06,615 INFO [twinkle_nUgLYP1]       BlackHeadSizer.java:248  | MusicFont{name:MusicalSymbols pointSize:70}
2019-04-18 01:17:06,699 INFO [twinkle_nUgLYP1]       StepMonitoring.java:93   | LEDGERS
2019-04-18 01:17:06,885 INFO [twinkle_nUgLYP1]       StepMonitoring.java:93   | HEADS
2019-04-18 01:17:09,361 INFO [twinkle_nUgLYP1]       StepMonitoring.java:93   | STEMS
2019-04-18 01:17:09,584 INFO [twinkle_nUgLYP1]       StepMonitoring.java:93   | REDUCTION
2019-04-18 01:17:09,676 INFO [twinkle_nUgLYP1]       StepMonitoring.java:93   | CUE_BEAMS
2019-04-18 01:17:09,679 INFO [twinkle_nUgLYP1]       StepMonitoring.java:93   | TEXTS
2019-04-18 01:17:14,179 INFO [twinkle_nUgLYP1]       StepMonitoring.java:93   | MEASURES
2019-04-18 01:17:14,198 INFO [twinkle_nUgLYP1]                 Page.java:251  | 12 raw measures: [4 in system#1, 4 in system#2, 4 in system#3]
2019-04-18 01:17:14,199 INFO [twinkle_nUgLYP1]       StepMonitoring.java:93   | CHORDS
2019-04-18 01:17:14,244 INFO [twinkle_nUgLYP1]       StepMonitoring.java:93   | CURVES
2019-04-18 01:17:15,329 INFO [twinkle_nUgLYP1]         SlursBuilder.java:156  | Slurs: 0
2019-04-18 01:17:15,352 INFO [twinkle_nUgLYP1]      SegmentsBuilder.java:110  | Segments: 20
2019-04-18 01:17:15,371 INFO [twinkle_nUgLYP1]       StepMonitoring.java:93   | SYMBOLS
2019-04-18 01:17:15,683 INFO [twinkle_nUgLYP1]       StepMonitoring.java:93   | LINKS
2019-04-18 01:17:15,708 INFO [twinkle_nUgLYP1]       StepMonitoring.java:93   | RHYTHMS
2019-04-18 01:17:15,781 INFO [twinkle_nUgLYP1]       StepMonitoring.java:93   | PAGE
2019-04-18 01:17:15,796 INFO [twinkle_nUgLYP1]            SheetStub.java:974  | Stub#1 storing
2019-04-18 01:17:15,811 INFO [twinkle_nUgLYP1]                 Book.java:1660 | Stored /book.xml
2019-04-18 01:17:15,986 INFO [twinkle_nUgLYP1]              Picture.java:784  | Stored /sheet#1/BINARY.xml
2019-04-18 01:17:16,626 INFO [twinkle_nUgLYP1]                Sheet.java:1246 | Stored /sheet#1/sheet#1.xml
2019-04-18 01:17:16,649 INFO [twinkle_nUgLYP1]            SheetStub.java:979  | Sheet{twinkle_nUgLYP1} disposed
2019-04-18 01:17:17,336 INFO [twinkle_nUgLYP1]            SheetStub.java:632  | Loaded /sheet#1/sheet#1.xml
2019-04-18 01:17:17,339 INFO [twinkle_nUgLYP1]                 Book.java:1451 | Scores built: 1
2019-04-18 01:17:20,691 INFO [twinkle_nUgLYP1]        ScoreExporter.java:88   | Score twinkle_nUgLYP1 exported to media\mxl\twinkle_nUgLYP1\twinkle_nUgLYP1.mxl
2019-04-18 01:17:21,025 INFO [twinkle_nUgLYP1]                 Book.java:1660 | Stored /book.xml
2019-04-18 01:17:21,026 INFO [twinkle_nUgLYP1]                 Book.java:1613 | Book stored as media\mxl\twinkle_nUgLYP1\twinkle_nUgLYP1.omr
