2019-04-17 23:59:24,748 INFO [twinkle_FwZedD0]                 Book.java:473  | 1 sheet in media\sheets\twinkle_FwZedD0.pdf
2019-04-17 23:59:25,180 INFO []                 Book.java:1660 | Stored /book.xml
2019-04-17 23:59:25,180 INFO []                 Book.java:1613 | Book stored as media\mxl\twinkle_FwZedD0\twinkle_FwZedD0.omr
2019-04-17 23:59:25,202 INFO []                 Book.java:1327 | Book reaching PAGE on sheets:[#1]
2019-04-17 23:59:25,206 INFO [twinkle_FwZedD0]       StepMonitoring.java:93   | LOAD
2019-04-17 23:59:26,409 INFO [twinkle_FwZedD0]                 Book.java:1226 | Loaded image 1 2549x3299 from media\sheets\twinkle_FwZedD0.pdf
2019-04-17 23:59:26,419 INFO [twinkle_FwZedD0]       StepMonitoring.java:93   | BINARY
2019-04-17 23:59:27,702 INFO [twinkle_FwZedD0]       StepMonitoring.java:93   | SCALE
2019-04-17 23:59:27,735 INFO [twinkle_FwZedD0]         ScaleBuilder.java:557  | Second combo peak too different (182,182,182), ignored
2019-04-17 23:59:27,741 INFO [twinkle_FwZedD0]         ScaleBuilder.java:492  | Beam minHeight:5 maxHeight:17 quorum:689
2019-04-17 23:59:27,741 INFO [twinkle_FwZedD0]         ScaleBuilder.java:235  | No beam key found, guessed value: 11
2019-04-17 23:59:27,745 INFO [twinkle_FwZedD0]            ScaleStep.java:84   | Scale{line(1,1,2) interline(17,18,18) beam(11 extra)}
2019-04-17 23:59:27,747 INFO [twinkle_FwZedD0]       StepMonitoring.java:93   | GRID
2019-04-17 23:59:28,188 INFO [twinkle_FwZedD0]       LinesRetriever.java:447  | Global slope: 0.00000
2019-04-17 23:59:28,242 INFO [twinkle_FwZedD0]    ClustersRetriever.java:235  | Retrieved line clusters: 3 of size: 5 with interline: interline(17,18,18)
2019-04-17 23:59:28,379 INFO [twinkle_FwZedD0]            PeakGraph.java:177  | Systems: #1[1] #2[2] #3[3]
2019-04-17 23:59:28,780 INFO [twinkle_FwZedD0]        SystemManager.java:731  | 1 part along 3 systems
2019-04-17 23:59:28,787 INFO [twinkle_FwZedD0]       StepMonitoring.java:93   | HEADERS
2019-04-17 23:59:29,287 INFO [twinkle_FwZedD0]      BasicClassifier.java:362  | Classifier loaded XML norms.
2019-04-17 23:59:29,295 INFO [twinkle_FwZedD0]   AbstractClassifier.java:348  | Classifier data loaded from default uri file:///C:/Users/Ally/My%20Documents/Capstone/CapstoneDB/res/basic-classifier.zip
2019-04-17 23:59:30,721 INFO [twinkle_FwZedD0]       StepMonitoring.java:93   | STEM_SEEDS
2019-04-17 23:59:30,827 INFO [twinkle_FwZedD0]        StemSeedsStep.java:93   | stem(1 max:4)
2019-04-17 23:59:30,885 INFO [twinkle_FwZedD0]       StepMonitoring.java:93   | BEAMS
2019-04-17 23:59:36,932 INFO [twinkle_FwZedD0]       BlackHeadSizer.java:95   | Spots black-head retrieval diameter: 16.2
2019-04-17 23:59:36,976 INFO [twinkle_FwZedD0]       BlackHeadSizer.java:243  | Core black head count: 16 blackHead(width:21.0~0.0 height:17.8~1.0)
2019-04-17 23:59:36,980 INFO [twinkle_FwZedD0]       BlackHeadSizer.java:248  | MusicFont{name:MusicalSymbols pointSize:70}
2019-04-17 23:59:37,033 INFO [twinkle_FwZedD0]       StepMonitoring.java:93   | LEDGERS
2019-04-17 23:59:37,190 INFO [twinkle_FwZedD0]       StepMonitoring.java:93   | HEADS
2019-04-17 23:59:38,797 INFO [twinkle_FwZedD0]       StepMonitoring.java:93   | STEMS
2019-04-17 23:59:38,925 INFO [twinkle_FwZedD0]       StepMonitoring.java:93   | REDUCTION
2019-04-17 23:59:38,977 INFO [twinkle_FwZedD0]       StepMonitoring.java:93   | CUE_BEAMS
2019-04-17 23:59:38,983 INFO [twinkle_FwZedD0]       StepMonitoring.java:93   | TEXTS
2019-04-17 23:59:41,858 INFO [twinkle_FwZedD0]       StepMonitoring.java:93   | MEASURES
2019-04-17 23:59:41,873 INFO [twinkle_FwZedD0]                 Page.java:251  | 12 raw measures: [4 in system#1, 4 in system#2, 4 in system#3]
2019-04-17 23:59:41,875 INFO [twinkle_FwZedD0]       StepMonitoring.java:93   | CHORDS
2019-04-17 23:59:41,898 INFO [twinkle_FwZedD0]       StepMonitoring.java:93   | CURVES
2019-04-17 23:59:42,739 INFO [twinkle_FwZedD0]         SlursBuilder.java:156  | Slurs: 0
2019-04-17 23:59:42,761 INFO [twinkle_FwZedD0]      SegmentsBuilder.java:110  | Segments: 20
2019-04-17 23:59:42,773 INFO [twinkle_FwZedD0]       StepMonitoring.java:93   | SYMBOLS
2019-04-17 23:59:43,013 INFO [twinkle_FwZedD0]       StepMonitoring.java:93   | LINKS
2019-04-17 23:59:43,041 INFO [twinkle_FwZedD0]       StepMonitoring.java:93   | RHYTHMS
2019-04-17 23:59:43,111 INFO [twinkle_FwZedD0]       StepMonitoring.java:93   | PAGE
2019-04-17 23:59:43,123 INFO [twinkle_FwZedD0]            SheetStub.java:974  | Stub#1 storing
2019-04-17 23:59:43,136 INFO [twinkle_FwZedD0]                 Book.java:1660 | Stored /book.xml
2019-04-17 23:59:43,281 INFO [twinkle_FwZedD0]              Picture.java:784  | Stored /sheet#1/BINARY.xml
2019-04-17 23:59:43,807 INFO [twinkle_FwZedD0]                Sheet.java:1246 | Stored /sheet#1/sheet#1.xml
2019-04-17 23:59:43,827 INFO [twinkle_FwZedD0]            SheetStub.java:979  | Sheet{twinkle_FwZedD0} disposed
2019-04-17 23:59:44,336 INFO [twinkle_FwZedD0]            SheetStub.java:632  | Loaded /sheet#1/sheet#1.xml
2019-04-17 23:59:44,339 INFO [twinkle_FwZedD0]                 Book.java:1451 | Scores built: 1
2019-04-17 23:59:46,603 INFO [twinkle_FwZedD0]        ScoreExporter.java:88   | Score twinkle_FwZedD0 exported to media\mxl\twinkle_FwZedD0\twinkle_FwZedD0.mxl
2019-04-17 23:59:46,788 INFO [twinkle_FwZedD0]                 Book.java:1660 | Stored /book.xml
2019-04-17 23:59:46,788 INFO [twinkle_FwZedD0]                 Book.java:1613 | Book stored as media\mxl\twinkle_FwZedD0\twinkle_FwZedD0.omr
