2019-04-18 00:58:58,324 INFO [twinkle_SC8awdT]                 Book.java:473  | 1 sheet in media\sheets\twinkle_SC8awdT.pdf
2019-04-18 00:58:59,098 INFO []                 Book.java:1660 | Stored /book.xml
2019-04-18 00:58:59,099 INFO []                 Book.java:1613 | Book stored as media\mxl\twinkle_SC8awdT\twinkle_SC8awdT.omr
2019-04-18 00:58:59,127 INFO []                 Book.java:1327 | Book reaching PAGE on sheets:[#1]
2019-04-18 00:58:59,133 INFO [twinkle_SC8awdT]       StepMonitoring.java:93   | LOAD
2019-04-18 00:59:00,365 INFO [twinkle_SC8awdT]                 Book.java:1226 | Loaded image 1 2549x3299 from media\sheets\twinkle_SC8awdT.pdf
2019-04-18 00:59:00,377 INFO [twinkle_SC8awdT]       StepMonitoring.java:93   | BINARY
2019-04-18 00:59:02,629 INFO [twinkle_SC8awdT]       StepMonitoring.java:93   | SCALE
2019-04-18 00:59:02,696 INFO [twinkle_SC8awdT]         ScaleBuilder.java:557  | Second combo peak too different (182,182,182), ignored
2019-04-18 00:59:02,711 INFO [twinkle_SC8awdT]         ScaleBuilder.java:492  | Beam minHeight:5 maxHeight:17 quorum:689
2019-04-18 00:59:02,712 INFO [twinkle_SC8awdT]         ScaleBuilder.java:235  | No beam key found, guessed value: 11
2019-04-18 00:59:02,714 INFO [twinkle_SC8awdT]            ScaleStep.java:84   | Scale{line(1,1,2) interline(17,18,18) beam(11 extra)}
2019-04-18 00:59:02,716 INFO [twinkle_SC8awdT]       StepMonitoring.java:93   | GRID
2019-04-18 00:59:03,757 INFO [twinkle_SC8awdT]       LinesRetriever.java:447  | Global slope: 0.00000
2019-04-18 00:59:03,879 INFO [twinkle_SC8awdT]    ClustersRetriever.java:235  | Retrieved line clusters: 3 of size: 5 with interline: interline(17,18,18)
2019-04-18 00:59:04,547 INFO [twinkle_SC8awdT]            PeakGraph.java:177  | Systems: #1[1] #2[2] #3[3]
2019-04-18 00:59:05,412 INFO [twinkle_SC8awdT]        SystemManager.java:731  | 1 part along 3 systems
2019-04-18 00:59:05,419 INFO [twinkle_SC8awdT]       StepMonitoring.java:93   | HEADERS
2019-04-18 00:59:06,146 INFO [twinkle_SC8awdT]      BasicClassifier.java:362  | Classifier loaded XML norms.
2019-04-18 00:59:06,176 INFO [twinkle_SC8awdT]   AbstractClassifier.java:348  | Classifier data loaded from default uri file:///C:/Users/Ally/My%20Documents/Capstone/CapstoneDB/res/basic-classifier.zip
2019-04-18 00:59:08,191 INFO [twinkle_SC8awdT]       StepMonitoring.java:93   | STEM_SEEDS
2019-04-18 00:59:08,322 INFO [twinkle_SC8awdT]        StemSeedsStep.java:93   | stem(1 max:4)
2019-04-18 00:59:08,429 INFO [twinkle_SC8awdT]       StepMonitoring.java:93   | BEAMS
2019-04-18 00:59:17,343 INFO [twinkle_SC8awdT]       BlackHeadSizer.java:95   | Spots black-head retrieval diameter: 16.2
2019-04-18 00:59:17,428 INFO [twinkle_SC8awdT]       BlackHeadSizer.java:243  | Core black head count: 16 blackHead(width:21.0~0.0 height:17.8~1.0)
2019-04-18 00:59:17,437 INFO [twinkle_SC8awdT]       BlackHeadSizer.java:248  | MusicFont{name:MusicalSymbols pointSize:70}
2019-04-18 00:59:17,524 INFO [twinkle_SC8awdT]       StepMonitoring.java:93   | LEDGERS
2019-04-18 00:59:18,040 INFO [twinkle_SC8awdT]       StepMonitoring.java:93   | HEADS
2019-04-18 00:59:20,628 INFO [twinkle_SC8awdT]       StepMonitoring.java:93   | STEMS
2019-04-18 00:59:20,905 INFO [twinkle_SC8awdT]       StepMonitoring.java:93   | REDUCTION
2019-04-18 00:59:20,996 INFO [twinkle_SC8awdT]       StepMonitoring.java:93   | CUE_BEAMS
2019-04-18 00:59:21,004 INFO [twinkle_SC8awdT]       StepMonitoring.java:93   | TEXTS
2019-04-18 00:59:26,456 INFO [twinkle_SC8awdT]       StepMonitoring.java:93   | MEASURES
2019-04-18 00:59:26,491 INFO [twinkle_SC8awdT]                 Page.java:251  | 12 raw measures: [4 in system#1, 4 in system#2, 4 in system#3]
2019-04-18 00:59:26,491 INFO [twinkle_SC8awdT]       StepMonitoring.java:93   | CHORDS
2019-04-18 00:59:26,538 INFO [twinkle_SC8awdT]       StepMonitoring.java:93   | CURVES
2019-04-18 00:59:28,266 INFO [twinkle_SC8awdT]         SlursBuilder.java:156  | Slurs: 0
2019-04-18 00:59:28,324 INFO [twinkle_SC8awdT]      SegmentsBuilder.java:110  | Segments: 20
2019-04-18 00:59:28,357 INFO [twinkle_SC8awdT]       StepMonitoring.java:93   | SYMBOLS
2019-04-18 00:59:28,823 INFO [twinkle_SC8awdT]       StepMonitoring.java:93   | LINKS
2019-04-18 00:59:28,853 INFO [twinkle_SC8awdT]       StepMonitoring.java:93   | RHYTHMS
2019-04-18 00:59:28,970 INFO [twinkle_SC8awdT]       StepMonitoring.java:93   | PAGE
2019-04-18 00:59:29,005 INFO [twinkle_SC8awdT]            SheetStub.java:974  | Stub#1 storing
2019-04-18 00:59:29,024 INFO [twinkle_SC8awdT]                 Book.java:1660 | Stored /book.xml
2019-04-18 00:59:29,294 INFO [twinkle_SC8awdT]              Picture.java:784  | Stored /sheet#1/BINARY.xml
2019-04-18 00:59:30,128 INFO [twinkle_SC8awdT]                Sheet.java:1246 | Stored /sheet#1/sheet#1.xml
2019-04-18 00:59:30,171 INFO [twinkle_SC8awdT]            SheetStub.java:979  | Sheet{twinkle_SC8awdT} disposed
2019-04-18 00:59:31,285 INFO [twinkle_SC8awdT]            SheetStub.java:632  | Loaded /sheet#1/sheet#1.xml
2019-04-18 00:59:31,289 INFO [twinkle_SC8awdT]                 Book.java:1451 | Scores built: 1
2019-04-18 00:59:35,259 INFO [twinkle_SC8awdT]        ScoreExporter.java:88   | Score twinkle_SC8awdT exported to media\mxl\twinkle_SC8awdT\twinkle_SC8awdT.mxl
2019-04-18 00:59:35,571 INFO [twinkle_SC8awdT]                 Book.java:1660 | Stored /book.xml
2019-04-18 00:59:35,571 INFO [twinkle_SC8awdT]                 Book.java:1613 | Book stored as media\mxl\twinkle_SC8awdT\twinkle_SC8awdT.omr
