2019-04-17 23:37:12,872 INFO [twinkle_EkDY8M8]                 Book.java:473  | 1 sheet in media\sheets\twinkle_EkDY8M8.pdf
2019-04-17 23:37:13,300 INFO []                 Book.java:1660 | Stored /book.xml
2019-04-17 23:37:13,302 INFO []                 Book.java:1613 | Book stored as media\mxl\twinkle_EkDY8M8\twinkle_EkDY8M8.omr
2019-04-17 23:37:13,327 INFO []                 Book.java:1327 | Book reaching PAGE on sheets:[#1]
2019-04-17 23:37:13,332 INFO [twinkle_EkDY8M8]       StepMonitoring.java:93   | LOAD
2019-04-17 23:37:14,635 INFO [twinkle_EkDY8M8]                 Book.java:1226 | Loaded image 1 2549x3299 from media\sheets\twinkle_EkDY8M8.pdf
2019-04-17 23:37:14,643 INFO [twinkle_EkDY8M8]       StepMonitoring.java:93   | BINARY
2019-04-17 23:37:15,970 INFO [twinkle_EkDY8M8]       StepMonitoring.java:93   | SCALE
2019-04-17 23:37:16,006 INFO [twinkle_EkDY8M8]         ScaleBuilder.java:557  | Second combo peak too different (182,182,182), ignored
2019-04-17 23:37:16,017 INFO [twinkle_EkDY8M8]         ScaleBuilder.java:492  | Beam minHeight:5 maxHeight:17 quorum:689
2019-04-17 23:37:16,019 INFO [twinkle_EkDY8M8]         ScaleBuilder.java:235  | No beam key found, guessed value: 11
2019-04-17 23:37:16,020 INFO [twinkle_EkDY8M8]            ScaleStep.java:84   | Scale{line(1,1,2) interline(17,18,18) beam(11 extra)}
2019-04-17 23:37:16,020 INFO [twinkle_EkDY8M8]       StepMonitoring.java:93   | GRID
2019-04-17 23:37:16,491 INFO [twinkle_EkDY8M8]       LinesRetriever.java:447  | Global slope: 0.00000
2019-04-17 23:37:16,549 INFO [twinkle_EkDY8M8]    ClustersRetriever.java:235  | Retrieved line clusters: 3 of size: 5 with interline: interline(17,18,18)
2019-04-17 23:37:16,710 INFO [twinkle_EkDY8M8]            PeakGraph.java:177  | Systems: #1[1] #2[2] #3[3]
2019-04-17 23:37:17,140 INFO [twinkle_EkDY8M8]        SystemManager.java:731  | 1 part along 3 systems
2019-04-17 23:37:17,146 INFO [twinkle_EkDY8M8]       StepMonitoring.java:93   | HEADERS
2019-04-17 23:37:17,667 INFO [twinkle_EkDY8M8]      BasicClassifier.java:362  | Classifier loaded XML norms.
2019-04-17 23:37:17,680 INFO [twinkle_EkDY8M8]   AbstractClassifier.java:348  | Classifier data loaded from default uri file:///C:/Users/Ally/My%20Documents/Capstone/CapstoneDB/res/basic-classifier.zip
2019-04-17 23:37:19,181 INFO [twinkle_EkDY8M8]       StepMonitoring.java:93   | STEM_SEEDS
2019-04-17 23:37:19,285 INFO [twinkle_EkDY8M8]        StemSeedsStep.java:93   | stem(1 max:4)
2019-04-17 23:37:19,348 INFO [twinkle_EkDY8M8]       StepMonitoring.java:93   | BEAMS
2019-04-17 23:37:26,870 INFO [twinkle_EkDY8M8]       BlackHeadSizer.java:95   | Spots black-head retrieval diameter: 16.2
2019-04-17 23:37:26,940 INFO [twinkle_EkDY8M8]       BlackHeadSizer.java:243  | Core black head count: 16 blackHead(width:21.0~0.0 height:17.8~1.0)
2019-04-17 23:37:26,946 INFO [twinkle_EkDY8M8]       BlackHeadSizer.java:248  | MusicFont{name:MusicalSymbols pointSize:70}
2019-04-17 23:37:27,023 INFO [twinkle_EkDY8M8]       StepMonitoring.java:93   | LEDGERS
2019-04-17 23:37:27,487 INFO [twinkle_EkDY8M8]       StepMonitoring.java:93   | HEADS
2019-04-17 23:37:29,501 INFO [twinkle_EkDY8M8]       StepMonitoring.java:93   | STEMS
2019-04-17 23:37:29,655 INFO [twinkle_EkDY8M8]       StepMonitoring.java:93   | REDUCTION
2019-04-17 23:37:29,728 INFO [twinkle_EkDY8M8]       StepMonitoring.java:93   | CUE_BEAMS
2019-04-17 23:37:29,758 INFO [twinkle_EkDY8M8]       StepMonitoring.java:93   | TEXTS
2019-04-17 23:37:34,105 INFO [twinkle_EkDY8M8]       StepMonitoring.java:93   | MEASURES
2019-04-17 23:37:34,126 INFO [twinkle_EkDY8M8]                 Page.java:251  | 12 raw measures: [4 in system#1, 4 in system#2, 4 in system#3]
2019-04-17 23:37:34,126 INFO [twinkle_EkDY8M8]       StepMonitoring.java:93   | CHORDS
2019-04-17 23:37:34,161 INFO [twinkle_EkDY8M8]       StepMonitoring.java:93   | CURVES
2019-04-17 23:37:35,268 INFO [twinkle_EkDY8M8]         SlursBuilder.java:156  | Slurs: 0
2019-04-17 23:37:35,287 INFO [twinkle_EkDY8M8]      SegmentsBuilder.java:110  | Segments: 20
2019-04-17 23:37:35,307 INFO [twinkle_EkDY8M8]       StepMonitoring.java:93   | SYMBOLS
2019-04-17 23:37:35,598 INFO [twinkle_EkDY8M8]       StepMonitoring.java:93   | LINKS
2019-04-17 23:37:35,623 INFO [twinkle_EkDY8M8]       StepMonitoring.java:93   | RHYTHMS
2019-04-17 23:37:35,720 INFO [twinkle_EkDY8M8]       StepMonitoring.java:93   | PAGE
2019-04-17 23:37:35,736 INFO [twinkle_EkDY8M8]            SheetStub.java:974  | Stub#1 storing
2019-04-17 23:37:35,752 INFO [twinkle_EkDY8M8]                 Book.java:1660 | Stored /book.xml
2019-04-17 23:37:35,917 INFO [twinkle_EkDY8M8]              Picture.java:784  | Stored /sheet#1/BINARY.xml
2019-04-17 23:37:36,496 INFO [twinkle_EkDY8M8]                Sheet.java:1246 | Stored /sheet#1/sheet#1.xml
2019-04-17 23:37:36,523 INFO [twinkle_EkDY8M8]            SheetStub.java:979  | Sheet{twinkle_EkDY8M8} disposed
2019-04-17 23:37:37,238 INFO [twinkle_EkDY8M8]            SheetStub.java:632  | Loaded /sheet#1/sheet#1.xml
2019-04-17 23:37:37,241 INFO [twinkle_EkDY8M8]                 Book.java:1451 | Scores built: 1
2019-04-17 23:37:40,338 INFO [twinkle_EkDY8M8]        ScoreExporter.java:88   | Score twinkle_EkDY8M8 exported to media\mxl\twinkle_EkDY8M8\twinkle_EkDY8M8.mxl
2019-04-17 23:37:40,539 INFO [twinkle_EkDY8M8]                 Book.java:1660 | Stored /book.xml
2019-04-17 23:37:40,540 INFO [twinkle_EkDY8M8]                 Book.java:1613 | Book stored as media\mxl\twinkle_EkDY8M8\twinkle_EkDY8M8.omr
