2019-04-18 00:15:51,476 INFO [twinkle_CCnWeyu]                 Book.java:473  | 1 sheet in media\sheets\twinkle_CCnWeyu.pdf
2019-04-18 00:15:51,963 INFO []                 Book.java:1660 | Stored /book.xml
2019-04-18 00:15:51,964 INFO []                 Book.java:1613 | Book stored as media\mxl\twinkle_CCnWeyu\twinkle_CCnWeyu.omr
2019-04-18 00:15:51,995 INFO []                 Book.java:1327 | Book reaching PAGE on sheets:[#1]
2019-04-18 00:15:52,002 INFO [twinkle_CCnWeyu]       StepMonitoring.java:93   | LOAD
2019-04-18 00:15:53,213 INFO [twinkle_CCnWeyu]                 Book.java:1226 | Loaded image 1 2549x3299 from media\sheets\twinkle_CCnWeyu.pdf
2019-04-18 00:15:53,254 INFO [twinkle_CCnWeyu]       StepMonitoring.java:93   | BINARY
2019-04-18 00:15:54,889 INFO [twinkle_CCnWeyu]       StepMonitoring.java:93   | SCALE
2019-04-18 00:15:54,931 INFO [twinkle_CCnWeyu]         ScaleBuilder.java:557  | Second combo peak too different (182,182,182), ignored
2019-04-18 00:15:54,943 INFO [twinkle_CCnWeyu]         ScaleBuilder.java:492  | Beam minHeight:5 maxHeight:17 quorum:689
2019-04-18 00:15:54,944 INFO [twinkle_CCnWeyu]         ScaleBuilder.java:235  | No beam key found, guessed value: 11
2019-04-18 00:15:54,945 INFO [twinkle_CCnWeyu]            ScaleStep.java:84   | Scale{line(1,1,2) interline(17,18,18) beam(11 extra)}
2019-04-18 00:15:54,947 INFO [twinkle_CCnWeyu]       StepMonitoring.java:93   | GRID
2019-04-18 00:15:55,508 INFO [twinkle_CCnWeyu]       LinesRetriever.java:447  | Global slope: 0.00000
2019-04-18 00:15:55,578 INFO [twinkle_CCnWeyu]    ClustersRetriever.java:235  | Retrieved line clusters: 3 of size: 5 with interline: interline(17,18,18)
2019-04-18 00:15:55,756 INFO [twinkle_CCnWeyu]            PeakGraph.java:177  | Systems: #1[1] #2[2] #3[3]
2019-04-18 00:15:56,256 INFO [twinkle_CCnWeyu]        SystemManager.java:731  | 1 part along 3 systems
2019-04-18 00:15:56,263 INFO [twinkle_CCnWeyu]       StepMonitoring.java:93   | HEADERS
2019-04-18 00:15:56,840 INFO [twinkle_CCnWeyu]      BasicClassifier.java:362  | Classifier loaded XML norms.
2019-04-18 00:15:56,861 INFO [twinkle_CCnWeyu]   AbstractClassifier.java:348  | Classifier data loaded from default uri file:///C:/Users/Ally/My%20Documents/Capstone/CapstoneDB/res/basic-classifier.zip
2019-04-18 00:15:58,521 INFO [twinkle_CCnWeyu]       StepMonitoring.java:93   | STEM_SEEDS
2019-04-18 00:15:58,629 INFO [twinkle_CCnWeyu]        StemSeedsStep.java:93   | stem(1 max:4)
2019-04-18 00:15:58,711 INFO [twinkle_CCnWeyu]       StepMonitoring.java:93   | BEAMS
2019-04-18 00:16:06,850 INFO [twinkle_CCnWeyu]       BlackHeadSizer.java:95   | Spots black-head retrieval diameter: 16.2
2019-04-18 00:16:06,952 INFO [twinkle_CCnWeyu]       BlackHeadSizer.java:243  | Core black head count: 16 blackHead(width:21.0~0.0 height:17.8~1.0)
2019-04-18 00:16:06,954 INFO [twinkle_CCnWeyu]       BlackHeadSizer.java:248  | MusicFont{name:MusicalSymbols pointSize:70}
2019-04-18 00:16:07,027 INFO [twinkle_CCnWeyu]       StepMonitoring.java:93   | LEDGERS
2019-04-18 00:16:07,209 INFO [twinkle_CCnWeyu]       StepMonitoring.java:93   | HEADS
2019-04-18 00:16:09,704 INFO [twinkle_CCnWeyu]       StepMonitoring.java:93   | STEMS
2019-04-18 00:16:09,941 INFO [twinkle_CCnWeyu]       StepMonitoring.java:93   | REDUCTION
2019-04-18 00:16:10,075 INFO [twinkle_CCnWeyu]       StepMonitoring.java:93   | CUE_BEAMS
2019-04-18 00:16:10,082 INFO [twinkle_CCnWeyu]       StepMonitoring.java:93   | TEXTS
2019-04-18 00:16:15,287 INFO [twinkle_CCnWeyu]       StepMonitoring.java:93   | MEASURES
2019-04-18 00:16:15,316 INFO [twinkle_CCnWeyu]                 Page.java:251  | 12 raw measures: [4 in system#1, 4 in system#2, 4 in system#3]
2019-04-18 00:16:15,317 INFO [twinkle_CCnWeyu]       StepMonitoring.java:93   | CHORDS
2019-04-18 00:16:15,364 INFO [twinkle_CCnWeyu]       StepMonitoring.java:93   | CURVES
2019-04-18 00:16:16,997 INFO [twinkle_CCnWeyu]         SlursBuilder.java:156  | Slurs: 0
2019-04-18 00:16:17,034 INFO [twinkle_CCnWeyu]      SegmentsBuilder.java:110  | Segments: 20
2019-04-18 00:16:17,056 INFO [twinkle_CCnWeyu]       StepMonitoring.java:93   | SYMBOLS
2019-04-18 00:16:17,479 INFO [twinkle_CCnWeyu]       StepMonitoring.java:93   | LINKS
2019-04-18 00:16:17,510 INFO [twinkle_CCnWeyu]       StepMonitoring.java:93   | RHYTHMS
2019-04-18 00:16:17,654 INFO [twinkle_CCnWeyu]       StepMonitoring.java:93   | PAGE
2019-04-18 00:16:17,672 INFO [twinkle_CCnWeyu]            SheetStub.java:974  | Stub#1 storing
2019-04-18 00:16:17,700 INFO [twinkle_CCnWeyu]                 Book.java:1660 | Stored /book.xml
2019-04-18 00:16:17,957 INFO [twinkle_CCnWeyu]              Picture.java:784  | Stored /sheet#1/BINARY.xml
2019-04-18 00:16:19,028 INFO [twinkle_CCnWeyu]                Sheet.java:1246 | Stored /sheet#1/sheet#1.xml
2019-04-18 00:16:19,057 INFO [twinkle_CCnWeyu]            SheetStub.java:979  | Sheet{twinkle_CCnWeyu} disposed
2019-04-18 00:16:19,851 INFO [twinkle_CCnWeyu]            SheetStub.java:632  | Loaded /sheet#1/sheet#1.xml
2019-04-18 00:16:19,853 INFO [twinkle_CCnWeyu]                 Book.java:1451 | Scores built: 1
2019-04-18 00:16:23,990 INFO [twinkle_CCnWeyu]        ScoreExporter.java:88   | Score twinkle_CCnWeyu exported to media\mxl\twinkle_CCnWeyu\twinkle_CCnWeyu.mxl
2019-04-18 00:16:24,393 INFO [twinkle_CCnWeyu]                 Book.java:1660 | Stored /book.xml
2019-04-18 00:16:24,394 INFO [twinkle_CCnWeyu]                 Book.java:1613 | Book stored as media\mxl\twinkle_CCnWeyu\twinkle_CCnWeyu.omr
