2019-04-18 00:10:45,700 INFO [twinkle_BzUK3cY]                 Book.java:473  | 1 sheet in media\sheets\twinkle_BzUK3cY.pdf
2019-04-18 00:10:46,018 INFO []                 Book.java:1660 | Stored /book.xml
2019-04-18 00:10:46,019 INFO []                 Book.java:1613 | Book stored as media\mxl\twinkle_BzUK3cY\twinkle_BzUK3cY.omr
2019-04-18 00:10:46,041 INFO []                 Book.java:1327 | Book reaching PAGE on sheets:[#1]
2019-04-18 00:10:46,044 INFO [twinkle_BzUK3cY]       StepMonitoring.java:93   | LOAD
2019-04-18 00:10:46,845 INFO [twinkle_BzUK3cY]                 Book.java:1226 | Loaded image 1 2549x3299 from media\sheets\twinkle_BzUK3cY.pdf
2019-04-18 00:10:46,849 INFO [twinkle_BzUK3cY]       StepMonitoring.java:93   | BINARY
2019-04-18 00:10:47,859 INFO [twinkle_BzUK3cY]       StepMonitoring.java:93   | SCALE
2019-04-18 00:10:47,890 INFO [twinkle_BzUK3cY]         ScaleBuilder.java:557  | Second combo peak too different (182,182,182), ignored
2019-04-18 00:10:47,896 INFO [twinkle_BzUK3cY]         ScaleBuilder.java:492  | Beam minHeight:5 maxHeight:17 quorum:689
2019-04-18 00:10:47,898 INFO [twinkle_BzUK3cY]         ScaleBuilder.java:235  | No beam key found, guessed value: 11
2019-04-18 00:10:47,900 INFO [twinkle_BzUK3cY]            ScaleStep.java:84   | Scale{line(1,1,2) interline(17,18,18) beam(11 extra)}
2019-04-18 00:10:47,901 INFO [twinkle_BzUK3cY]       StepMonitoring.java:93   | GRID
2019-04-18 00:10:48,398 INFO [twinkle_BzUK3cY]       LinesRetriever.java:447  | Global slope: 0.00000
2019-04-18 00:10:48,451 INFO [twinkle_BzUK3cY]    ClustersRetriever.java:235  | Retrieved line clusters: 3 of size: 5 with interline: interline(17,18,18)
2019-04-18 00:10:48,580 INFO [twinkle_BzUK3cY]            PeakGraph.java:177  | Systems: #1[1] #2[2] #3[3]
2019-04-18 00:10:48,982 INFO [twinkle_BzUK3cY]        SystemManager.java:731  | 1 part along 3 systems
2019-04-18 00:10:48,988 INFO [twinkle_BzUK3cY]       StepMonitoring.java:93   | HEADERS
2019-04-18 00:10:49,432 INFO [twinkle_BzUK3cY]      BasicClassifier.java:362  | Classifier loaded XML norms.
2019-04-18 00:10:49,441 INFO [twinkle_BzUK3cY]   AbstractClassifier.java:348  | Classifier data loaded from default uri file:///C:/Users/Ally/My%20Documents/Capstone/CapstoneDB/res/basic-classifier.zip
2019-04-18 00:10:50,657 INFO [twinkle_BzUK3cY]       StepMonitoring.java:93   | STEM_SEEDS
2019-04-18 00:10:50,733 INFO [twinkle_BzUK3cY]        StemSeedsStep.java:93   | stem(1 max:4)
2019-04-18 00:10:50,788 INFO [twinkle_BzUK3cY]       StepMonitoring.java:93   | BEAMS
2019-04-18 00:10:56,199 INFO [twinkle_BzUK3cY]       BlackHeadSizer.java:95   | Spots black-head retrieval diameter: 16.2
2019-04-18 00:10:56,250 INFO [twinkle_BzUK3cY]       BlackHeadSizer.java:243  | Core black head count: 16 blackHead(width:21.0~0.0 height:17.8~1.0)
2019-04-18 00:10:56,255 INFO [twinkle_BzUK3cY]       BlackHeadSizer.java:248  | MusicFont{name:MusicalSymbols pointSize:70}
2019-04-18 00:10:56,312 INFO [twinkle_BzUK3cY]       StepMonitoring.java:93   | LEDGERS
2019-04-18 00:10:56,497 INFO [twinkle_BzUK3cY]       StepMonitoring.java:93   | HEADS
2019-04-18 00:10:58,111 INFO [twinkle_BzUK3cY]       StepMonitoring.java:93   | STEMS
2019-04-18 00:10:58,265 INFO [twinkle_BzUK3cY]       StepMonitoring.java:93   | REDUCTION
2019-04-18 00:10:58,340 INFO [twinkle_BzUK3cY]       StepMonitoring.java:93   | CUE_BEAMS
2019-04-18 00:10:58,344 INFO [twinkle_BzUK3cY]       StepMonitoring.java:93   | TEXTS
2019-04-18 00:11:01,541 INFO [twinkle_BzUK3cY]       StepMonitoring.java:93   | MEASURES
2019-04-18 00:11:01,561 INFO [twinkle_BzUK3cY]                 Page.java:251  | 12 raw measures: [4 in system#1, 4 in system#2, 4 in system#3]
2019-04-18 00:11:01,562 INFO [twinkle_BzUK3cY]       StepMonitoring.java:93   | CHORDS
2019-04-18 00:11:01,591 INFO [twinkle_BzUK3cY]       StepMonitoring.java:93   | CURVES
2019-04-18 00:11:02,419 INFO [twinkle_BzUK3cY]         SlursBuilder.java:156  | Slurs: 0
2019-04-18 00:11:02,438 INFO [twinkle_BzUK3cY]      SegmentsBuilder.java:110  | Segments: 20
2019-04-18 00:11:02,467 INFO [twinkle_BzUK3cY]       StepMonitoring.java:93   | SYMBOLS
2019-04-18 00:11:02,700 INFO [twinkle_BzUK3cY]       StepMonitoring.java:93   | LINKS
2019-04-18 00:11:02,724 INFO [twinkle_BzUK3cY]       StepMonitoring.java:93   | RHYTHMS
2019-04-18 00:11:02,815 INFO [twinkle_BzUK3cY]       StepMonitoring.java:93   | PAGE
2019-04-18 00:11:02,827 INFO [twinkle_BzUK3cY]            SheetStub.java:974  | Stub#1 storing
2019-04-18 00:11:02,845 INFO [twinkle_BzUK3cY]                 Book.java:1660 | Stored /book.xml
2019-04-18 00:11:03,026 INFO [twinkle_BzUK3cY]              Picture.java:784  | Stored /sheet#1/BINARY.xml
2019-04-18 00:11:03,553 INFO [twinkle_BzUK3cY]                Sheet.java:1246 | Stored /sheet#1/sheet#1.xml
2019-04-18 00:11:03,588 INFO [twinkle_BzUK3cY]            SheetStub.java:979  | Sheet{twinkle_BzUK3cY} disposed
2019-04-18 00:11:04,058 INFO [twinkle_BzUK3cY]            SheetStub.java:632  | Loaded /sheet#1/sheet#1.xml
2019-04-18 00:11:04,063 INFO [twinkle_BzUK3cY]                 Book.java:1451 | Scores built: 1
2019-04-18 00:11:06,349 INFO [twinkle_BzUK3cY]        ScoreExporter.java:88   | Score twinkle_BzUK3cY exported to media\mxl\twinkle_BzUK3cY\twinkle_BzUK3cY.mxl
2019-04-18 00:11:06,497 INFO [twinkle_BzUK3cY]                 Book.java:1660 | Stored /book.xml
2019-04-18 00:11:06,497 INFO [twinkle_BzUK3cY]                 Book.java:1613 | Book stored as media\mxl\twinkle_BzUK3cY\twinkle_BzUK3cY.omr
