2019-04-17 21:39:49,215 INFO [twinkle_K4dqhc4]                 Book.java:473  | 1 sheet in media\sheets\twinkle_K4dqhc4.pdf
2019-04-17 21:39:49,577 INFO []                 Book.java:1660 | Stored /book.xml
2019-04-17 21:39:49,578 INFO []                 Book.java:1613 | Book stored as media\mxl\twinkle_K4dqhc4\twinkle_K4dqhc4.omr
2019-04-17 21:39:49,603 INFO []                 Book.java:1327 | Book reaching PAGE on sheets:[#1]
2019-04-17 21:39:49,609 INFO [twinkle_K4dqhc4]       StepMonitoring.java:93   | LOAD
2019-04-17 21:39:50,530 INFO [twinkle_K4dqhc4]                 Book.java:1226 | Loaded image 1 2549x3299 from media\sheets\twinkle_K4dqhc4.pdf
2019-04-17 21:39:50,537 INFO [twinkle_K4dqhc4]       StepMonitoring.java:93   | BINARY
2019-04-17 21:39:51,437 INFO [twinkle_K4dqhc4]       StepMonitoring.java:93   | SCALE
2019-04-17 21:39:51,468 INFO [twinkle_K4dqhc4]         ScaleBuilder.java:557  | Second combo peak too different (182,182,182), ignored
2019-04-17 21:39:51,474 INFO [twinkle_K4dqhc4]         ScaleBuilder.java:492  | Beam minHeight:5 maxHeight:17 quorum:689
2019-04-17 21:39:51,475 INFO [twinkle_K4dqhc4]         ScaleBuilder.java:235  | No beam key found, guessed value: 11
2019-04-17 21:39:51,476 INFO [twinkle_K4dqhc4]            ScaleStep.java:84   | Scale{line(1,1,2) interline(17,18,18) beam(11 extra)}
2019-04-17 21:39:51,477 INFO [twinkle_K4dqhc4]       StepMonitoring.java:93   | GRID
2019-04-17 21:39:51,889 INFO [twinkle_K4dqhc4]       LinesRetriever.java:447  | Global slope: 0.00000
2019-04-17 21:39:51,932 INFO [twinkle_K4dqhc4]    ClustersRetriever.java:235  | Retrieved line clusters: 3 of size: 5 with interline: interline(17,18,18)
2019-04-17 21:39:52,070 INFO [twinkle_K4dqhc4]            PeakGraph.java:177  | Systems: #1[1] #2[2] #3[3]
2019-04-17 21:39:52,407 INFO [twinkle_K4dqhc4]        SystemManager.java:731  | 1 part along 3 systems
2019-04-17 21:39:52,413 INFO [twinkle_K4dqhc4]       StepMonitoring.java:93   | HEADERS
2019-04-17 21:39:52,813 INFO [twinkle_K4dqhc4]      BasicClassifier.java:362  | Classifier loaded XML norms.
2019-04-17 21:39:52,818 INFO [twinkle_K4dqhc4]   AbstractClassifier.java:348  | Classifier data loaded from default uri file:///C:/Users/Ally/My%20Documents/Capstone/CapstoneDB/res/basic-classifier.zip
2019-04-17 21:39:54,031 INFO [twinkle_K4dqhc4]       StepMonitoring.java:93   | STEM_SEEDS
2019-04-17 21:39:54,109 INFO [twinkle_K4dqhc4]        StemSeedsStep.java:93   | stem(1 max:4)
2019-04-17 21:39:54,167 INFO [twinkle_K4dqhc4]       StepMonitoring.java:93   | BEAMS
2019-04-17 21:40:00,148 INFO [twinkle_K4dqhc4]       BlackHeadSizer.java:95   | Spots black-head retrieval diameter: 16.2
2019-04-17 21:40:00,221 INFO [twinkle_K4dqhc4]       BlackHeadSizer.java:243  | Core black head count: 16 blackHead(width:21.0~0.0 height:17.8~1.0)
2019-04-17 21:40:00,227 INFO [twinkle_K4dqhc4]       BlackHeadSizer.java:248  | MusicFont{name:MusicalSymbols pointSize:70}
2019-04-17 21:40:00,293 INFO [twinkle_K4dqhc4]       StepMonitoring.java:93   | LEDGERS
2019-04-17 21:40:00,477 INFO [twinkle_K4dqhc4]       StepMonitoring.java:93   | HEADS
2019-04-17 21:40:02,217 INFO [twinkle_K4dqhc4]       StepMonitoring.java:93   | STEMS
2019-04-17 21:40:02,353 INFO [twinkle_K4dqhc4]       StepMonitoring.java:93   | REDUCTION
2019-04-17 21:40:02,427 INFO [twinkle_K4dqhc4]       StepMonitoring.java:93   | CUE_BEAMS
2019-04-17 21:40:02,448 INFO [twinkle_K4dqhc4]       StepMonitoring.java:93   | TEXTS
2019-04-17 21:40:05,354 INFO [twinkle_K4dqhc4]       StepMonitoring.java:93   | MEASURES
2019-04-17 21:40:05,373 INFO [twinkle_K4dqhc4]                 Page.java:251  | 12 raw measures: [4 in system#1, 4 in system#2, 4 in system#3]
2019-04-17 21:40:05,375 INFO [twinkle_K4dqhc4]       StepMonitoring.java:93   | CHORDS
2019-04-17 21:40:05,400 INFO [twinkle_K4dqhc4]       StepMonitoring.java:93   | CURVES
2019-04-17 21:40:06,179 INFO [twinkle_K4dqhc4]         SlursBuilder.java:156  | Slurs: 0
2019-04-17 21:40:06,199 INFO [twinkle_K4dqhc4]      SegmentsBuilder.java:110  | Segments: 20
2019-04-17 21:40:06,215 INFO [twinkle_K4dqhc4]       StepMonitoring.java:93   | SYMBOLS
2019-04-17 21:40:06,460 INFO [twinkle_K4dqhc4]       StepMonitoring.java:93   | LINKS
2019-04-17 21:40:06,479 INFO [twinkle_K4dqhc4]       StepMonitoring.java:93   | RHYTHMS
2019-04-17 21:40:06,549 INFO [twinkle_K4dqhc4]       StepMonitoring.java:93   | PAGE
2019-04-17 21:40:06,563 INFO [twinkle_K4dqhc4]            SheetStub.java:974  | Stub#1 storing
2019-04-17 21:40:06,575 INFO [twinkle_K4dqhc4]                 Book.java:1660 | Stored /book.xml
2019-04-17 21:40:06,725 INFO [twinkle_K4dqhc4]              Picture.java:784  | Stored /sheet#1/BINARY.xml
2019-04-17 21:40:07,204 INFO [twinkle_K4dqhc4]                Sheet.java:1246 | Stored /sheet#1/sheet#1.xml
2019-04-17 21:40:07,230 INFO [twinkle_K4dqhc4]            SheetStub.java:979  | Sheet{twinkle_K4dqhc4} disposed
2019-04-17 21:40:07,745 INFO [twinkle_K4dqhc4]            SheetStub.java:632  | Loaded /sheet#1/sheet#1.xml
2019-04-17 21:40:07,747 INFO [twinkle_K4dqhc4]                 Book.java:1451 | Scores built: 1
2019-04-17 21:40:10,070 INFO [twinkle_K4dqhc4]        ScoreExporter.java:88   | Score twinkle_K4dqhc4 exported to media\mxl\twinkle_K4dqhc4\twinkle_K4dqhc4.mxl
2019-04-17 21:40:10,260 INFO [twinkle_K4dqhc4]                 Book.java:1660 | Stored /book.xml
2019-04-17 21:40:10,260 INFO [twinkle_K4dqhc4]                 Book.java:1613 | Book stored as media\mxl\twinkle_K4dqhc4\twinkle_K4dqhc4.omr
