2019-04-17 22:37:24,510 INFO [twinkle]                 Book.java:473  | 1 sheet in media\sheets\twinkle.pdf
2019-04-17 22:37:24,977 INFO []                 Book.java:1660 | Stored /book.xml
2019-04-17 22:37:24,978 INFO []                 Book.java:1613 | Book stored as media\mxl\twinkle\twinkle.omr
2019-04-17 22:37:24,998 INFO []                 Book.java:1327 | Book reaching PAGE on sheets:[#1]
2019-04-17 22:37:25,003 INFO [twinkle]       StepMonitoring.java:93   | LOAD
2019-04-17 22:37:25,840 INFO [twinkle]                 Book.java:1226 | Loaded image 1 2549x3299 from media\sheets\twinkle.pdf
2019-04-17 22:37:25,850 INFO [twinkle]       StepMonitoring.java:93   | BINARY
2019-04-17 22:37:26,949 INFO [twinkle]       StepMonitoring.java:93   | SCALE
2019-04-17 22:37:26,981 INFO [twinkle]         ScaleBuilder.java:557  | Second combo peak too different (182,182,182), ignored
2019-04-17 22:37:26,989 INFO [twinkle]         ScaleBuilder.java:492  | Beam minHeight:5 maxHeight:17 quorum:689
2019-04-17 22:37:26,990 INFO [twinkle]         ScaleBuilder.java:235  | No beam key found, guessed value: 11
2019-04-17 22:37:26,992 INFO [twinkle]            ScaleStep.java:84   | Scale{line(1,1,2) interline(17,18,18) beam(11 extra)}
2019-04-17 22:37:26,993 INFO [twinkle]       StepMonitoring.java:93   | GRID
2019-04-17 22:37:27,395 INFO [twinkle]       LinesRetriever.java:447  | Global slope: 0.00000
2019-04-17 22:37:27,446 INFO [twinkle]    ClustersRetriever.java:235  | Retrieved line clusters: 3 of size: 5 with interline: interline(17,18,18)
2019-04-17 22:37:27,577 INFO [twinkle]            PeakGraph.java:177  | Systems: #1[1] #2[2] #3[3]
2019-04-17 22:37:27,934 INFO [twinkle]        SystemManager.java:731  | 1 part along 3 systems
2019-04-17 22:37:27,939 INFO [twinkle]       StepMonitoring.java:93   | HEADERS
2019-04-17 22:37:28,397 INFO [twinkle]      BasicClassifier.java:362  | Classifier loaded XML norms.
2019-04-17 22:37:28,406 INFO [twinkle]   AbstractClassifier.java:348  | Classifier data loaded from default uri file:///C:/Users/Ally/My%20Documents/Capstone/CapstoneDB/res/basic-classifier.zip
2019-04-17 22:37:29,604 INFO [twinkle]       StepMonitoring.java:93   | STEM_SEEDS
2019-04-17 22:37:29,690 INFO [twinkle]        StemSeedsStep.java:93   | stem(1 max:4)
2019-04-17 22:37:29,753 INFO [twinkle]       StepMonitoring.java:93   | BEAMS
2019-04-17 22:37:35,405 INFO [twinkle]       BlackHeadSizer.java:95   | Spots black-head retrieval diameter: 16.2
2019-04-17 22:37:35,435 INFO [twinkle]       BlackHeadSizer.java:243  | Core black head count: 16 blackHead(width:21.0~0.0 height:17.8~1.0)
2019-04-17 22:37:35,437 INFO [twinkle]       BlackHeadSizer.java:248  | MusicFont{name:MusicalSymbols pointSize:70}
2019-04-17 22:37:35,473 INFO [twinkle]       StepMonitoring.java:93   | LEDGERS
2019-04-17 22:37:35,567 INFO [twinkle]       StepMonitoring.java:93   | HEADS
2019-04-17 22:37:36,442 INFO [twinkle]       StepMonitoring.java:93   | STEMS
2019-04-17 22:37:36,511 INFO [twinkle]       StepMonitoring.java:93   | REDUCTION
2019-04-17 22:37:36,553 INFO [twinkle]       StepMonitoring.java:93   | CUE_BEAMS
2019-04-17 22:37:36,568 INFO [twinkle]       StepMonitoring.java:93   | TEXTS
2019-04-17 22:37:38,448 INFO [twinkle]       StepMonitoring.java:93   | MEASURES
2019-04-17 22:37:38,457 INFO [twinkle]                 Page.java:251  | 12 raw measures: [4 in system#1, 4 in system#2, 4 in system#3]
2019-04-17 22:37:38,458 INFO [twinkle]       StepMonitoring.java:93   | CHORDS
2019-04-17 22:37:38,474 INFO [twinkle]       StepMonitoring.java:93   | CURVES
2019-04-17 22:37:39,006 INFO [twinkle]         SlursBuilder.java:156  | Slurs: 0
2019-04-17 22:37:39,018 INFO [twinkle]      SegmentsBuilder.java:110  | Segments: 20
2019-04-17 22:37:39,026 INFO [twinkle]       StepMonitoring.java:93   | SYMBOLS
2019-04-17 22:37:39,207 INFO [twinkle]       StepMonitoring.java:93   | LINKS
2019-04-17 22:37:39,222 INFO [twinkle]       StepMonitoring.java:93   | RHYTHMS
2019-04-17 22:37:39,274 INFO [twinkle]       StepMonitoring.java:93   | PAGE
2019-04-17 22:37:39,284 INFO [twinkle]            SheetStub.java:974  | Stub#1 storing
2019-04-17 22:37:39,292 INFO [twinkle]                 Book.java:1660 | Stored /book.xml
2019-04-17 22:37:39,391 INFO [twinkle]              Picture.java:784  | Stored /sheet#1/BINARY.xml
2019-04-17 22:37:39,686 INFO [twinkle]                Sheet.java:1246 | Stored /sheet#1/sheet#1.xml
2019-04-17 22:37:39,703 INFO [twinkle]            SheetStub.java:979  | Sheet{twinkle} disposed
2019-04-17 22:37:40,023 INFO [twinkle]            SheetStub.java:632  | Loaded /sheet#1/sheet#1.xml
2019-04-17 22:37:40,025 INFO [twinkle]                 Book.java:1451 | Scores built: 1
2019-04-17 22:37:41,361 INFO [twinkle]        ScoreExporter.java:88   | Score twinkle exported to media\mxl\twinkle\twinkle.mxl
2019-04-17 22:37:41,479 INFO [twinkle]                 Book.java:1660 | Stored /book.xml
2019-04-17 22:37:41,480 INFO [twinkle]                 Book.java:1613 | Book stored as media\mxl\twinkle\twinkle.omr
