2019-04-22 23:41:52,491 INFO [twinkle_IlWk9PX]                 Book.java:473  | 1 sheet in media\sheets\twinkle_IlWk9PX.pdf
2019-04-22 23:41:55,718 INFO []                 Book.java:1660 | Stored /book.xml
2019-04-22 23:41:55,719 INFO []                 Book.java:1613 | Book stored as media\mxl\twinkle_IlWk9PX\twinkle_IlWk9PX.omr
2019-04-22 23:41:55,761 INFO []                 Book.java:1327 | Book reaching PAGE on sheets:[#1]
2019-04-22 23:41:55,803 INFO [twinkle_IlWk9PX]       StepMonitoring.java:93   | LOAD
2019-04-22 23:41:57,527 INFO [twinkle_IlWk9PX]                 Book.java:1226 | Loaded image 1 2549x3299 from media\sheets\twinkle_IlWk9PX.pdf
2019-04-22 23:41:57,571 INFO [twinkle_IlWk9PX]       StepMonitoring.java:93   | BINARY
2019-04-22 23:41:59,104 INFO [twinkle_IlWk9PX]       StepMonitoring.java:93   | SCALE
2019-04-22 23:41:59,263 INFO [twinkle_IlWk9PX]         ScaleBuilder.java:557  | Second combo peak too different (182,182,182), ignored
2019-04-22 23:41:59,296 INFO [twinkle_IlWk9PX]         ScaleBuilder.java:492  | Beam minHeight:5 maxHeight:17 quorum:689
2019-04-22 23:41:59,305 INFO [twinkle_IlWk9PX]         ScaleBuilder.java:235  | No beam key found, guessed value: 11
2019-04-22 23:41:59,317 INFO [twinkle_IlWk9PX]            ScaleStep.java:84   | Scale{line(1,1,2) interline(17,18,18) beam(11 extra)}
2019-04-22 23:41:59,321 INFO [twinkle_IlWk9PX]       StepMonitoring.java:93   | GRID
2019-04-22 23:42:00,681 INFO [twinkle_IlWk9PX]       LinesRetriever.java:447  | Global slope: 0.00000
2019-04-22 23:42:01,003 INFO [twinkle_IlWk9PX]    ClustersRetriever.java:235  | Retrieved line clusters: 3 of size: 5 with interline: interline(17,18,18)
2019-04-22 23:42:01,677 INFO [twinkle_IlWk9PX]            PeakGraph.java:177  | Systems: #1[1] #2[2] #3[3]
2019-04-22 23:42:02,499 INFO [twinkle_IlWk9PX]        SystemManager.java:731  | 1 part along 3 systems
2019-04-22 23:42:02,539 INFO [twinkle_IlWk9PX]       StepMonitoring.java:93   | HEADERS
2019-04-22 23:42:04,052 INFO [twinkle_IlWk9PX]      BasicClassifier.java:362  | Classifier loaded XML norms.
2019-04-22 23:42:04,144 INFO [twinkle_IlWk9PX]   AbstractClassifier.java:348  | Classifier data loaded from default uri file:///C:/Users/Ally/My%20Documents/Capstone/CapstoneDB/res/basic-classifier.zip
2019-04-22 23:42:09,018 INFO [twinkle_IlWk9PX]       StepMonitoring.java:93   | STEM_SEEDS
2019-04-22 23:42:09,264 INFO [twinkle_IlWk9PX]        StemSeedsStep.java:93   | stem(1 max:4)
2019-04-22 23:42:09,680 INFO [twinkle_IlWk9PX]       StepMonitoring.java:93   | BEAMS
2019-04-22 23:42:17,468 INFO [twinkle_IlWk9PX]       BlackHeadSizer.java:95   | Spots black-head retrieval diameter: 16.2
2019-04-22 23:42:17,543 INFO [twinkle_IlWk9PX]       BlackHeadSizer.java:243  | Core black head count: 16 blackHead(width:21.0~0.0 height:17.8~1.0)
2019-04-22 23:42:17,556 INFO [twinkle_IlWk9PX]       BlackHeadSizer.java:248  | MusicFont{name:MusicalSymbols pointSize:70}
2019-04-22 23:42:17,858 INFO [twinkle_IlWk9PX]       StepMonitoring.java:93   | LEDGERS
2019-04-22 23:42:18,281 INFO [twinkle_IlWk9PX]       StepMonitoring.java:93   | HEADS
2019-04-22 23:42:20,896 INFO [twinkle_IlWk9PX]       StepMonitoring.java:93   | STEMS
2019-04-22 23:42:21,314 INFO [twinkle_IlWk9PX]       StepMonitoring.java:93   | REDUCTION
2019-04-22 23:42:21,544 INFO [twinkle_IlWk9PX]       StepMonitoring.java:93   | CUE_BEAMS
2019-04-22 23:42:21,595 INFO [twinkle_IlWk9PX]       StepMonitoring.java:93   | TEXTS
2019-04-22 23:42:27,842 INFO [twinkle_IlWk9PX]       StepMonitoring.java:93   | MEASURES
2019-04-22 23:42:27,991 INFO [twinkle_IlWk9PX]                 Page.java:251  | 12 raw measures: [4 in system#1, 4 in system#2, 4 in system#3]
2019-04-22 23:42:27,991 INFO [twinkle_IlWk9PX]       StepMonitoring.java:93   | CHORDS
2019-04-22 23:42:28,142 INFO [twinkle_IlWk9PX]       StepMonitoring.java:93   | CURVES
2019-04-22 23:42:29,781 INFO [twinkle_IlWk9PX]         SlursBuilder.java:156  | Slurs: 0
2019-04-22 23:42:29,892 INFO [twinkle_IlWk9PX]      SegmentsBuilder.java:110  | Segments: 20
2019-04-22 23:42:30,047 INFO [twinkle_IlWk9PX]       StepMonitoring.java:93   | SYMBOLS
2019-04-22 23:42:30,753 INFO [twinkle_IlWk9PX]       StepMonitoring.java:93   | LINKS
2019-04-22 23:42:30,867 INFO [twinkle_IlWk9PX]       StepMonitoring.java:93   | RHYTHMS
2019-04-22 23:42:31,322 INFO [twinkle_IlWk9PX]       StepMonitoring.java:93   | PAGE
2019-04-22 23:42:31,450 INFO [twinkle_IlWk9PX]            SheetStub.java:974  | Stub#1 storing
2019-04-22 23:42:31,472 INFO [twinkle_IlWk9PX]                 Book.java:1660 | Stored /book.xml
2019-04-22 23:42:31,643 INFO [twinkle_IlWk9PX]              Picture.java:784  | Stored /sheet#1/BINARY.xml
2019-04-22 23:42:33,828 INFO [twinkle_IlWk9PX]                Sheet.java:1246 | Stored /sheet#1/sheet#1.xml
2019-04-22 23:42:33,853 INFO [twinkle_IlWk9PX]            SheetStub.java:979  | Sheet{twinkle_IlWk9PX} disposed
2019-04-22 23:42:34,542 INFO [twinkle_IlWk9PX]            SheetStub.java:632  | Loaded /sheet#1/sheet#1.xml
2019-04-22 23:42:34,559 INFO [twinkle_IlWk9PX]                 Book.java:1451 | Scores built: 1
2019-04-22 23:42:38,323 INFO [twinkle_IlWk9PX]        ScoreExporter.java:88   | Score twinkle_IlWk9PX exported to media\mxl\twinkle_IlWk9PX\twinkle_IlWk9PX.mxl
2019-04-22 23:42:38,561 INFO [twinkle_IlWk9PX]                 Book.java:1660 | Stored /book.xml
2019-04-22 23:42:38,562 INFO [twinkle_IlWk9PX]                 Book.java:1613 | Book stored as media\mxl\twinkle_IlWk9PX\twinkle_IlWk9PX.omr
