2019-04-24 10:42:18,229 INFO [twinkle_Pdti6w2]                 Book.java:473  | 1 sheet in media\sheets\twinkle_Pdti6w2.pdf
2019-04-24 10:42:18,645 INFO []                 Book.java:1660 | Stored /book.xml
2019-04-24 10:42:18,646 INFO []                 Book.java:1613 | Book stored as media\mxl\twinkle_Pdti6w2\twinkle_Pdti6w2.omr
2019-04-24 10:42:18,663 INFO []                 Book.java:1327 | Book reaching PAGE on sheets:[#1]
2019-04-24 10:42:18,667 INFO [twinkle_Pdti6w2]       StepMonitoring.java:93   | LOAD
2019-04-24 10:42:19,789 INFO [twinkle_Pdti6w2]                 Book.java:1226 | Loaded image 1 2549x3299 from media\sheets\twinkle_Pdti6w2.pdf
2019-04-24 10:42:19,794 INFO [twinkle_Pdti6w2]       StepMonitoring.java:93   | BINARY
2019-04-24 10:42:20,633 INFO [twinkle_Pdti6w2]       StepMonitoring.java:93   | SCALE
2019-04-24 10:42:20,662 INFO [twinkle_Pdti6w2]         ScaleBuilder.java:557  | Second combo peak too different (182,182,182), ignored
2019-04-24 10:42:20,669 INFO [twinkle_Pdti6w2]         ScaleBuilder.java:492  | Beam minHeight:5 maxHeight:17 quorum:689
2019-04-24 10:42:20,670 INFO [twinkle_Pdti6w2]         ScaleBuilder.java:235  | No beam key found, guessed value: 11
2019-04-24 10:42:20,672 INFO [twinkle_Pdti6w2]            ScaleStep.java:84   | Scale{line(1,1,2) interline(17,18,18) beam(11 extra)}
2019-04-24 10:42:20,673 INFO [twinkle_Pdti6w2]       StepMonitoring.java:93   | GRID
2019-04-24 10:42:20,992 INFO [twinkle_Pdti6w2]       LinesRetriever.java:447  | Global slope: 0.00000
2019-04-24 10:42:21,037 INFO [twinkle_Pdti6w2]    ClustersRetriever.java:235  | Retrieved line clusters: 3 of size: 5 with interline: interline(17,18,18)
2019-04-24 10:42:21,159 INFO [twinkle_Pdti6w2]            PeakGraph.java:177  | Systems: #1[1] #2[2] #3[3]
2019-04-24 10:42:21,473 INFO [twinkle_Pdti6w2]        SystemManager.java:731  | 1 part along 3 systems
2019-04-24 10:42:21,477 INFO [twinkle_Pdti6w2]       StepMonitoring.java:93   | HEADERS
2019-04-24 10:42:21,823 INFO []      BasicClassifier.java:362  | Classifier loaded XML norms.
2019-04-24 10:42:21,828 INFO []   AbstractClassifier.java:348  | Classifier data loaded from default uri file:///C:/Users/Ally/My%20Documents/Capstone/CapstoneDB/res/basic-classifier.zip
2019-04-24 10:42:22,812 INFO [twinkle_Pdti6w2]       StepMonitoring.java:93   | STEM_SEEDS
2019-04-24 10:42:22,902 INFO [twinkle_Pdti6w2]        StemSeedsStep.java:93   | stem(1 max:4)
2019-04-24 10:42:22,955 INFO [twinkle_Pdti6w2]       StepMonitoring.java:93   | BEAMS
2019-04-24 10:42:27,436 INFO [twinkle_Pdti6w2]       BlackHeadSizer.java:95   | Spots black-head retrieval diameter: 16.2
2019-04-24 10:42:27,478 INFO [twinkle_Pdti6w2]       BlackHeadSizer.java:243  | Core black head count: 16 blackHead(width:21.0~0.0 height:17.8~1.0)
2019-04-24 10:42:27,481 INFO [twinkle_Pdti6w2]       BlackHeadSizer.java:248  | MusicFont{name:MusicalSymbols pointSize:70}
2019-04-24 10:42:27,527 INFO [twinkle_Pdti6w2]       StepMonitoring.java:93   | LEDGERS
2019-04-24 10:42:27,675 INFO [twinkle_Pdti6w2]       StepMonitoring.java:93   | HEADS
2019-04-24 10:42:29,115 INFO [twinkle_Pdti6w2]       StepMonitoring.java:93   | STEMS
2019-04-24 10:42:29,235 INFO [twinkle_Pdti6w2]       StepMonitoring.java:93   | REDUCTION
2019-04-24 10:42:29,285 INFO [twinkle_Pdti6w2]       StepMonitoring.java:93   | CUE_BEAMS
2019-04-24 10:42:29,287 INFO [twinkle_Pdti6w2]       StepMonitoring.java:93   | TEXTS
2019-04-24 10:42:32,084 INFO [twinkle_Pdti6w2]       StepMonitoring.java:93   | MEASURES
2019-04-24 10:42:32,099 INFO [twinkle_Pdti6w2]                 Page.java:251  | 12 raw measures: [4 in system#1, 4 in system#2, 4 in system#3]
2019-04-24 10:42:32,099 INFO [twinkle_Pdti6w2]       StepMonitoring.java:93   | CHORDS
2019-04-24 10:42:32,120 INFO [twinkle_Pdti6w2]       StepMonitoring.java:93   | CURVES
2019-04-24 10:42:32,952 INFO [twinkle_Pdti6w2]         SlursBuilder.java:156  | Slurs: 0
2019-04-24 10:42:32,965 INFO [twinkle_Pdti6w2]      SegmentsBuilder.java:110  | Segments: 20
2019-04-24 10:42:32,982 INFO [twinkle_Pdti6w2]       StepMonitoring.java:93   | SYMBOLS
2019-04-24 10:42:33,206 INFO [twinkle_Pdti6w2]       StepMonitoring.java:93   | LINKS
2019-04-24 10:42:33,223 INFO [twinkle_Pdti6w2]       StepMonitoring.java:93   | RHYTHMS
2019-04-24 10:42:33,285 INFO [twinkle_Pdti6w2]       StepMonitoring.java:93   | PAGE
2019-04-24 10:42:33,295 INFO [twinkle_Pdti6w2]            SheetStub.java:974  | Stub#1 storing
2019-04-24 10:42:33,307 INFO [twinkle_Pdti6w2]                 Book.java:1660 | Stored /book.xml
2019-04-24 10:42:33,420 INFO [twinkle_Pdti6w2]              Picture.java:784  | Stored /sheet#1/BINARY.xml
2019-04-24 10:42:33,862 INFO [twinkle_Pdti6w2]                Sheet.java:1246 | Stored /sheet#1/sheet#1.xml
2019-04-24 10:42:33,902 INFO [twinkle_Pdti6w2]            SheetStub.java:979  | Sheet{twinkle_Pdti6w2} disposed
2019-04-24 10:42:34,394 INFO [twinkle_Pdti6w2]            SheetStub.java:632  | Loaded /sheet#1/sheet#1.xml
2019-04-24 10:42:34,397 INFO [twinkle_Pdti6w2]                 Book.java:1451 | Scores built: 1
2019-04-24 10:42:36,560 INFO [twinkle_Pdti6w2]        ScoreExporter.java:88   | Score twinkle_Pdti6w2 exported to media\mxl\twinkle_Pdti6w2\twinkle_Pdti6w2.mxl
2019-04-24 10:42:36,728 INFO [twinkle_Pdti6w2]                 Book.java:1660 | Stored /book.xml
2019-04-24 10:42:36,729 INFO [twinkle_Pdti6w2]                 Book.java:1613 | Book stored as media\mxl\twinkle_Pdti6w2\twinkle_Pdti6w2.omr
