2019-04-18 00:57:34,750 INFO [twinkle_hsNRL0Z]                 Book.java:473  | 1 sheet in media\sheets\twinkle_hsNRL0Z.pdf
2019-04-18 00:57:35,289 INFO []                 Book.java:1660 | Stored /book.xml
2019-04-18 00:57:35,292 INFO []                 Book.java:1613 | Book stored as media\mxl\twinkle_hsNRL0Z\twinkle_hsNRL0Z.omr
2019-04-18 00:57:35,364 INFO []                 Book.java:1327 | Book reaching PAGE on sheets:[#1]
2019-04-18 00:57:35,371 INFO [twinkle_hsNRL0Z]       StepMonitoring.java:93   | LOAD
2019-04-18 00:57:36,953 INFO [twinkle_hsNRL0Z]                 Book.java:1226 | Loaded image 1 2549x3299 from media\sheets\twinkle_hsNRL0Z.pdf
2019-04-18 00:57:36,969 INFO [twinkle_hsNRL0Z]       StepMonitoring.java:93   | BINARY
2019-04-18 00:57:39,277 INFO [twinkle_hsNRL0Z]       StepMonitoring.java:93   | SCALE
2019-04-18 00:57:39,343 INFO [twinkle_hsNRL0Z]         ScaleBuilder.java:557  | Second combo peak too different (182,182,182), ignored
2019-04-18 00:57:39,352 INFO [twinkle_hsNRL0Z]         ScaleBuilder.java:492  | Beam minHeight:5 maxHeight:17 quorum:689
2019-04-18 00:57:39,355 INFO [twinkle_hsNRL0Z]         ScaleBuilder.java:235  | No beam key found, guessed value: 11
2019-04-18 00:57:39,362 INFO [twinkle_hsNRL0Z]            ScaleStep.java:84   | Scale{line(1,1,2) interline(17,18,18) beam(11 extra)}
2019-04-18 00:57:39,364 INFO [twinkle_hsNRL0Z]       StepMonitoring.java:93   | GRID
2019-04-18 00:57:40,105 INFO [twinkle_hsNRL0Z]       LinesRetriever.java:447  | Global slope: 0.00000
2019-04-18 00:57:40,205 INFO [twinkle_hsNRL0Z]    ClustersRetriever.java:235  | Retrieved line clusters: 3 of size: 5 with interline: interline(17,18,18)
2019-04-18 00:57:40,400 INFO [twinkle_hsNRL0Z]            PeakGraph.java:177  | Systems: #1[1] #2[2] #3[3]
2019-04-18 00:57:40,967 INFO [twinkle_hsNRL0Z]        SystemManager.java:731  | 1 part along 3 systems
2019-04-18 00:57:40,978 INFO [twinkle_hsNRL0Z]       StepMonitoring.java:93   | HEADERS
2019-04-18 00:57:41,703 INFO [twinkle_hsNRL0Z]      BasicClassifier.java:362  | Classifier loaded XML norms.
2019-04-18 00:57:41,719 INFO [twinkle_hsNRL0Z]   AbstractClassifier.java:348  | Classifier data loaded from default uri file:///C:/Users/Ally/My%20Documents/Capstone/CapstoneDB/res/basic-classifier.zip
2019-04-18 00:57:43,816 INFO [twinkle_hsNRL0Z]       StepMonitoring.java:93   | STEM_SEEDS
2019-04-18 00:57:43,948 INFO [twinkle_hsNRL0Z]        StemSeedsStep.java:93   | stem(1 max:4)
2019-04-18 00:57:44,050 INFO [twinkle_hsNRL0Z]       StepMonitoring.java:93   | BEAMS
2019-04-18 00:57:53,648 INFO [twinkle_hsNRL0Z]       BlackHeadSizer.java:95   | Spots black-head retrieval diameter: 16.2
2019-04-18 00:57:53,729 INFO [twinkle_hsNRL0Z]       BlackHeadSizer.java:243  | Core black head count: 16 blackHead(width:21.0~0.0 height:17.8~1.0)
2019-04-18 00:57:53,739 INFO [twinkle_hsNRL0Z]       BlackHeadSizer.java:248  | MusicFont{name:MusicalSymbols pointSize:70}
2019-04-18 00:57:53,831 INFO [twinkle_hsNRL0Z]       StepMonitoring.java:93   | LEDGERS
2019-04-18 00:57:54,055 INFO [twinkle_hsNRL0Z]       StepMonitoring.java:93   | HEADS
2019-04-18 00:57:56,607 INFO [twinkle_hsNRL0Z]       StepMonitoring.java:93   | STEMS
2019-04-18 00:57:56,894 INFO [twinkle_hsNRL0Z]       StepMonitoring.java:93   | REDUCTION
2019-04-18 00:57:57,032 INFO [twinkle_hsNRL0Z]       StepMonitoring.java:93   | CUE_BEAMS
2019-04-18 00:57:57,076 INFO [twinkle_hsNRL0Z]       StepMonitoring.java:93   | TEXTS
2019-04-18 00:58:02,380 INFO [twinkle_hsNRL0Z]       StepMonitoring.java:93   | MEASURES
2019-04-18 00:58:02,412 INFO [twinkle_hsNRL0Z]                 Page.java:251  | 12 raw measures: [4 in system#1, 4 in system#2, 4 in system#3]
2019-04-18 00:58:02,413 INFO [twinkle_hsNRL0Z]       StepMonitoring.java:93   | CHORDS
2019-04-18 00:58:02,459 INFO [twinkle_hsNRL0Z]       StepMonitoring.java:93   | CURVES
2019-04-18 00:58:04,413 INFO [twinkle_hsNRL0Z]         SlursBuilder.java:156  | Slurs: 0
2019-04-18 00:58:04,463 INFO [twinkle_hsNRL0Z]      SegmentsBuilder.java:110  | Segments: 20
2019-04-18 00:58:04,511 INFO [twinkle_hsNRL0Z]       StepMonitoring.java:93   | SYMBOLS
2019-04-18 00:58:04,951 INFO [twinkle_hsNRL0Z]       StepMonitoring.java:93   | LINKS
2019-04-18 00:58:04,992 INFO [twinkle_hsNRL0Z]       StepMonitoring.java:93   | RHYTHMS
2019-04-18 00:58:05,096 INFO [twinkle_hsNRL0Z]       StepMonitoring.java:93   | PAGE
2019-04-18 00:58:05,125 INFO [twinkle_hsNRL0Z]            SheetStub.java:974  | Stub#1 storing
2019-04-18 00:58:05,142 INFO [twinkle_hsNRL0Z]                 Book.java:1660 | Stored /book.xml
2019-04-18 00:58:05,442 INFO [twinkle_hsNRL0Z]              Picture.java:784  | Stored /sheet#1/BINARY.xml
2019-04-18 00:58:06,158 INFO [twinkle_hsNRL0Z]                Sheet.java:1246 | Stored /sheet#1/sheet#1.xml
2019-04-18 00:58:06,195 INFO [twinkle_hsNRL0Z]            SheetStub.java:979  | Sheet{twinkle_hsNRL0Z} disposed
2019-04-18 00:58:07,049 INFO [twinkle_hsNRL0Z]            SheetStub.java:632  | Loaded /sheet#1/sheet#1.xml
2019-04-18 00:58:07,050 INFO [twinkle_hsNRL0Z]                 Book.java:1451 | Scores built: 1
2019-04-18 00:58:10,596 INFO [twinkle_hsNRL0Z]        ScoreExporter.java:88   | Score twinkle_hsNRL0Z exported to media\mxl\twinkle_hsNRL0Z\twinkle_hsNRL0Z.mxl
2019-04-18 00:58:10,829 INFO [twinkle_hsNRL0Z]                 Book.java:1660 | Stored /book.xml
2019-04-18 00:58:10,829 INFO [twinkle_hsNRL0Z]                 Book.java:1613 | Book stored as media\mxl\twinkle_hsNRL0Z\twinkle_hsNRL0Z.omr
