2019-05-01 01:10:30,587 INFO [twinkle_lYQhwkV]                 Book.java:473  | 1 sheet in media\sheets\twinkle_lYQhwkV.pdf
2019-05-01 01:10:31,272 INFO []                 Book.java:1660 | Stored /book.xml
2019-05-01 01:10:31,274 INFO []                 Book.java:1613 | Book stored as media\mxl\twinkle_lYQhwkV\twinkle_lYQhwkV.omr
2019-05-01 01:10:31,294 INFO []                 Book.java:1327 | Book reaching PAGE on sheets:[#1]
2019-05-01 01:10:31,298 INFO [twinkle_lYQhwkV]       StepMonitoring.java:93   | LOAD
2019-05-01 01:10:32,301 INFO [twinkle_lYQhwkV]                 Book.java:1226 | Loaded image 1 2549x3299 from media\sheets\twinkle_lYQhwkV.pdf
2019-05-01 01:10:32,307 INFO [twinkle_lYQhwkV]       StepMonitoring.java:93   | BINARY
2019-05-01 01:10:33,085 INFO [twinkle_lYQhwkV]       StepMonitoring.java:93   | SCALE
2019-05-01 01:10:33,122 INFO [twinkle_lYQhwkV]         ScaleBuilder.java:557  | Second combo peak too different (182,182,182), ignored
2019-05-01 01:10:33,129 INFO [twinkle_lYQhwkV]         ScaleBuilder.java:492  | Beam minHeight:5 maxHeight:17 quorum:689
2019-05-01 01:10:33,131 INFO [twinkle_lYQhwkV]         ScaleBuilder.java:235  | No beam key found, guessed value: 11
2019-05-01 01:10:33,132 INFO [twinkle_lYQhwkV]            ScaleStep.java:84   | Scale{line(1,1,2) interline(17,18,18) beam(11 extra)}
2019-05-01 01:10:33,133 INFO [twinkle_lYQhwkV]       StepMonitoring.java:93   | GRID
2019-05-01 01:10:33,513 INFO [twinkle_lYQhwkV]       LinesRetriever.java:447  | Global slope: 0.00000
2019-05-01 01:10:33,561 INFO [twinkle_lYQhwkV]    ClustersRetriever.java:235  | Retrieved line clusters: 3 of size: 5 with interline: interline(17,18,18)
2019-05-01 01:10:33,678 INFO [twinkle_lYQhwkV]            PeakGraph.java:177  | Systems: #1[1] #2[2] #3[3]
2019-05-01 01:10:34,012 INFO [twinkle_lYQhwkV]        SystemManager.java:731  | 1 part along 3 systems
2019-05-01 01:10:34,018 INFO [twinkle_lYQhwkV]       StepMonitoring.java:93   | HEADERS
2019-05-01 01:10:34,369 INFO [twinkle_lYQhwkV]      BasicClassifier.java:362  | Classifier loaded XML norms.
2019-05-01 01:10:34,381 INFO [twinkle_lYQhwkV]   AbstractClassifier.java:348  | Classifier data loaded from default uri file:///C:/Users/Ally/My%20Documents/Capstone/CapstoneDB/res/basic-classifier.zip
2019-05-01 01:10:35,626 INFO [twinkle_lYQhwkV]       StepMonitoring.java:93   | STEM_SEEDS
2019-05-01 01:10:35,692 INFO [twinkle_lYQhwkV]        StemSeedsStep.java:93   | stem(1 max:4)
2019-05-01 01:10:35,731 INFO [twinkle_lYQhwkV]       StepMonitoring.java:93   | BEAMS
2019-05-01 01:10:40,312 INFO [twinkle_lYQhwkV]       BlackHeadSizer.java:95   | Spots black-head retrieval diameter: 16.2
2019-05-01 01:10:40,371 INFO [twinkle_lYQhwkV]       BlackHeadSizer.java:243  | Core black head count: 16 blackHead(width:21.0~0.0 height:17.8~1.0)
2019-05-01 01:10:40,375 INFO [twinkle_lYQhwkV]       BlackHeadSizer.java:248  | MusicFont{name:MusicalSymbols pointSize:70}
2019-05-01 01:10:40,435 INFO [twinkle_lYQhwkV]       StepMonitoring.java:93   | LEDGERS
2019-05-01 01:10:40,724 INFO [twinkle_lYQhwkV]       StepMonitoring.java:93   | HEADS
2019-05-01 01:10:42,190 INFO [twinkle_lYQhwkV]       StepMonitoring.java:93   | STEMS
2019-05-01 01:10:42,318 INFO [twinkle_lYQhwkV]       StepMonitoring.java:93   | REDUCTION
2019-05-01 01:10:42,367 INFO [twinkle_lYQhwkV]       StepMonitoring.java:93   | CUE_BEAMS
2019-05-01 01:10:42,371 INFO [twinkle_lYQhwkV]       StepMonitoring.java:93   | TEXTS
2019-05-01 01:10:46,153 INFO [twinkle_lYQhwkV]       StepMonitoring.java:93   | MEASURES
2019-05-01 01:10:46,172 INFO [twinkle_lYQhwkV]                 Page.java:251  | 12 raw measures: [4 in system#1, 4 in system#2, 4 in system#3]
2019-05-01 01:10:46,173 INFO [twinkle_lYQhwkV]       StepMonitoring.java:93   | CHORDS
2019-05-01 01:10:46,201 INFO [twinkle_lYQhwkV]       StepMonitoring.java:93   | CURVES
2019-05-01 01:10:46,912 INFO [twinkle_lYQhwkV]         SlursBuilder.java:156  | Slurs: 0
2019-05-01 01:10:46,923 INFO [twinkle_lYQhwkV]      SegmentsBuilder.java:110  | Segments: 20
2019-05-01 01:10:46,939 INFO [twinkle_lYQhwkV]       StepMonitoring.java:93   | SYMBOLS
2019-05-01 01:10:47,185 INFO [twinkle_lYQhwkV]       StepMonitoring.java:93   | LINKS
2019-05-01 01:10:47,203 INFO [twinkle_lYQhwkV]       StepMonitoring.java:93   | RHYTHMS
2019-05-01 01:10:47,269 INFO [twinkle_lYQhwkV]       StepMonitoring.java:93   | PAGE
2019-05-01 01:10:47,283 INFO [twinkle_lYQhwkV]            SheetStub.java:974  | Stub#1 storing
2019-05-01 01:10:47,295 INFO [twinkle_lYQhwkV]                 Book.java:1660 | Stored /book.xml
2019-05-01 01:10:47,454 INFO [twinkle_lYQhwkV]              Picture.java:784  | Stored /sheet#1/BINARY.xml
2019-05-01 01:10:48,070 INFO [twinkle_lYQhwkV]                Sheet.java:1246 | Stored /sheet#1/sheet#1.xml
2019-05-01 01:10:48,090 INFO [twinkle_lYQhwkV]            SheetStub.java:979  | Sheet{twinkle_lYQhwkV} disposed
2019-05-01 01:10:48,612 INFO [twinkle_lYQhwkV]            SheetStub.java:632  | Loaded /sheet#1/sheet#1.xml
2019-05-01 01:10:48,615 INFO [twinkle_lYQhwkV]                 Book.java:1451 | Scores built: 1
2019-05-01 01:10:51,234 INFO [twinkle_lYQhwkV]        ScoreExporter.java:88   | Score twinkle_lYQhwkV exported to media\mxl\twinkle_lYQhwkV\twinkle_lYQhwkV.mxl
2019-05-01 01:10:51,377 INFO [twinkle_lYQhwkV]                 Book.java:1660 | Stored /book.xml
2019-05-01 01:10:51,378 INFO [twinkle_lYQhwkV]                 Book.java:1613 | Book stored as media\mxl\twinkle_lYQhwkV\twinkle_lYQhwkV.omr
