2019-04-17 21:51:36,165 INFO [twinkle_XH76UfO]                 Book.java:473  | 1 sheet in media\sheets\twinkle_XH76UfO.pdf
2019-04-17 21:51:36,538 INFO []                 Book.java:1660 | Stored /book.xml
2019-04-17 21:51:36,538 INFO []                 Book.java:1613 | Book stored as media\mxl\twinkle_XH76UfO\twinkle_XH76UfO.omr
2019-04-17 21:51:36,557 INFO []                 Book.java:1327 | Book reaching PAGE on sheets:[#1]
2019-04-17 21:51:36,560 INFO [twinkle_XH76UfO]       StepMonitoring.java:93   | LOAD
2019-04-17 21:51:37,382 INFO [twinkle_XH76UfO]                 Book.java:1226 | Loaded image 1 2549x3299 from media\sheets\twinkle_XH76UfO.pdf
2019-04-17 21:51:37,387 INFO [twinkle_XH76UfO]       StepMonitoring.java:93   | BINARY
2019-04-17 21:51:38,253 INFO [twinkle_XH76UfO]       StepMonitoring.java:93   | SCALE
2019-04-17 21:51:38,283 INFO [twinkle_XH76UfO]         ScaleBuilder.java:557  | Second combo peak too different (182,182,182), ignored
2019-04-17 21:51:38,289 INFO [twinkle_XH76UfO]         ScaleBuilder.java:492  | Beam minHeight:5 maxHeight:17 quorum:689
2019-04-17 21:51:38,290 INFO [twinkle_XH76UfO]         ScaleBuilder.java:235  | No beam key found, guessed value: 11
2019-04-17 21:51:38,291 INFO [twinkle_XH76UfO]            ScaleStep.java:84   | Scale{line(1,1,2) interline(17,18,18) beam(11 extra)}
2019-04-17 21:51:38,293 INFO [twinkle_XH76UfO]       StepMonitoring.java:93   | GRID
2019-04-17 21:51:38,607 INFO [twinkle_XH76UfO]       LinesRetriever.java:447  | Global slope: 0.00000
2019-04-17 21:51:38,649 INFO [twinkle_XH76UfO]    ClustersRetriever.java:235  | Retrieved line clusters: 3 of size: 5 with interline: interline(17,18,18)
2019-04-17 21:51:38,757 INFO [twinkle_XH76UfO]            PeakGraph.java:177  | Systems: #1[1] #2[2] #3[3]
2019-04-17 21:51:39,068 INFO [twinkle_XH76UfO]        SystemManager.java:731  | 1 part along 3 systems
2019-04-17 21:51:39,073 INFO [twinkle_XH76UfO]       StepMonitoring.java:93   | HEADERS
2019-04-17 21:51:39,464 INFO [twinkle_XH76UfO]      BasicClassifier.java:362  | Classifier loaded XML norms.
2019-04-17 21:51:39,470 INFO [twinkle_XH76UfO]   AbstractClassifier.java:348  | Classifier data loaded from default uri file:///C:/Users/Ally/My%20Documents/Capstone/CapstoneDB/res/basic-classifier.zip
2019-04-17 21:51:40,405 INFO [twinkle_XH76UfO]       StepMonitoring.java:93   | STEM_SEEDS
2019-04-17 21:51:40,480 INFO [twinkle_XH76UfO]        StemSeedsStep.java:93   | stem(1 max:4)
2019-04-17 21:51:40,541 INFO [twinkle_XH76UfO]       StepMonitoring.java:93   | BEAMS
2019-04-17 21:51:46,412 INFO [twinkle_XH76UfO]       BlackHeadSizer.java:95   | Spots black-head retrieval diameter: 16.2
2019-04-17 21:51:46,461 INFO [twinkle_XH76UfO]       BlackHeadSizer.java:243  | Core black head count: 16 blackHead(width:21.0~0.0 height:17.8~1.0)
2019-04-17 21:51:46,466 INFO [twinkle_XH76UfO]       BlackHeadSizer.java:248  | MusicFont{name:MusicalSymbols pointSize:70}
2019-04-17 21:51:46,554 INFO [twinkle_XH76UfO]       StepMonitoring.java:93   | LEDGERS
2019-04-17 21:51:46,700 INFO [twinkle_XH76UfO]       StepMonitoring.java:93   | HEADS
2019-04-17 21:51:48,373 INFO [twinkle_XH76UfO]       StepMonitoring.java:93   | STEMS
2019-04-17 21:51:48,551 INFO [twinkle_XH76UfO]       StepMonitoring.java:93   | REDUCTION
2019-04-17 21:51:48,611 INFO [twinkle_XH76UfO]       StepMonitoring.java:93   | CUE_BEAMS
2019-04-17 21:51:48,634 INFO [twinkle_XH76UfO]       StepMonitoring.java:93   | TEXTS
2019-04-17 21:51:51,314 INFO [twinkle_XH76UfO]       StepMonitoring.java:93   | MEASURES
2019-04-17 21:51:51,328 INFO [twinkle_XH76UfO]                 Page.java:251  | 12 raw measures: [4 in system#1, 4 in system#2, 4 in system#3]
2019-04-17 21:51:51,329 INFO [twinkle_XH76UfO]       StepMonitoring.java:93   | CHORDS
2019-04-17 21:51:51,349 INFO [twinkle_XH76UfO]       StepMonitoring.java:93   | CURVES
2019-04-17 21:51:52,176 INFO [twinkle_XH76UfO]         SlursBuilder.java:156  | Slurs: 0
2019-04-17 21:51:52,193 INFO [twinkle_XH76UfO]      SegmentsBuilder.java:110  | Segments: 20
2019-04-17 21:51:52,212 INFO [twinkle_XH76UfO]       StepMonitoring.java:93   | SYMBOLS
2019-04-17 21:51:52,467 INFO [twinkle_XH76UfO]       StepMonitoring.java:93   | LINKS
2019-04-17 21:51:52,490 INFO [twinkle_XH76UfO]       StepMonitoring.java:93   | RHYTHMS
2019-04-17 21:51:52,576 INFO [twinkle_XH76UfO]       StepMonitoring.java:93   | PAGE
2019-04-17 21:51:52,589 INFO [twinkle_XH76UfO]            SheetStub.java:974  | Stub#1 storing
2019-04-17 21:51:52,601 INFO [twinkle_XH76UfO]                 Book.java:1660 | Stored /book.xml
2019-04-17 21:51:52,748 INFO [twinkle_XH76UfO]              Picture.java:784  | Stored /sheet#1/BINARY.xml
2019-04-17 21:51:53,233 INFO [twinkle_XH76UfO]                Sheet.java:1246 | Stored /sheet#1/sheet#1.xml
2019-04-17 21:51:53,251 INFO [twinkle_XH76UfO]            SheetStub.java:979  | Sheet{twinkle_XH76UfO} disposed
2019-04-17 21:51:53,759 INFO [twinkle_XH76UfO]            SheetStub.java:632  | Loaded /sheet#1/sheet#1.xml
2019-04-17 21:51:53,764 INFO [twinkle_XH76UfO]                 Book.java:1451 | Scores built: 1
2019-04-17 21:51:56,019 INFO [twinkle_XH76UfO]        ScoreExporter.java:88   | Score twinkle_XH76UfO exported to media\mxl\twinkle_XH76UfO\twinkle_XH76UfO.mxl
2019-04-17 21:51:56,176 INFO [twinkle_XH76UfO]                 Book.java:1660 | Stored /book.xml
2019-04-17 21:51:56,177 INFO [twinkle_XH76UfO]                 Book.java:1613 | Book stored as media\mxl\twinkle_XH76UfO\twinkle_XH76UfO.omr
