2019-04-18 00:55:24,203 INFO [twinkle_nYY1IT7]                 Book.java:473  | 1 sheet in media\sheets\twinkle_nYY1IT7.pdf
2019-04-18 00:55:24,595 INFO []                 Book.java:1660 | Stored /book.xml
2019-04-18 00:55:24,595 INFO []                 Book.java:1613 | Book stored as media\mxl\twinkle_nYY1IT7\twinkle_nYY1IT7.omr
2019-04-18 00:55:24,634 INFO []                 Book.java:1327 | Book reaching PAGE on sheets:[#1]
2019-04-18 00:55:24,639 INFO [twinkle_nYY1IT7]       StepMonitoring.java:93   | LOAD
2019-04-18 00:55:25,417 INFO [twinkle_nYY1IT7]                 Book.java:1226 | Loaded image 1 2549x3299 from media\sheets\twinkle_nYY1IT7.pdf
2019-04-18 00:55:25,427 INFO [twinkle_nYY1IT7]       StepMonitoring.java:93   | BINARY
2019-04-18 00:55:26,383 INFO [twinkle_nYY1IT7]       StepMonitoring.java:93   | SCALE
2019-04-18 00:55:26,415 INFO [twinkle_nYY1IT7]         ScaleBuilder.java:557  | Second combo peak too different (182,182,182), ignored
2019-04-18 00:55:26,420 INFO [twinkle_nYY1IT7]         ScaleBuilder.java:492  | Beam minHeight:5 maxHeight:17 quorum:689
2019-04-18 00:55:26,422 INFO [twinkle_nYY1IT7]         ScaleBuilder.java:235  | No beam key found, guessed value: 11
2019-04-18 00:55:26,424 INFO [twinkle_nYY1IT7]            ScaleStep.java:84   | Scale{line(1,1,2) interline(17,18,18) beam(11 extra)}
2019-04-18 00:55:26,426 INFO [twinkle_nYY1IT7]       StepMonitoring.java:93   | GRID
2019-04-18 00:55:26,768 INFO [twinkle_nYY1IT7]       LinesRetriever.java:447  | Global slope: 0.00000
2019-04-18 00:55:26,811 INFO [twinkle_nYY1IT7]    ClustersRetriever.java:235  | Retrieved line clusters: 3 of size: 5 with interline: interline(17,18,18)
2019-04-18 00:55:26,943 INFO [twinkle_nYY1IT7]            PeakGraph.java:177  | Systems: #1[1] #2[2] #3[3]
2019-04-18 00:55:27,273 INFO [twinkle_nYY1IT7]        SystemManager.java:731  | 1 part along 3 systems
2019-04-18 00:55:27,275 INFO [twinkle_nYY1IT7]       StepMonitoring.java:93   | HEADERS
2019-04-18 00:55:27,703 INFO [twinkle_nYY1IT7]      BasicClassifier.java:362  | Classifier loaded XML norms.
2019-04-18 00:55:27,712 INFO [twinkle_nYY1IT7]   AbstractClassifier.java:348  | Classifier data loaded from default uri file:///C:/Users/Ally/My%20Documents/Capstone/CapstoneDB/res/basic-classifier.zip
2019-04-18 00:55:28,816 INFO [twinkle_nYY1IT7]       StepMonitoring.java:93   | STEM_SEEDS
2019-04-18 00:55:28,904 INFO [twinkle_nYY1IT7]        StemSeedsStep.java:93   | stem(1 max:4)
2019-04-18 00:55:28,967 INFO [twinkle_nYY1IT7]       StepMonitoring.java:93   | BEAMS
2019-04-18 00:55:34,326 INFO [twinkle_nYY1IT7]       BlackHeadSizer.java:95   | Spots black-head retrieval diameter: 16.2
2019-04-18 00:55:34,374 INFO [twinkle_nYY1IT7]       BlackHeadSizer.java:243  | Core black head count: 16 blackHead(width:21.0~0.0 height:17.8~1.0)
2019-04-18 00:55:34,377 INFO [twinkle_nYY1IT7]       BlackHeadSizer.java:248  | MusicFont{name:MusicalSymbols pointSize:70}
2019-04-18 00:55:34,424 INFO [twinkle_nYY1IT7]       StepMonitoring.java:93   | LEDGERS
2019-04-18 00:55:34,609 INFO [twinkle_nYY1IT7]       StepMonitoring.java:93   | HEADS
2019-04-18 00:55:36,523 INFO [twinkle_nYY1IT7]       StepMonitoring.java:93   | STEMS
2019-04-18 00:55:36,713 INFO [twinkle_nYY1IT7]       StepMonitoring.java:93   | REDUCTION
2019-04-18 00:55:36,807 INFO [twinkle_nYY1IT7]       StepMonitoring.java:93   | CUE_BEAMS
2019-04-18 00:55:36,813 INFO [twinkle_nYY1IT7]       StepMonitoring.java:93   | TEXTS
2019-04-18 00:55:40,329 INFO [twinkle_nYY1IT7]       StepMonitoring.java:93   | MEASURES
2019-04-18 00:55:40,349 INFO [twinkle_nYY1IT7]                 Page.java:251  | 12 raw measures: [4 in system#1, 4 in system#2, 4 in system#3]
2019-04-18 00:55:40,349 INFO [twinkle_nYY1IT7]       StepMonitoring.java:93   | CHORDS
2019-04-18 00:55:40,378 INFO [twinkle_nYY1IT7]       StepMonitoring.java:93   | CURVES
2019-04-18 00:55:41,248 INFO [twinkle_nYY1IT7]         SlursBuilder.java:156  | Slurs: 0
2019-04-18 00:55:41,270 INFO [twinkle_nYY1IT7]      SegmentsBuilder.java:110  | Segments: 20
2019-04-18 00:55:41,286 INFO [twinkle_nYY1IT7]       StepMonitoring.java:93   | SYMBOLS
2019-04-18 00:55:41,498 INFO [twinkle_nYY1IT7]       StepMonitoring.java:93   | LINKS
2019-04-18 00:55:41,523 INFO [twinkle_nYY1IT7]       StepMonitoring.java:93   | RHYTHMS
2019-04-18 00:55:41,593 INFO [twinkle_nYY1IT7]       StepMonitoring.java:93   | PAGE
2019-04-18 00:55:41,606 INFO [twinkle_nYY1IT7]            SheetStub.java:974  | Stub#1 storing
2019-04-18 00:55:41,618 INFO [twinkle_nYY1IT7]                 Book.java:1660 | Stored /book.xml
2019-04-18 00:55:41,764 INFO [twinkle_nYY1IT7]              Picture.java:784  | Stored /sheet#1/BINARY.xml
2019-04-18 00:55:42,274 INFO [twinkle_nYY1IT7]                Sheet.java:1246 | Stored /sheet#1/sheet#1.xml
2019-04-18 00:55:42,293 INFO [twinkle_nYY1IT7]            SheetStub.java:979  | Sheet{twinkle_nYY1IT7} disposed
2019-04-18 00:55:42,875 INFO [twinkle_nYY1IT7]            SheetStub.java:632  | Loaded /sheet#1/sheet#1.xml
2019-04-18 00:55:42,877 INFO [twinkle_nYY1IT7]                 Book.java:1451 | Scores built: 1
2019-04-18 00:55:45,893 INFO [twinkle_nYY1IT7]        ScoreExporter.java:88   | Score twinkle_nYY1IT7 exported to media\mxl\twinkle_nYY1IT7\twinkle_nYY1IT7.mxl
2019-04-18 00:55:46,214 INFO [twinkle_nYY1IT7]                 Book.java:1660 | Stored /book.xml
2019-04-18 00:55:46,214 INFO [twinkle_nYY1IT7]                 Book.java:1613 | Book stored as media\mxl\twinkle_nYY1IT7\twinkle_nYY1IT7.omr
