2019-04-23 15:10:56,383 INFO [twinkle_VACFfEJ]                 Book.java:473  | 1 sheet in media\sheets\twinkle_VACFfEJ.pdf
2019-04-23 15:10:58,773 INFO []                 Book.java:1660 | Stored /book.xml
2019-04-23 15:10:58,774 INFO []                 Book.java:1613 | Book stored as media\mxl\twinkle_VACFfEJ\twinkle_VACFfEJ.omr
2019-04-23 15:10:58,793 INFO []                 Book.java:1327 | Book reaching PAGE on sheets:[#1]
2019-04-23 15:10:58,822 INFO [twinkle_VACFfEJ]       StepMonitoring.java:93   | LOAD
2019-04-23 15:11:00,026 INFO [twinkle_VACFfEJ]                 Book.java:1226 | Loaded image 1 2549x3299 from media\sheets\twinkle_VACFfEJ.pdf
2019-04-23 15:11:00,085 INFO [twinkle_VACFfEJ]       StepMonitoring.java:93   | BINARY
2019-04-23 15:11:01,664 INFO [twinkle_VACFfEJ]       StepMonitoring.java:93   | SCALE
2019-04-23 15:11:01,896 INFO [twinkle_VACFfEJ]         ScaleBuilder.java:557  | Second combo peak too different (182,182,182), ignored
2019-04-23 15:11:01,940 INFO [twinkle_VACFfEJ]         ScaleBuilder.java:492  | Beam minHeight:5 maxHeight:17 quorum:689
2019-04-23 15:11:01,956 INFO [twinkle_VACFfEJ]         ScaleBuilder.java:235  | No beam key found, guessed value: 11
2019-04-23 15:11:01,973 INFO [twinkle_VACFfEJ]            ScaleStep.java:84   | Scale{line(1,1,2) interline(17,18,18) beam(11 extra)}
2019-04-23 15:11:01,975 INFO [twinkle_VACFfEJ]       StepMonitoring.java:93   | GRID
2019-04-23 15:11:03,526 INFO [twinkle_VACFfEJ]       LinesRetriever.java:447  | Global slope: 0.00000
2019-04-23 15:11:03,770 INFO [twinkle_VACFfEJ]    ClustersRetriever.java:235  | Retrieved line clusters: 3 of size: 5 with interline: interline(17,18,18)
2019-04-23 15:11:04,319 INFO [twinkle_VACFfEJ]            PeakGraph.java:177  | Systems: #1[1] #2[2] #3[3]
2019-04-23 15:11:05,320 INFO [twinkle_VACFfEJ]        SystemManager.java:731  | 1 part along 3 systems
2019-04-23 15:11:05,371 INFO [twinkle_VACFfEJ]       StepMonitoring.java:93   | HEADERS
2019-04-23 15:11:06,770 INFO [twinkle_VACFfEJ]      BasicClassifier.java:362  | Classifier loaded XML norms.
2019-04-23 15:11:06,792 INFO [twinkle_VACFfEJ]   AbstractClassifier.java:348  | Classifier data loaded from default uri file:///C:/Users/Ally/My%20Documents/Capstone/CapstoneDB/res/basic-classifier.zip
2019-04-23 15:11:11,172 INFO [twinkle_VACFfEJ]       StepMonitoring.java:93   | STEM_SEEDS
2019-04-23 15:11:11,530 INFO [twinkle_VACFfEJ]        StemSeedsStep.java:93   | stem(1 max:4)
2019-04-23 15:11:11,932 INFO [twinkle_VACFfEJ]       StepMonitoring.java:93   | BEAMS
2019-04-23 15:11:23,821 INFO [twinkle_VACFfEJ]       BlackHeadSizer.java:95   | Spots black-head retrieval diameter: 16.2
2019-04-23 15:11:23,922 INFO [twinkle_VACFfEJ]       BlackHeadSizer.java:243  | Core black head count: 16 blackHead(width:21.0~0.0 height:17.8~1.0)
2019-04-23 15:11:23,948 INFO [twinkle_VACFfEJ]       BlackHeadSizer.java:248  | MusicFont{name:MusicalSymbols pointSize:70}
2019-04-23 15:11:24,327 INFO [twinkle_VACFfEJ]       StepMonitoring.java:93   | LEDGERS
2019-04-23 15:11:24,730 INFO [twinkle_VACFfEJ]       StepMonitoring.java:93   | HEADS
2019-04-23 15:11:27,963 INFO [twinkle_VACFfEJ]       StepMonitoring.java:93   | STEMS
2019-04-23 15:11:28,415 INFO [twinkle_VACFfEJ]       StepMonitoring.java:93   | REDUCTION
2019-04-23 15:11:28,604 INFO [twinkle_VACFfEJ]       StepMonitoring.java:93   | CUE_BEAMS
2019-04-23 15:11:28,626 INFO [twinkle_VACFfEJ]       StepMonitoring.java:93   | TEXTS
2019-04-23 15:11:33,724 INFO [twinkle_VACFfEJ]       StepMonitoring.java:93   | MEASURES
2019-04-23 15:11:33,854 INFO [twinkle_VACFfEJ]                 Page.java:251  | 12 raw measures: [4 in system#1, 4 in system#2, 4 in system#3]
2019-04-23 15:11:33,854 INFO [twinkle_VACFfEJ]       StepMonitoring.java:93   | CHORDS
2019-04-23 15:11:33,969 INFO [twinkle_VACFfEJ]       StepMonitoring.java:93   | CURVES
2019-04-23 15:11:35,356 INFO [twinkle_VACFfEJ]         SlursBuilder.java:156  | Slurs: 0
2019-04-23 15:11:35,423 INFO [twinkle_VACFfEJ]      SegmentsBuilder.java:110  | Segments: 20
2019-04-23 15:11:35,530 INFO [twinkle_VACFfEJ]       StepMonitoring.java:93   | SYMBOLS
2019-04-23 15:11:36,044 INFO [twinkle_VACFfEJ]       StepMonitoring.java:93   | LINKS
2019-04-23 15:11:36,126 INFO [twinkle_VACFfEJ]       StepMonitoring.java:93   | RHYTHMS
2019-04-23 15:11:36,525 INFO [twinkle_VACFfEJ]       StepMonitoring.java:93   | PAGE
2019-04-23 15:11:36,601 INFO [twinkle_VACFfEJ]            SheetStub.java:974  | Stub#1 storing
2019-04-23 15:11:36,614 INFO [twinkle_VACFfEJ]                 Book.java:1660 | Stored /book.xml
2019-04-23 15:11:36,734 INFO [twinkle_VACFfEJ]              Picture.java:784  | Stored /sheet#1/BINARY.xml
2019-04-23 15:11:37,928 INFO [twinkle_VACFfEJ]                Sheet.java:1246 | Stored /sheet#1/sheet#1.xml
2019-04-23 15:11:37,951 INFO [twinkle_VACFfEJ]            SheetStub.java:979  | Sheet{twinkle_VACFfEJ} disposed
2019-04-23 15:11:38,402 INFO [twinkle_VACFfEJ]            SheetStub.java:632  | Loaded /sheet#1/sheet#1.xml
2019-04-23 15:11:38,421 INFO [twinkle_VACFfEJ]                 Book.java:1451 | Scores built: 1
2019-04-23 15:11:40,647 INFO [twinkle_VACFfEJ]        ScoreExporter.java:88   | Score twinkle_VACFfEJ exported to media\mxl\twinkle_VACFfEJ\twinkle_VACFfEJ.mxl
2019-04-23 15:11:40,878 INFO [twinkle_VACFfEJ]                 Book.java:1660 | Stored /book.xml
2019-04-23 15:11:40,879 INFO [twinkle_VACFfEJ]                 Book.java:1613 | Book stored as media\mxl\twinkle_VACFfEJ\twinkle_VACFfEJ.omr
