2019-04-17 23:44:22,027 INFO [twinkle_Sn0NaXi]                 Book.java:473  | 1 sheet in media\sheets\twinkle_Sn0NaXi.pdf
2019-04-17 23:44:22,572 INFO []                 Book.java:1660 | Stored /book.xml
2019-04-17 23:44:22,572 INFO []                 Book.java:1613 | Book stored as media\mxl\twinkle_Sn0NaXi\twinkle_Sn0NaXi.omr
2019-04-17 23:44:22,590 INFO []                 Book.java:1327 | Book reaching PAGE on sheets:[#1]
2019-04-17 23:44:22,597 INFO [twinkle_Sn0NaXi]       StepMonitoring.java:93   | LOAD
2019-04-17 23:44:23,651 INFO [twinkle_Sn0NaXi]                 Book.java:1226 | Loaded image 1 2549x3299 from media\sheets\twinkle_Sn0NaXi.pdf
2019-04-17 23:44:23,657 INFO [twinkle_Sn0NaXi]       StepMonitoring.java:93   | BINARY
2019-04-17 23:44:24,646 INFO [twinkle_Sn0NaXi]       StepMonitoring.java:93   | SCALE
2019-04-17 23:44:24,677 INFO [twinkle_Sn0NaXi]         ScaleBuilder.java:557  | Second combo peak too different (182,182,182), ignored
2019-04-17 23:44:24,682 INFO [twinkle_Sn0NaXi]         ScaleBuilder.java:492  | Beam minHeight:5 maxHeight:17 quorum:689
2019-04-17 23:44:24,684 INFO [twinkle_Sn0NaXi]         ScaleBuilder.java:235  | No beam key found, guessed value: 11
2019-04-17 23:44:24,686 INFO [twinkle_Sn0NaXi]            ScaleStep.java:84   | Scale{line(1,1,2) interline(17,18,18) beam(11 extra)}
2019-04-17 23:44:24,687 INFO [twinkle_Sn0NaXi]       StepMonitoring.java:93   | GRID
2019-04-17 23:44:25,077 INFO [twinkle_Sn0NaXi]       LinesRetriever.java:447  | Global slope: 0.00000
2019-04-17 23:44:25,130 INFO [twinkle_Sn0NaXi]    ClustersRetriever.java:235  | Retrieved line clusters: 3 of size: 5 with interline: interline(17,18,18)
2019-04-17 23:44:25,269 INFO [twinkle_Sn0NaXi]            PeakGraph.java:177  | Systems: #1[1] #2[2] #3[3]
2019-04-17 23:44:25,745 INFO [twinkle_Sn0NaXi]        SystemManager.java:731  | 1 part along 3 systems
2019-04-17 23:44:25,749 INFO [twinkle_Sn0NaXi]       StepMonitoring.java:93   | HEADERS
2019-04-17 23:44:26,356 INFO [twinkle_Sn0NaXi]      BasicClassifier.java:362  | Classifier loaded XML norms.
2019-04-17 23:44:26,366 INFO [twinkle_Sn0NaXi]   AbstractClassifier.java:348  | Classifier data loaded from default uri file:///C:/Users/Ally/My%20Documents/Capstone/CapstoneDB/res/basic-classifier.zip
2019-04-17 23:44:27,688 INFO [twinkle_Sn0NaXi]       StepMonitoring.java:93   | STEM_SEEDS
2019-04-17 23:44:27,785 INFO [twinkle_Sn0NaXi]        StemSeedsStep.java:93   | stem(1 max:4)
2019-04-17 23:44:27,841 INFO [twinkle_Sn0NaXi]       StepMonitoring.java:93   | BEAMS
2019-04-17 23:44:34,452 INFO [twinkle_Sn0NaXi]       BlackHeadSizer.java:95   | Spots black-head retrieval diameter: 16.2
2019-04-17 23:44:34,521 INFO [twinkle_Sn0NaXi]       BlackHeadSizer.java:243  | Core black head count: 16 blackHead(width:21.0~0.0 height:17.8~1.0)
2019-04-17 23:44:34,528 INFO [twinkle_Sn0NaXi]       BlackHeadSizer.java:248  | MusicFont{name:MusicalSymbols pointSize:70}
2019-04-17 23:44:34,599 INFO [twinkle_Sn0NaXi]       StepMonitoring.java:93   | LEDGERS
2019-04-17 23:44:34,810 INFO [twinkle_Sn0NaXi]       StepMonitoring.java:93   | HEADS
2019-04-17 23:44:37,067 INFO [twinkle_Sn0NaXi]       StepMonitoring.java:93   | STEMS
2019-04-17 23:44:37,244 INFO [twinkle_Sn0NaXi]       StepMonitoring.java:93   | REDUCTION
2019-04-17 23:44:37,313 INFO [twinkle_Sn0NaXi]       StepMonitoring.java:93   | CUE_BEAMS
2019-04-17 23:44:37,317 INFO [twinkle_Sn0NaXi]       StepMonitoring.java:93   | TEXTS
2019-04-17 23:44:41,877 INFO [twinkle_Sn0NaXi]       StepMonitoring.java:93   | MEASURES
2019-04-17 23:44:41,909 INFO [twinkle_Sn0NaXi]                 Page.java:251  | 12 raw measures: [4 in system#1, 4 in system#2, 4 in system#3]
2019-04-17 23:44:41,910 INFO [twinkle_Sn0NaXi]       StepMonitoring.java:93   | CHORDS
2019-04-17 23:44:41,941 INFO [twinkle_Sn0NaXi]       StepMonitoring.java:93   | CURVES
2019-04-17 23:44:43,227 INFO [twinkle_Sn0NaXi]         SlursBuilder.java:156  | Slurs: 0
2019-04-17 23:44:43,257 INFO [twinkle_Sn0NaXi]      SegmentsBuilder.java:110  | Segments: 20
2019-04-17 23:44:43,273 INFO [twinkle_Sn0NaXi]       StepMonitoring.java:93   | SYMBOLS
2019-04-17 23:44:43,599 INFO [twinkle_Sn0NaXi]       StepMonitoring.java:93   | LINKS
2019-04-17 23:44:43,630 INFO [twinkle_Sn0NaXi]       StepMonitoring.java:93   | RHYTHMS
2019-04-17 23:44:43,732 INFO [twinkle_Sn0NaXi]       StepMonitoring.java:93   | PAGE
2019-04-17 23:44:43,747 INFO [twinkle_Sn0NaXi]            SheetStub.java:974  | Stub#1 storing
2019-04-17 23:44:43,759 INFO [twinkle_Sn0NaXi]                 Book.java:1660 | Stored /book.xml
2019-04-17 23:44:43,957 INFO [twinkle_Sn0NaXi]              Picture.java:784  | Stored /sheet#1/BINARY.xml
2019-04-17 23:44:44,642 INFO [twinkle_Sn0NaXi]                Sheet.java:1246 | Stored /sheet#1/sheet#1.xml
2019-04-17 23:44:44,684 INFO [twinkle_Sn0NaXi]            SheetStub.java:979  | Sheet{twinkle_Sn0NaXi} disposed
2019-04-17 23:44:45,371 INFO [twinkle_Sn0NaXi]            SheetStub.java:632  | Loaded /sheet#1/sheet#1.xml
2019-04-17 23:44:45,373 INFO [twinkle_Sn0NaXi]                 Book.java:1451 | Scores built: 1
2019-04-17 23:44:48,777 INFO [twinkle_Sn0NaXi]        ScoreExporter.java:88   | Score twinkle_Sn0NaXi exported to media\mxl\twinkle_Sn0NaXi\twinkle_Sn0NaXi.mxl
2019-04-17 23:44:49,117 INFO [twinkle_Sn0NaXi]                 Book.java:1660 | Stored /book.xml
2019-04-17 23:44:49,117 INFO [twinkle_Sn0NaXi]                 Book.java:1613 | Book stored as media\mxl\twinkle_Sn0NaXi\twinkle_Sn0NaXi.omr
