2019-04-18 01:08:16,639 INFO [twinkle_L64SBw8]                 Book.java:473  | 1 sheet in media\sheets\twinkle_L64SBw8.pdf
2019-04-18 01:08:16,967 INFO []                 Book.java:1660 | Stored /book.xml
2019-04-18 01:08:16,969 INFO []                 Book.java:1613 | Book stored as media\mxl\twinkle_L64SBw8\twinkle_L64SBw8.omr
2019-04-18 01:08:17,023 INFO []                 Book.java:1327 | Book reaching PAGE on sheets:[#1]
2019-04-18 01:08:17,028 INFO [twinkle_L64SBw8]       StepMonitoring.java:93   | LOAD
2019-04-18 01:08:17,680 INFO [twinkle_L64SBw8]                 Book.java:1226 | Loaded image 1 2549x3299 from media\sheets\twinkle_L64SBw8.pdf
2019-04-18 01:08:17,688 INFO [twinkle_L64SBw8]       StepMonitoring.java:93   | BINARY
2019-04-18 01:08:18,521 INFO [twinkle_L64SBw8]       StepMonitoring.java:93   | SCALE
2019-04-18 01:08:18,547 INFO [twinkle_L64SBw8]         ScaleBuilder.java:557  | Second combo peak too different (182,182,182), ignored
2019-04-18 01:08:18,555 INFO [twinkle_L64SBw8]         ScaleBuilder.java:492  | Beam minHeight:5 maxHeight:17 quorum:689
2019-04-18 01:08:18,556 INFO [twinkle_L64SBw8]         ScaleBuilder.java:235  | No beam key found, guessed value: 11
2019-04-18 01:08:18,557 INFO [twinkle_L64SBw8]            ScaleStep.java:84   | Scale{line(1,1,2) interline(17,18,18) beam(11 extra)}
2019-04-18 01:08:18,558 INFO [twinkle_L64SBw8]       StepMonitoring.java:93   | GRID
2019-04-18 01:08:18,892 INFO [twinkle_L64SBw8]       LinesRetriever.java:447  | Global slope: 0.00000
2019-04-18 01:08:18,940 INFO [twinkle_L64SBw8]    ClustersRetriever.java:235  | Retrieved line clusters: 3 of size: 5 with interline: interline(17,18,18)
2019-04-18 01:08:19,062 INFO [twinkle_L64SBw8]            PeakGraph.java:177  | Systems: #1[1] #2[2] #3[3]
2019-04-18 01:08:19,368 INFO [twinkle_L64SBw8]        SystemManager.java:731  | 1 part along 3 systems
2019-04-18 01:08:19,373 INFO [twinkle_L64SBw8]       StepMonitoring.java:93   | HEADERS
2019-04-18 01:08:19,768 INFO [twinkle_L64SBw8]      BasicClassifier.java:362  | Classifier loaded XML norms.
2019-04-18 01:08:19,779 INFO [twinkle_L64SBw8]   AbstractClassifier.java:348  | Classifier data loaded from default uri file:///C:/Users/Ally/My%20Documents/Capstone/CapstoneDB/res/basic-classifier.zip
2019-04-18 01:08:20,807 INFO [twinkle_L64SBw8]       StepMonitoring.java:93   | STEM_SEEDS
2019-04-18 01:08:20,878 INFO [twinkle_L64SBw8]        StemSeedsStep.java:93   | stem(1 max:4)
2019-04-18 01:08:20,925 INFO [twinkle_L64SBw8]       StepMonitoring.java:93   | BEAMS
2019-04-18 01:08:25,747 INFO [twinkle_L64SBw8]       BlackHeadSizer.java:95   | Spots black-head retrieval diameter: 16.2
2019-04-18 01:08:25,791 INFO [twinkle_L64SBw8]       BlackHeadSizer.java:243  | Core black head count: 16 blackHead(width:21.0~0.0 height:17.8~1.0)
2019-04-18 01:08:25,795 INFO [twinkle_L64SBw8]       BlackHeadSizer.java:248  | MusicFont{name:MusicalSymbols pointSize:70}
2019-04-18 01:08:25,851 INFO [twinkle_L64SBw8]       StepMonitoring.java:93   | LEDGERS
2019-04-18 01:08:26,019 INFO [twinkle_L64SBw8]       StepMonitoring.java:93   | HEADS
2019-04-18 01:08:27,525 INFO [twinkle_L64SBw8]       StepMonitoring.java:93   | STEMS
2019-04-18 01:08:27,674 INFO [twinkle_L64SBw8]       StepMonitoring.java:93   | REDUCTION
2019-04-18 01:08:27,755 INFO [twinkle_L64SBw8]       StepMonitoring.java:93   | CUE_BEAMS
2019-04-18 01:08:27,774 INFO [twinkle_L64SBw8]       StepMonitoring.java:93   | TEXTS
2019-04-18 01:08:30,578 INFO [twinkle_L64SBw8]       StepMonitoring.java:93   | MEASURES
2019-04-18 01:08:30,601 INFO [twinkle_L64SBw8]                 Page.java:251  | 12 raw measures: [4 in system#1, 4 in system#2, 4 in system#3]
2019-04-18 01:08:30,602 INFO [twinkle_L64SBw8]       StepMonitoring.java:93   | CHORDS
2019-04-18 01:08:30,628 INFO [twinkle_L64SBw8]       StepMonitoring.java:93   | CURVES
2019-04-18 01:08:31,558 INFO [twinkle_L64SBw8]         SlursBuilder.java:156  | Slurs: 0
2019-04-18 01:08:31,577 INFO [twinkle_L64SBw8]      SegmentsBuilder.java:110  | Segments: 20
2019-04-18 01:08:31,588 INFO [twinkle_L64SBw8]       StepMonitoring.java:93   | SYMBOLS
2019-04-18 01:08:31,817 INFO [twinkle_L64SBw8]       StepMonitoring.java:93   | LINKS
2019-04-18 01:08:31,838 INFO [twinkle_L64SBw8]       StepMonitoring.java:93   | RHYTHMS
2019-04-18 01:08:31,914 INFO [twinkle_L64SBw8]       StepMonitoring.java:93   | PAGE
2019-04-18 01:08:31,927 INFO [twinkle_L64SBw8]            SheetStub.java:974  | Stub#1 storing
2019-04-18 01:08:31,937 INFO [twinkle_L64SBw8]                 Book.java:1660 | Stored /book.xml
2019-04-18 01:08:32,085 INFO [twinkle_L64SBw8]              Picture.java:784  | Stored /sheet#1/BINARY.xml
2019-04-18 01:08:32,543 INFO [twinkle_L64SBw8]                Sheet.java:1246 | Stored /sheet#1/sheet#1.xml
2019-04-18 01:08:32,561 INFO [twinkle_L64SBw8]            SheetStub.java:979  | Sheet{twinkle_L64SBw8} disposed
2019-04-18 01:08:33,023 INFO [twinkle_L64SBw8]            SheetStub.java:632  | Loaded /sheet#1/sheet#1.xml
2019-04-18 01:08:33,026 INFO [twinkle_L64SBw8]                 Book.java:1451 | Scores built: 1
2019-04-18 01:08:35,256 INFO [twinkle_L64SBw8]        ScoreExporter.java:88   | Score twinkle_L64SBw8 exported to media\mxl\twinkle_L64SBw8\twinkle_L64SBw8.mxl
2019-04-18 01:08:35,435 INFO [twinkle_L64SBw8]                 Book.java:1660 | Stored /book.xml
2019-04-18 01:08:35,435 INFO [twinkle_L64SBw8]                 Book.java:1613 | Book stored as media\mxl\twinkle_L64SBw8\twinkle_L64SBw8.omr
