2019-04-18 00:25:54,776 INFO [twinkle_4ofXf39]                 Book.java:473  | 1 sheet in media\sheets\twinkle_4ofXf39.pdf
2019-04-18 00:25:55,246 INFO []                 Book.java:1660 | Stored /book.xml
2019-04-18 00:25:55,246 INFO []                 Book.java:1613 | Book stored as media\mxl\twinkle_4ofXf39\twinkle_4ofXf39.omr
2019-04-18 00:25:55,284 INFO []                 Book.java:1327 | Book reaching PAGE on sheets:[#1]
2019-04-18 00:25:55,290 INFO [twinkle_4ofXf39]       StepMonitoring.java:93   | LOAD
2019-04-18 00:25:56,453 INFO [twinkle_4ofXf39]                 Book.java:1226 | Loaded image 1 2549x3299 from media\sheets\twinkle_4ofXf39.pdf
2019-04-18 00:25:56,464 INFO [twinkle_4ofXf39]       StepMonitoring.java:93   | BINARY
2019-04-18 00:25:57,775 INFO [twinkle_4ofXf39]       StepMonitoring.java:93   | SCALE
2019-04-18 00:25:57,811 INFO [twinkle_4ofXf39]         ScaleBuilder.java:557  | Second combo peak too different (182,182,182), ignored
2019-04-18 00:25:57,819 INFO [twinkle_4ofXf39]         ScaleBuilder.java:492  | Beam minHeight:5 maxHeight:17 quorum:689
2019-04-18 00:25:57,821 INFO [twinkle_4ofXf39]         ScaleBuilder.java:235  | No beam key found, guessed value: 11
2019-04-18 00:25:57,821 INFO [twinkle_4ofXf39]            ScaleStep.java:84   | Scale{line(1,1,2) interline(17,18,18) beam(11 extra)}
2019-04-18 00:25:57,821 INFO [twinkle_4ofXf39]       StepMonitoring.java:93   | GRID
2019-04-18 00:25:58,285 INFO [twinkle_4ofXf39]       LinesRetriever.java:447  | Global slope: 0.00000
2019-04-18 00:25:58,340 INFO [twinkle_4ofXf39]    ClustersRetriever.java:235  | Retrieved line clusters: 3 of size: 5 with interline: interline(17,18,18)
2019-04-18 00:25:58,487 INFO [twinkle_4ofXf39]            PeakGraph.java:177  | Systems: #1[1] #2[2] #3[3]
2019-04-18 00:25:58,887 INFO [twinkle_4ofXf39]        SystemManager.java:731  | 1 part along 3 systems
2019-04-18 00:25:58,892 INFO [twinkle_4ofXf39]       StepMonitoring.java:93   | HEADERS
2019-04-18 00:25:59,407 INFO [twinkle_4ofXf39]      BasicClassifier.java:362  | Classifier loaded XML norms.
2019-04-18 00:25:59,420 INFO [twinkle_4ofXf39]   AbstractClassifier.java:348  | Classifier data loaded from default uri file:///C:/Users/Ally/My%20Documents/Capstone/CapstoneDB/res/basic-classifier.zip
2019-04-18 00:26:00,880 INFO [twinkle_4ofXf39]       StepMonitoring.java:93   | STEM_SEEDS
2019-04-18 00:26:00,976 INFO [twinkle_4ofXf39]        StemSeedsStep.java:93   | stem(1 max:4)
2019-04-18 00:26:01,037 INFO [twinkle_4ofXf39]       StepMonitoring.java:93   | BEAMS
2019-04-18 00:26:09,329 INFO [twinkle_4ofXf39]       BlackHeadSizer.java:95   | Spots black-head retrieval diameter: 16.2
2019-04-18 00:26:09,384 INFO [twinkle_4ofXf39]       BlackHeadSizer.java:243  | Core black head count: 16 blackHead(width:21.0~0.0 height:17.8~1.0)
2019-04-18 00:26:09,393 INFO [twinkle_4ofXf39]       BlackHeadSizer.java:248  | MusicFont{name:MusicalSymbols pointSize:70}
2019-04-18 00:26:09,471 INFO [twinkle_4ofXf39]       StepMonitoring.java:93   | LEDGERS
2019-04-18 00:26:09,707 INFO [twinkle_4ofXf39]       StepMonitoring.java:93   | HEADS
2019-04-18 00:26:11,764 INFO [twinkle_4ofXf39]       StepMonitoring.java:93   | STEMS
2019-04-18 00:26:11,963 INFO [twinkle_4ofXf39]       StepMonitoring.java:93   | REDUCTION
2019-04-18 00:26:12,041 INFO [twinkle_4ofXf39]       StepMonitoring.java:93   | CUE_BEAMS
2019-04-18 00:26:12,043 INFO [twinkle_4ofXf39]       StepMonitoring.java:93   | TEXTS
2019-04-18 00:26:16,526 INFO [twinkle_4ofXf39]       StepMonitoring.java:93   | MEASURES
2019-04-18 00:26:16,555 INFO [twinkle_4ofXf39]                 Page.java:251  | 12 raw measures: [4 in system#1, 4 in system#2, 4 in system#3]
2019-04-18 00:26:16,556 INFO [twinkle_4ofXf39]       StepMonitoring.java:93   | CHORDS
2019-04-18 00:26:16,627 INFO [twinkle_4ofXf39]       StepMonitoring.java:93   | CURVES
2019-04-18 00:26:18,057 INFO [twinkle_4ofXf39]         SlursBuilder.java:156  | Slurs: 0
2019-04-18 00:26:18,076 INFO [twinkle_4ofXf39]      SegmentsBuilder.java:110  | Segments: 20
2019-04-18 00:26:18,097 INFO [twinkle_4ofXf39]       StepMonitoring.java:93   | SYMBOLS
2019-04-18 00:26:18,387 INFO [twinkle_4ofXf39]       StepMonitoring.java:93   | LINKS
2019-04-18 00:26:18,419 INFO [twinkle_4ofXf39]       StepMonitoring.java:93   | RHYTHMS
2019-04-18 00:26:18,496 INFO [twinkle_4ofXf39]       StepMonitoring.java:93   | PAGE
2019-04-18 00:26:18,514 INFO [twinkle_4ofXf39]            SheetStub.java:974  | Stub#1 storing
2019-04-18 00:26:18,527 INFO [twinkle_4ofXf39]                 Book.java:1660 | Stored /book.xml
2019-04-18 00:26:18,707 INFO [twinkle_4ofXf39]              Picture.java:784  | Stored /sheet#1/BINARY.xml
2019-04-18 00:26:19,592 INFO [twinkle_4ofXf39]                Sheet.java:1246 | Stored /sheet#1/sheet#1.xml
2019-04-18 00:26:19,621 INFO [twinkle_4ofXf39]            SheetStub.java:979  | Sheet{twinkle_4ofXf39} disposed
2019-04-18 00:26:20,513 INFO [twinkle_4ofXf39]            SheetStub.java:632  | Loaded /sheet#1/sheet#1.xml
2019-04-18 00:26:20,520 INFO [twinkle_4ofXf39]                 Book.java:1451 | Scores built: 1
2019-04-18 00:26:23,958 INFO [twinkle_4ofXf39]        ScoreExporter.java:88   | Score twinkle_4ofXf39 exported to media\mxl\twinkle_4ofXf39\twinkle_4ofXf39.mxl
2019-04-18 00:26:24,261 INFO [twinkle_4ofXf39]                 Book.java:1660 | Stored /book.xml
2019-04-18 00:26:24,262 INFO [twinkle_4ofXf39]                 Book.java:1613 | Book stored as media\mxl\twinkle_4ofXf39\twinkle_4ofXf39.omr
