2019-04-18 00:45:56,721 INFO [twinkle_xvIBkZd]                 Book.java:473  | 1 sheet in media\sheets\twinkle_xvIBkZd.pdf
2019-04-18 00:45:57,146 INFO []                 Book.java:1660 | Stored /book.xml
2019-04-18 00:45:57,147 INFO []                 Book.java:1613 | Book stored as media\mxl\twinkle_xvIBkZd\twinkle_xvIBkZd.omr
2019-04-18 00:45:57,172 INFO []                 Book.java:1327 | Book reaching PAGE on sheets:[#1]
2019-04-18 00:45:57,178 INFO [twinkle_xvIBkZd]       StepMonitoring.java:93   | LOAD
2019-04-18 00:45:58,133 INFO [twinkle_xvIBkZd]                 Book.java:1226 | Loaded image 1 2549x3299 from media\sheets\twinkle_xvIBkZd.pdf
2019-04-18 00:45:58,157 INFO [twinkle_xvIBkZd]       StepMonitoring.java:93   | BINARY
2019-04-18 00:45:59,336 INFO [twinkle_xvIBkZd]       StepMonitoring.java:93   | SCALE
2019-04-18 00:45:59,363 INFO [twinkle_xvIBkZd]         ScaleBuilder.java:557  | Second combo peak too different (182,182,182), ignored
2019-04-18 00:45:59,371 INFO [twinkle_xvIBkZd]         ScaleBuilder.java:492  | Beam minHeight:5 maxHeight:17 quorum:689
2019-04-18 00:45:59,371 INFO [twinkle_xvIBkZd]         ScaleBuilder.java:235  | No beam key found, guessed value: 11
2019-04-18 00:45:59,372 INFO [twinkle_xvIBkZd]            ScaleStep.java:84   | Scale{line(1,1,2) interline(17,18,18) beam(11 extra)}
2019-04-18 00:45:59,374 INFO [twinkle_xvIBkZd]       StepMonitoring.java:93   | GRID
2019-04-18 00:45:59,740 INFO [twinkle_xvIBkZd]       LinesRetriever.java:447  | Global slope: 0.00000
2019-04-18 00:45:59,799 INFO [twinkle_xvIBkZd]    ClustersRetriever.java:235  | Retrieved line clusters: 3 of size: 5 with interline: interline(17,18,18)
2019-04-18 00:45:59,956 INFO [twinkle_xvIBkZd]            PeakGraph.java:177  | Systems: #1[1] #2[2] #3[3]
2019-04-18 00:46:00,271 INFO [twinkle_xvIBkZd]        SystemManager.java:731  | 1 part along 3 systems
2019-04-18 00:46:00,273 INFO [twinkle_xvIBkZd]       StepMonitoring.java:93   | HEADERS
2019-04-18 00:46:00,693 INFO [twinkle_xvIBkZd]      BasicClassifier.java:362  | Classifier loaded XML norms.
2019-04-18 00:46:00,703 INFO [twinkle_xvIBkZd]   AbstractClassifier.java:348  | Classifier data loaded from default uri file:///C:/Users/Ally/My%20Documents/Capstone/CapstoneDB/res/basic-classifier.zip
2019-04-18 00:46:01,737 INFO [twinkle_xvIBkZd]       StepMonitoring.java:93   | STEM_SEEDS
2019-04-18 00:46:01,818 INFO [twinkle_xvIBkZd]        StemSeedsStep.java:93   | stem(1 max:4)
2019-04-18 00:46:01,855 INFO [twinkle_xvIBkZd]       StepMonitoring.java:93   | BEAMS
2019-04-18 00:46:06,395 INFO [twinkle_xvIBkZd]       BlackHeadSizer.java:95   | Spots black-head retrieval diameter: 16.2
2019-04-18 00:46:06,447 INFO [twinkle_xvIBkZd]       BlackHeadSizer.java:243  | Core black head count: 16 blackHead(width:21.0~0.0 height:17.8~1.0)
2019-04-18 00:46:06,451 INFO [twinkle_xvIBkZd]       BlackHeadSizer.java:248  | MusicFont{name:MusicalSymbols pointSize:70}
2019-04-18 00:46:06,505 INFO [twinkle_xvIBkZd]       StepMonitoring.java:93   | LEDGERS
2019-04-18 00:46:06,663 INFO [twinkle_xvIBkZd]       StepMonitoring.java:93   | HEADS
2019-04-18 00:46:08,194 INFO [twinkle_xvIBkZd]       StepMonitoring.java:93   | STEMS
2019-04-18 00:46:08,333 INFO [twinkle_xvIBkZd]       StepMonitoring.java:93   | REDUCTION
2019-04-18 00:46:08,401 INFO [twinkle_xvIBkZd]       StepMonitoring.java:93   | CUE_BEAMS
2019-04-18 00:46:08,403 INFO [twinkle_xvIBkZd]       StepMonitoring.java:93   | TEXTS
2019-04-18 00:46:11,301 INFO [twinkle_xvIBkZd]       StepMonitoring.java:93   | MEASURES
2019-04-18 00:46:11,319 INFO [twinkle_xvIBkZd]                 Page.java:251  | 12 raw measures: [4 in system#1, 4 in system#2, 4 in system#3]
2019-04-18 00:46:11,320 INFO [twinkle_xvIBkZd]       StepMonitoring.java:93   | CHORDS
2019-04-18 00:46:11,343 INFO [twinkle_xvIBkZd]       StepMonitoring.java:93   | CURVES
2019-04-18 00:46:12,174 INFO [twinkle_xvIBkZd]         SlursBuilder.java:156  | Slurs: 0
2019-04-18 00:46:12,185 INFO [twinkle_xvIBkZd]      SegmentsBuilder.java:110  | Segments: 20
2019-04-18 00:46:12,200 INFO [twinkle_xvIBkZd]       StepMonitoring.java:93   | SYMBOLS
2019-04-18 00:46:12,426 INFO [twinkle_xvIBkZd]       StepMonitoring.java:93   | LINKS
2019-04-18 00:46:12,454 INFO [twinkle_xvIBkZd]       StepMonitoring.java:93   | RHYTHMS
2019-04-18 00:46:12,534 INFO [twinkle_xvIBkZd]       StepMonitoring.java:93   | PAGE
2019-04-18 00:46:12,549 INFO [twinkle_xvIBkZd]            SheetStub.java:974  | Stub#1 storing
2019-04-18 00:46:12,564 INFO [twinkle_xvIBkZd]                 Book.java:1660 | Stored /book.xml
2019-04-18 00:46:12,708 INFO [twinkle_xvIBkZd]              Picture.java:784  | Stored /sheet#1/BINARY.xml
2019-04-18 00:46:13,162 INFO [twinkle_xvIBkZd]                Sheet.java:1246 | Stored /sheet#1/sheet#1.xml
2019-04-18 00:46:13,199 INFO [twinkle_xvIBkZd]            SheetStub.java:979  | Sheet{twinkle_xvIBkZd} disposed
2019-04-18 00:46:13,701 INFO [twinkle_xvIBkZd]            SheetStub.java:632  | Loaded /sheet#1/sheet#1.xml
2019-04-18 00:46:13,703 INFO [twinkle_xvIBkZd]                 Book.java:1451 | Scores built: 1
2019-04-18 00:46:16,012 INFO [twinkle_xvIBkZd]        ScoreExporter.java:88   | Score twinkle_xvIBkZd exported to media\mxl\twinkle_xvIBkZd\twinkle_xvIBkZd.mxl
2019-04-18 00:46:16,155 INFO [twinkle_xvIBkZd]                 Book.java:1660 | Stored /book.xml
2019-04-18 00:46:16,156 INFO [twinkle_xvIBkZd]                 Book.java:1613 | Book stored as media\mxl\twinkle_xvIBkZd\twinkle_xvIBkZd.omr
